15:16:47 [INFO] Curriculum: 6000 steps with homogeneous k, then variable k
15:37:09 [INFO] [Adam 1000/20000  5.0%] loss=8.9340e-01  pde=6.480e-01  bc=4.909e-03
15:58:01 [INFO] [Adam 2000/20000  10.0%] loss=1.0605e+00  pde=4.488e-01  bc=1.223e-02
16:17:30 [INFO] [Adam 3000/20000  15.0%] loss=2.0748e+00  pde=3.053e-01  bc=3.539e-02
16:33:49 [INFO] [Adam 4000/20000  20.0%] loss=1.6697e-01  pde=1.226e-01  bc=8.877e-04
16:49:35 [INFO] [Adam 5000/20000  25.0%] loss=5.3385e-01  pde=3.592e-01  bc=3.494e-03
17:08:26 [INFO] [Adam 6000/20000  30.0%] loss=3.0944e-01  pde=1.781e-01  bc=2.627e-03
17:08:26 [INFO] >>> Curriculum switch: homogeneous k -> variable k
17:26:33 [INFO] [Adam 7000/20000  35.0%] loss=5.9820e+00  pde=5.943e+00  bc=7.756e-04
17:48:26 [INFO] [Adam 8000/20000  40.0%] loss=4.9530e+00  pde=4.630e+00  bc=6.453e-03
18:10:41 [INFO] [Adam 9000/20000  45.0%] loss=7.1223e+00  pde=6.967e+00  bc=3.096e-03
18:32:08 [INFO] [Adam 10000/20000  50.0%] loss=7.3427e+00  pde=6.967e+00  bc=7.522e-03
18:52:47 [INFO] [Adam 11000/20000  55.0%] loss=4.5037e+00  pde=4.485e+00  bc=3.746e-04
19:12:41 [INFO] [Adam 12000/20000  60.0%] loss=2.6323e+00  pde=2.318e+00  bc=6.278e-03
19:32:30 [INFO] [Adam 13000/20000  65.0%] loss=1.2663e+00  pde=5.669e-01  bc=1.399e-02
19:53:02 [INFO] [Adam 14000/20000  70.0%] loss=9.2167e-01  pde=6.616e-01  bc=5.201e-03
20:13:26 [INFO] [Adam 15000/20000  75.0%] loss=5.1224e-01  pde=3.517e-01  bc=3.211e-03
20:39:17 [INFO] [Adam 16000/20000  80.0%] loss=3.8060e-01  pde=3.336e-01  bc=9.394e-04
21:05:05 [INFO] [Adam 17000/20000  85.0%] loss=5.0645e-01  pde=4.058e-01  bc=2.012e-03
21:30:57 [INFO] [Adam 18000/20000  90.0%] loss=1.4343e-01  pde=1.181e-01  bc=5.070e-04
21:52:45 [INFO] [Adam 19000/20000  95.0%] loss=3.5145e-01  pde=2.165e-01  bc=2.699e-03
22:14:41 [INFO] [Adam 20000/20000  100.0%] loss=3.2897e-01  pde=2.620e-01  bc=1.339e-03
22:14:41 [INFO] L-BFGS start — Adam final loss (baseline): 3.2897e-01
22:15:42 [INFO] [LBFGS 2/50  99.8%] loss=7.6322e-01
22:16:42 [INFO] [LBFGS 4/50  99.8%] loss=4.4490e-01
22:17:42 [INFO] [LBFGS 6/50  99.8%] loss=2.7808e-01
22:18:48 [INFO] [LBFGS 8/50  99.8%] loss=2.0204e-01
22:19:54 [INFO] [LBFGS 10/50  99.8%] loss=1.5297e-01
22:21:01 [INFO] [LBFGS 12/50  99.8%] loss=1.2681e-01
22:22:06 [INFO] [LBFGS 14/50  99.8%] loss=1.0961e-01
22:23:10 [INFO] [LBFGS 16/50  99.8%] loss=9.5477e-02
22:24:16 [INFO] [LBFGS 18/50  99.8%] loss=8.5076e-02
22:25:25 [INFO] [LBFGS 20/50  99.9%] loss=7.9221e-02
22:26:29 [INFO] [LBFGS 22/50  99.9%] loss=7.3967e-02
22:27:38 [INFO] [LBFGS 24/50  99.9%] loss=6.9474e-02
22:28:49 [INFO] [LBFGS 26/50  99.9%] loss=6.5966e-02
22:29:54 [INFO] [LBFGS 28/50  99.9%] loss=6.2382e-02
22:31:02 [INFO] [LBFGS 30/50  99.9%] loss=5.9058e-02
22:32:12 [INFO] [LBFGS 32/50  99.9%] loss=5.5534e-02
22:33:17 [INFO] [LBFGS 34/50  99.9%] loss=5.3358e-02
22:34:27 [INFO] [LBFGS 36/50  99.9%] loss=5.0796e-02
22:35:40 [INFO] [LBFGS 38/50  99.9%] loss=4.8519e-02
22:36:46 [INFO] [LBFGS 40/50  100.0%] loss=4.5316e-02
22:37:55 [INFO] [LBFGS 42/50  100.0%] loss=4.3267e-02
22:39:03 [INFO] [LBFGS 44/50  100.0%] loss=4.1265e-02
22:40:13 [INFO] [LBFGS 46/50  100.0%] loss=3.9269e-02
22:41:23 [INFO] [LBFGS 48/50  100.0%] loss=3.7801e-02
22:42:32 [INFO] [LBFGS 50/50  100.0%] loss=3.6199e-02
22:42:32 [INFO] L-BFGS done — restored best state (loss=3.6199e-02)
22:42:32 [INFO] Adam2 fine-tuning: 1000 steps at lr=1.0e-05
23:05:49 [INFO] [Adam2 1000/1000] loss=5.3343e-02  pde=5.070e-02  bc=5.285e-05
23:05:49 [INFO] Modelo guardado: C:\usr\ths_mia_fiis\tesis_MIA_lk\examples\kim_2024_154kv_bedding\results_multilayer_dense\model_case_A.pt
23:08:39 [INFO] Curriculum: 6000 steps with homogeneous k, then variable k
23:31:08 [INFO] [Adam 1000/20000  5.0%] loss=1.4361e+00  pde=1.124e+00  bc=6.237e-03
23:53:28 [INFO] [Adam 2000/20000  10.0%] loss=1.7559e+00  pde=5.010e-01  bc=2.510e-02
00:15:33 [INFO] [Adam 3000/20000  15.0%] loss=1.2469e+00  pde=4.861e-01  bc=1.521e-02
00:39:36 [INFO] [Adam 4000/20000  20.0%] loss=2.3604e-01  pde=1.838e-01  bc=1.046e-03
01:02:44 [INFO] [Adam 5000/20000  25.0%] loss=6.7202e-01  pde=3.823e-01  bc=5.794e-03
01:24:38 [INFO] [Adam 6000/20000  30.0%] loss=6.1851e-01  pde=2.459e-01  bc=7.453e-03
01:24:38 [INFO] >>> Curriculum switch: homogeneous k -> variable k
01:46:42 [INFO] [Adam 7000/20000  35.0%] loss=4.3367e+01  pde=4.175e+01  bc=3.228e-02
02:08:33 [INFO] [Adam 8000/20000  40.0%] loss=3.1775e+01  pde=3.098e+01  bc=1.584e-02
02:30:27 [INFO] [Adam 9000/20000  45.0%] loss=4.3660e+01  pde=4.342e+01  bc=4.781e-03
02:52:09 [INFO] [Adam 10000/20000  50.0%] loss=4.4101e+01  pde=4.395e+01  bc=3.074e-03
03:13:56 [INFO] [Adam 11000/20000  55.0%] loss=1.1078e+01  pde=1.091e+01  bc=3.375e-03
03:35:47 [INFO] [Adam 12000/20000  60.0%] loss=6.0092e+00  pde=5.407e+00  bc=1.203e-02
03:57:37 [INFO] [Adam 13000/20000  65.0%] loss=1.7684e+00  pde=1.247e+00  bc=1.042e-02
04:19:23 [INFO] [Adam 14000/20000  70.0%] loss=1.1164e+00  pde=1.042e+00  bc=1.486e-03
04:41:11 [INFO] [Adam 15000/20000  75.0%] loss=1.0781e+00  pde=1.003e+00  bc=1.493e-03
05:03:08 [INFO] [Adam 16000/20000  80.0%] loss=9.0016e-01  pde=8.024e-01  bc=1.956e-03
05:24:51 [INFO] [Adam 17000/20000  85.0%] loss=5.7287e-01  pde=5.306e-01  bc=8.453e-04
05:46:36 [INFO] [Adam 18000/20000  90.0%] loss=2.6947e+00  pde=2.167e+00  bc=1.056e-02
06:08:52 [INFO] [Adam 19000/20000  95.0%] loss=2.5882e+00  pde=2.076e+00  bc=1.025e-02
06:30:38 [INFO] [Adam 20000/20000  100.0%] loss=1.3878e+00  pde=1.157e+00  bc=4.623e-03
06:30:38 [INFO] L-BFGS start — Adam final loss (baseline): 1.3878e+00
06:31:23 [INFO] [LBFGS 2/50  99.8%] loss=1.1094e+00
06:32:07 [INFO] [LBFGS 4/50  99.8%] loss=5.1753e-01
06:32:52 [INFO] [LBFGS 6/50  99.8%] loss=3.7126e-01
06:33:36 [INFO] [LBFGS 8/50  99.8%] loss=3.3629e-01
06:34:22 [INFO] [LBFGS 10/50  99.8%] loss=3.0544e-01
06:35:11 [INFO] [LBFGS 12/50  99.8%] loss=2.8391e-01
06:35:59 [INFO] [LBFGS 14/50  99.8%] loss=2.6936e-01
06:36:46 [INFO] [LBFGS 16/50  99.8%] loss=2.5017e-01
06:37:39 [INFO] [LBFGS 18/50  99.8%] loss=2.4004e-01
06:38:29 [INFO] [LBFGS 20/50  99.9%] loss=2.2842e-01
06:39:21 [INFO] [LBFGS 22/50  99.9%] loss=2.2094e-01
06:40:11 [INFO] [LBFGS 24/50  99.9%] loss=2.1233e-01
06:41:02 [INFO] [LBFGS 26/50  99.9%] loss=2.0529e-01
06:41:52 [INFO] [LBFGS 28/50  99.9%] loss=1.9715e-01
06:42:43 [INFO] [LBFGS 30/50  99.9%] loss=1.8908e-01
06:43:31 [INFO] [LBFGS 32/50  99.9%] loss=1.8337e-01
06:44:22 [INFO] [LBFGS 34/50  99.9%] loss=1.7740e-01
06:45:16 [INFO] [LBFGS 36/50  99.9%] loss=1.7174e-01
06:46:08 [INFO] [LBFGS 38/50  99.9%] loss=1.6783e-01
06:46:57 [INFO] [LBFGS 40/50  100.0%] loss=1.6339e-01
06:47:51 [INFO] [LBFGS 42/50  100.0%] loss=1.5833e-01
06:48:45 [INFO] [LBFGS 44/50  100.0%] loss=1.5367e-01
06:49:37 [INFO] [LBFGS 46/50  100.0%] loss=1.4907e-01
06:50:30 [INFO] [LBFGS 48/50  100.0%] loss=1.4514e-01
06:51:18 [INFO] [LBFGS 50/50  100.0%] loss=1.4032e-01
06:51:18 [INFO] L-BFGS done — restored best state (loss=1.4032e-01)
06:51:18 [INFO] Adam2 fine-tuning: 1000 steps at lr=1.0e-05
07:08:53 [INFO] [Adam2 1000/1000] loss=1.7773e-01  pde=1.742e-01  bc=6.999e-05
07:08:53 [INFO] Modelo guardado: C:\usr\ths_mia_fiis\tesis_MIA_lk\examples\kim_2024_154kv_bedding\results_multilayer_dense\model_case_B.pt
