22:14:16 [INFO] Device=cpu | Perfil=quick | red MLP64x4 (12737 params)
22:15:05 [INFO] [Adam 500/5000  9.1%] loss=1.0650e+03  pde=2.000e-01  bc_dirichlet=4.704e-03  interface_T=1.060e+02  interface_flux=6.287e-03  cable_flux=1.000e+00
22:15:54 [INFO] [Adam 1000/5000  18.2%] loss=1.0649e+03  pde=2.000e-01  bc_dirichlet=1.086e-03  interface_T=1.060e+02  interface_flux=4.287e-03  cable_flux=1.000e+00
22:16:42 [INFO] [Adam 1500/5000  27.3%] loss=1.0649e+03  pde=2.000e-01  bc_dirichlet=9.140e-04  interface_T=1.060e+02  interface_flux=2.449e-03  cable_flux=1.000e+00
22:17:29 [INFO] [Adam 2000/5000  36.4%] loss=1.0649e+03  pde=2.000e-01  bc_dirichlet=7.994e-04  interface_T=1.060e+02  interface_flux=1.233e-03  cable_flux=1.000e+00
22:18:18 [INFO] [Adam 2500/5000  45.5%] loss=1.0649e+03  pde=2.000e-01  bc_dirichlet=7.156e-04  interface_T=1.060e+02  interface_flux=5.583e-04  cable_flux=1.000e+00
22:19:06 [INFO] [Adam 3000/5000  54.5%] loss=1.0649e+03  pde=2.000e-01  bc_dirichlet=6.605e-04  interface_T=1.060e+02  interface_flux=2.333e-04  cable_flux=1.000e+00
22:19:51 [INFO] [Adam 3500/5000  63.6%] loss=1.0649e+03  pde=2.000e-01  bc_dirichlet=6.254e-04  interface_T=1.060e+02  interface_flux=1.172e-04  cable_flux=1.000e+00
22:20:37 [INFO] [Adam 4000/5000  72.7%] loss=1.0649e+03  pde=2.000e-01  bc_dirichlet=5.998e-04  interface_T=1.060e+02  interface_flux=6.924e-05  cable_flux=1.000e+00
22:21:22 [INFO] [Adam 4500/5000  81.8%] loss=1.0648e+03  pde=2.000e-01  bc_dirichlet=5.732e-04  interface_T=1.060e+02  interface_flux=4.504e-05  cable_flux=1.000e+00
22:22:11 [INFO] [Adam 5000/5000  90.9%] loss=1.0648e+03  pde=2.000e-01  bc_dirichlet=5.402e-04  interface_T=1.060e+02  interface_flux=3.052e-05  cable_flux=1.000e+00
22:22:12 [INFO] [LBFGS 2/25  91.6%] loss=1.0648e+03
22:22:13 [INFO] [LBFGS 4/25  92.4%] loss=1.0648e+03
22:22:14 [INFO] [LBFGS 6/25  93.1%] loss=1.0648e+03
22:22:15 [INFO] [LBFGS 8/25  93.8%] loss=1.0648e+03
22:22:16 [INFO] [LBFGS 10/25  94.5%] loss=1.0648e+03
22:22:17 [INFO] [LBFGS 12/25  95.3%] loss=1.0648e+03
22:22:18 [INFO] [LBFGS 14/25  96.0%] loss=1.0648e+03
22:22:19 [INFO] [LBFGS 16/25  96.7%] loss=1.0648e+03
22:22:20 [INFO] [LBFGS 18/25  97.5%] loss=1.0648e+03
22:22:21 [INFO] [LBFGS 20/25  98.2%] loss=1.0648e+03
22:22:22 [INFO] [LBFGS 22/25  98.9%] loss=1.0648e+03
22:22:23 [INFO] [LBFGS 24/25  99.6%] loss=1.0648e+03
22:22:23 [INFO] Training complete (100%). Final loss=1.0648e+03
22:22:23 [INFO] Modelo guardado: C:\usr\ths_mia_fiis\tesis_MIA_lk\examples\aras_2005_154kv\results\model_final.pt
22:30:15 [INFO] Device=cpu | Perfil=quick | red MLP64x4 (12737 params)
22:30:55 [INFO] [Adam 500/5000  9.1%] loss=5.7067e+00  pde=2.000e-01  bc_dirichlet=4.432e-02  interface_T=2.718e+02  interface_flux=6.355e-03  cable_flux=1.000e+00
22:31:40 [INFO] [Adam 1000/5000  18.2%] loss=5.3005e+00  pde=2.000e-01  bc_dirichlet=5.393e-03  interface_T=2.718e+02  interface_flux=4.663e-03  cable_flux=1.000e+00
22:32:45 [INFO] [Adam 1500/5000  27.3%] loss=5.2604e+00  pde=2.000e-01  bc_dirichlet=2.956e-03  interface_T=2.718e+02  interface_flux=3.089e-03  cable_flux=1.000e+00
22:33:32 [INFO] [Adam 2000/5000  36.4%] loss=5.2488e+00  pde=2.000e-01  bc_dirichlet=2.848e-03  interface_T=2.718e+02  interface_flux=2.036e-03  cable_flux=1.000e+00
22:34:22 [INFO] [Adam 2500/5000  45.5%] loss=5.2417e+00  pde=2.000e-01  bc_dirichlet=2.788e-03  interface_T=2.718e+02  interface_flux=1.384e-03  cable_flux=1.000e+00
22:35:02 [INFO] [Adam 3000/5000  54.5%] loss=5.2366e+00  pde=2.000e-01  bc_dirichlet=2.741e-03  interface_T=2.718e+02  interface_flux=9.241e-04  cable_flux=1.000e+00
22:35:43 [INFO] [Adam 3500/5000  63.6%] loss=5.3127e+00  pde=2.000e-01  bc_dirichlet=2.755e-03  interface_T=2.718e+02  interface_flux=8.511e-03  cable_flux=1.000e+00
22:36:21 [INFO] [Adam 4000/5000  72.7%] loss=5.2310e+00  pde=2.000e-01  bc_dirichlet=2.721e-03  interface_T=2.718e+02  interface_flux=3.818e-04  cable_flux=1.000e+00
22:37:02 [INFO] [Adam 4500/5000  81.8%] loss=5.2291e+00  pde=2.000e-01  bc_dirichlet=2.666e-03  interface_T=2.718e+02  interface_flux=2.474e-04  cable_flux=1.000e+00
22:37:41 [INFO] [Adam 5000/5000  90.9%] loss=5.2277e+00  pde=2.000e-01  bc_dirichlet=2.610e-03  interface_T=2.718e+02  interface_flux=1.579e-04  cable_flux=1.000e+00
22:37:46 [INFO] [LBFGS 2/25  91.6%] loss=5.2224e+00
22:37:51 [INFO] [LBFGS 4/25  92.4%] loss=5.2187e+00
22:37:55 [INFO] [LBFGS 6/25  93.1%] loss=5.2173e+00
22:37:59 [INFO] [LBFGS 8/25  93.8%] loss=5.2122e+00
22:38:00 [INFO] [LBFGS 10/25  94.5%] loss=5.2109e+00
22:38:01 [INFO] [LBFGS 12/25  95.3%] loss=5.2109e+00
22:38:02 [INFO] [LBFGS 14/25  96.0%] loss=5.2109e+00
22:38:03 [INFO] [LBFGS 16/25  96.7%] loss=5.2109e+00
22:38:04 [INFO] [LBFGS 18/25  97.5%] loss=5.2109e+00
22:38:06 [INFO] [LBFGS 20/25  98.2%] loss=5.2109e+00
22:38:07 [INFO] [LBFGS 22/25  98.9%] loss=5.2109e+00
22:38:09 [INFO] [LBFGS 24/25  99.6%] loss=5.2109e+00
22:38:09 [INFO] Training complete (100%). Final loss=5.2109e+00
22:38:09 [INFO] Modelo guardado: C:\usr\ths_mia_fiis\tesis_MIA_lk\examples\aras_2005_154kv\results\model_final.pt
07:29:57 [INFO] Device=cpu | Perfil=quick | red MLP64x4 (12737 params)
07:30:44 [INFO] [Adam 500/5000  9.1%] loss=7.0673e-01  pde=2.000e-01  bc_dirichlet=4.432e-02  interface_T=2.718e+02  interface_flux=6.355e-03  cable_flux=1.000e+00
07:31:31 [INFO] [Adam 1000/5000  18.2%] loss=3.0054e-01  pde=2.000e-01  bc_dirichlet=5.393e-03  interface_T=2.718e+02  interface_flux=4.663e-03  cable_flux=1.000e+00
07:32:18 [INFO] [Adam 1500/5000  27.3%] loss=2.6042e-01  pde=2.000e-01  bc_dirichlet=2.956e-03  interface_T=2.718e+02  interface_flux=3.088e-03  cable_flux=1.000e+00
07:33:06 [INFO] [Adam 2000/5000  36.4%] loss=2.4882e-01  pde=2.000e-01  bc_dirichlet=2.848e-03  interface_T=2.718e+02  interface_flux=2.035e-03  cable_flux=1.000e+00
07:33:54 [INFO] [Adam 2500/5000  45.5%] loss=2.4171e-01  pde=2.000e-01  bc_dirichlet=2.788e-03  interface_T=2.718e+02  interface_flux=1.384e-03  cable_flux=1.000e+00
07:34:41 [INFO] [Adam 3000/5000  54.5%] loss=2.3665e-01  pde=2.000e-01  bc_dirichlet=2.741e-03  interface_T=2.718e+02  interface_flux=9.240e-04  cable_flux=1.000e+00
07:35:28 [INFO] [Adam 3500/5000  63.6%] loss=4.6580e-01  pde=2.000e-01  bc_dirichlet=2.708e-03  interface_T=2.718e+02  interface_flux=2.387e-02  cable_flux=1.000e+00
07:36:15 [INFO] [Adam 4000/5000  72.7%] loss=2.3122e-01  pde=2.000e-01  bc_dirichlet=2.735e-03  interface_T=2.718e+02  interface_flux=3.871e-04  cable_flux=1.000e+00
07:37:02 [INFO] [Adam 4500/5000  81.8%] loss=2.2931e-01  pde=2.000e-01  bc_dirichlet=2.686e-03  interface_T=2.718e+02  interface_flux=2.445e-04  cable_flux=1.000e+00
07:37:50 [INFO] [Adam 5000/5000  90.9%] loss=2.2759e-01  pde=2.000e-01  bc_dirichlet=2.601e-03  interface_T=2.718e+02  interface_flux=1.582e-04  cable_flux=1.000e+00
07:37:57 [INFO] [LBFGS 2/25  91.6%] loss=2.2685e-01
07:38:02 [INFO] [LBFGS 4/25  92.4%] loss=2.2116e-01
07:38:07 [INFO] [LBFGS 6/25  93.1%] loss=2.1611e-01
07:38:13 [INFO] [LBFGS 8/25  93.8%] loss=2.1510e-01
07:38:18 [INFO] [LBFGS 10/25  94.5%] loss=2.1173e-01
07:38:23 [INFO] [LBFGS 12/25  95.3%] loss=2.0781e-01
07:38:28 [INFO] [LBFGS 14/25  96.0%] loss=2.0477e-01
07:38:34 [INFO] [LBFGS 16/25  96.7%] loss=2.0441e-01
07:38:38 [INFO] [LBFGS 18/25  97.5%] loss=2.0266e-01
07:38:39 [INFO] [LBFGS 20/25  98.2%] loss=2.0266e-01
07:38:40 [INFO] [LBFGS 22/25  98.9%] loss=2.0266e-01
07:38:41 [INFO] [LBFGS 24/25  99.6%] loss=2.0266e-01
07:38:42 [INFO] Training complete (100%). Final loss=2.0266e-01
07:38:42 [INFO] Modelo guardado: C:\usr\ths_mia_fiis\tesis_MIA_lk\examples\aras_2005_154kv\results\model_final.pt
07:47:28 [INFO] Device=cpu | Perfil=quick | red MLP64x4 (12737 params)
07:49:14 [INFO] [Adam 500/5000  9.1%] loss=7.9805e+11  pde=2.119e+05  bc_dirichlet=7.811e+01  interface_T=2.028e+02  interface_flux=7.981e+10  cable_flux=1.302e+00
07:50:41 [INFO] [Adam 1000/5000  18.2%] loss=6.8314e+11  pde=5.810e+05  bc_dirichlet=1.133e+02  interface_T=1.680e+02  interface_flux=6.831e+10  cable_flux=1.228e+00
07:52:03 [INFO] [Adam 1500/5000  27.3%] loss=6.5564e+11  pde=1.152e+06  bc_dirichlet=1.120e+02  interface_T=1.622e+02  interface_flux=6.556e+10  cable_flux=1.270e+00
07:53:28 [INFO] [Adam 2000/5000  36.4%] loss=6.4211e+11  pde=1.566e+06  bc_dirichlet=1.077e+02  interface_T=1.569e+02  interface_flux=6.421e+10  cable_flux=1.317e+00
07:54:50 [INFO] [Adam 2500/5000  45.5%] loss=6.3508e+11  pde=1.621e+06  bc_dirichlet=1.026e+02  interface_T=1.529e+02  interface_flux=6.351e+10  cable_flux=1.363e+00
07:56:08 [INFO] [Adam 3000/5000  54.5%] loss=6.3002e+11  pde=1.588e+06  bc_dirichlet=1.000e+02  interface_T=1.494e+02  interface_flux=6.300e+10  cable_flux=1.418e+00
07:57:26 [INFO] [Adam 3500/5000  63.6%] loss=6.2721e+11  pde=1.300e+06  bc_dirichlet=1.004e+02  interface_T=1.465e+02  interface_flux=6.272e+10  cable_flux=1.436e+00
07:58:45 [INFO] [Adam 4000/5000  72.7%] loss=6.2516e+11  pde=7.575e+05  bc_dirichlet=1.039e+02  interface_T=1.440e+02  interface_flux=6.252e+10  cable_flux=1.411e+00
08:00:02 [INFO] [Adam 4500/5000  81.8%] loss=6.2131e+11  pde=3.971e+06  bc_dirichlet=1.177e+02  interface_T=1.405e+02  interface_flux=6.213e+10  cable_flux=1.407e+00
08:01:19 [INFO] [Adam 5000/5000  90.9%] loss=6.1735e+11  pde=2.758e+07  bc_dirichlet=1.419e+02  interface_T=1.368e+02  interface_flux=6.173e+10  cable_flux=1.421e+00
08:01:27 [INFO] [LBFGS 2/25  91.6%] loss=6.1165e+11
08:01:32 [INFO] [LBFGS 4/25  92.4%] loss=6.1160e+11
08:01:35 [INFO] [LBFGS 6/25  93.1%] loss=6.1160e+11
08:01:38 [INFO] [LBFGS 8/25  93.8%] loss=6.1160e+11
08:01:41 [INFO] [LBFGS 10/25  94.5%] loss=6.1160e+11
08:01:43 [INFO] [LBFGS 12/25  95.3%] loss=6.1160e+11
08:01:46 [INFO] [LBFGS 14/25  96.0%] loss=6.1160e+11
08:01:49 [INFO] [LBFGS 16/25  96.7%] loss=6.1160e+11
08:01:51 [INFO] [LBFGS 18/25  97.5%] loss=6.1160e+11
08:01:55 [INFO] [LBFGS 20/25  98.2%] loss=6.1160e+11
08:01:57 [INFO] [LBFGS 22/25  98.9%] loss=6.1160e+11
08:02:00 [INFO] [LBFGS 24/25  99.6%] loss=6.1160e+11
08:02:01 [INFO] Training complete (100%). Final loss=6.1160e+11
08:02:01 [INFO] Modelo guardado: C:\usr\ths_mia_fiis\tesis_MIA_lk\examples\aras_2005_154kv\results\model_final.pt
12:44:22 [INFO] Device=cpu | Perfil=quick | red MLP64x4 (12737 params)
12:45:16 [INFO] [Adam 500/5000  9.1%] loss=7.0673e-01  pde=2.000e-01  bc_dirichlet=4.432e-02  interface_T=2.718e+02  interface_flux=6.355e-03  cable_flux=1.000e+00
12:46:04 [INFO] [Adam 1000/5000  18.2%] loss=3.0054e-01  pde=2.000e-01  bc_dirichlet=5.393e-03  interface_T=2.718e+02  interface_flux=4.663e-03  cable_flux=1.000e+00
12:46:51 [INFO] [Adam 1500/5000  27.3%] loss=2.6042e-01  pde=2.000e-01  bc_dirichlet=2.956e-03  interface_T=2.718e+02  interface_flux=3.088e-03  cable_flux=1.000e+00
12:47:45 [INFO] [Adam 2000/5000  36.4%] loss=2.4882e-01  pde=2.000e-01  bc_dirichlet=2.848e-03  interface_T=2.718e+02  interface_flux=2.035e-03  cable_flux=1.000e+00
12:48:25 [INFO] [Adam 2500/5000  45.5%] loss=2.4171e-01  pde=2.000e-01  bc_dirichlet=2.788e-03  interface_T=2.718e+02  interface_flux=1.384e-03  cable_flux=1.000e+00
12:49:06 [INFO] [Adam 3000/5000  54.5%] loss=2.3665e-01  pde=2.000e-01  bc_dirichlet=2.741e-03  interface_T=2.718e+02  interface_flux=9.240e-04  cable_flux=1.000e+00
12:49:45 [INFO] [Adam 3500/5000  63.6%] loss=4.6580e-01  pde=2.000e-01  bc_dirichlet=2.708e-03  interface_T=2.718e+02  interface_flux=2.387e-02  cable_flux=1.000e+00
12:50:25 [INFO] [Adam 4000/5000  72.7%] loss=2.3122e-01  pde=2.000e-01  bc_dirichlet=2.735e-03  interface_T=2.718e+02  interface_flux=3.871e-04  cable_flux=1.000e+00
12:51:08 [INFO] [Adam 4500/5000  81.8%] loss=2.2931e-01  pde=2.000e-01  bc_dirichlet=2.686e-03  interface_T=2.718e+02  interface_flux=2.445e-04  cable_flux=1.000e+00
12:52:11 [INFO] [Adam 5000/5000  90.9%] loss=2.2759e-01  pde=2.000e-01  bc_dirichlet=2.601e-03  interface_T=2.718e+02  interface_flux=1.582e-04  cable_flux=1.000e+00
12:52:17 [INFO] [LBFGS 2/25  91.6%] loss=2.2685e-01
12:52:24 [INFO] [LBFGS 4/25  92.4%] loss=2.2116e-01
12:52:30 [INFO] [LBFGS 6/25  93.1%] loss=2.1611e-01
12:52:41 [INFO] [LBFGS 8/25  93.8%] loss=2.1510e-01
12:52:47 [INFO] [LBFGS 10/25  94.5%] loss=2.1173e-01
12:52:52 [INFO] [LBFGS 12/25  95.3%] loss=2.0781e-01
12:52:57 [INFO] [LBFGS 14/25  96.0%] loss=2.0477e-01
12:53:04 [INFO] [LBFGS 16/25  96.7%] loss=2.0441e-01
12:53:08 [INFO] [LBFGS 18/25  97.5%] loss=2.0266e-01
12:53:09 [INFO] [LBFGS 20/25  98.2%] loss=2.0266e-01
12:53:10 [INFO] [LBFGS 22/25  98.9%] loss=2.0266e-01
12:53:11 [INFO] [LBFGS 24/25  99.6%] loss=2.0266e-01
12:53:11 [INFO] Training complete (100%). Final loss=2.0266e-01
12:53:11 [INFO] Modelo guardado: C:\usr\ths_mia_fiis\tesis_MIA_lk\examples\aras_2005_154kv\results\model_final.pt
19:04:24 [INFO] Device=cpu | Perfil=quick | red MLP64x4 (12737 params)
19:05:06 [INFO] [Adam 500/5000  9.1%] loss=9.2892e-01  pde=2.000e-01  bc_dirichlet=6.514e-02  interface_T=3.139e+02  interface_flux=7.759e-03  cable_flux=1.000e+00
19:05:54 [INFO] [Adam 1000/5000  18.2%] loss=3.4408e-01  pde=2.000e-01  bc_dirichlet=8.679e-03  interface_T=3.139e+02  interface_flux=5.731e-03  cable_flux=1.000e+00
19:06:36 [INFO] [Adam 1500/5000  27.3%] loss=2.7699e-01  pde=2.000e-01  bc_dirichlet=3.903e-03  interface_T=3.139e+02  interface_flux=3.798e-03  cable_flux=1.000e+00
19:07:19 [INFO] [Adam 2000/5000  36.4%] loss=2.6152e-01  pde=2.000e-01  bc_dirichlet=3.702e-03  interface_T=3.139e+02  interface_flux=2.451e-03  cable_flux=1.000e+00
19:07:58 [INFO] [Adam 2500/5000  45.5%] loss=2.5270e-01  pde=2.000e-01  bc_dirichlet=3.634e-03  interface_T=3.139e+02  interface_flux=1.637e-03  cable_flux=1.000e+00
19:08:34 [INFO] [Adam 3000/5000  54.5%] loss=2.4663e-01  pde=2.000e-01  bc_dirichlet=3.550e-03  interface_T=3.139e+02  interface_flux=1.113e-03  cable_flux=1.000e+00
19:09:08 [INFO] [Adam 3500/5000  63.6%] loss=2.4251e-01  pde=2.000e-01  bc_dirichlet=3.529e-03  interface_T=3.139e+02  interface_flux=7.221e-04  cable_flux=1.000e+00
19:09:44 [INFO] [Adam 4000/5000  72.7%] loss=2.3966e-01  pde=2.000e-01  bc_dirichlet=3.491e-03  interface_T=3.139e+02  interface_flux=4.745e-04  cable_flux=1.000e+00
19:10:19 [INFO] [Adam 4500/5000  81.8%] loss=2.3738e-01  pde=2.000e-01  bc_dirichlet=3.429e-03  interface_T=3.139e+02  interface_flux=3.099e-04  cable_flux=1.000e+00
19:10:54 [INFO] [Adam 5000/5000  90.9%] loss=2.3564e-01  pde=2.000e-01  bc_dirichlet=3.362e-03  interface_T=3.139e+02  interface_flux=2.022e-04  cable_flux=1.000e+00
19:10:57 [INFO] [LBFGS 2/25  91.6%] loss=2.3484e-01
19:11:01 [INFO] [LBFGS 4/25  92.4%] loss=2.2911e-01
19:11:05 [INFO] [LBFGS 6/25  93.1%] loss=2.2244e-01
19:11:09 [INFO] [LBFGS 8/25  93.8%] loss=2.2154e-01
19:11:12 [INFO] [LBFGS 10/25  94.5%] loss=2.0951e-01
19:11:13 [INFO] [LBFGS 12/25  95.3%] loss=2.0880e-01
19:11:14 [INFO] [LBFGS 14/25  96.0%] loss=2.0880e-01
19:11:15 [INFO] [LBFGS 16/25  96.7%] loss=2.0880e-01
19:11:16 [INFO] [LBFGS 18/25  97.5%] loss=2.0880e-01
19:11:16 [INFO] [LBFGS 20/25  98.2%] loss=2.0880e-01
19:11:17 [INFO] [LBFGS 22/25  98.9%] loss=2.0880e-01
19:11:18 [INFO] [LBFGS 24/25  99.6%] loss=2.0880e-01
19:11:18 [INFO] Training complete (100%). Final loss=2.0880e-01
19:11:18 [INFO] Modelo guardado: C:\usr\ths_mia_fiis\tesis_MIA_lk\examples\aras_2005_154kv\results\model_final.pt
