09:10:47 [INFO] Curriculum: 3000 steps with homogeneous k, then variable k
09:21:52 [INFO] [Adam 500/10000  5.0%] loss=5.8880e+00  pde=5.784e+00  bc=2.085e-03
09:32:57 [INFO] [Adam 1000/10000  10.0%] loss=2.1464e+00  pde=2.108e+00  bc=7.629e-04
09:44:21 [INFO] [Adam 1500/10000  15.0%] loss=1.1204e+00  pde=1.109e+00  bc=2.306e-04
09:56:00 [INFO] [Adam 2000/10000  20.0%] loss=7.1552e-01  pde=6.796e-01  bc=7.176e-04
10:07:10 [INFO] [Adam 2500/10000  25.0%] loss=4.0536e-01  pde=3.975e-01  bc=1.566e-04
10:16:17 [INFO] [Adam 3000/10000  30.0%] loss=2.8759e-01  pde=2.813e-01  bc=1.248e-04
10:16:17 [INFO] >>> Curriculum switch: homogeneous k -> variable k
10:24:55 [INFO] [Adam 3500/10000  35.0%] loss=1.5346e+00  pde=1.521e+00  bc=2.647e-04
10:33:31 [INFO] [Adam 4000/10000  40.0%] loss=1.1541e+00  pde=1.152e+00  bc=5.231e-05
10:42:21 [INFO] [Adam 4500/10000  45.0%] loss=7.5748e-01  pde=7.506e-01  bc=1.372e-04
10:51:16 [INFO] [Adam 5000/10000  50.0%] loss=6.0311e-01  pde=5.995e-01  bc=7.193e-05
11:00:58 [INFO] [Adam 5500/10000  55.0%] loss=5.5798e-01  pde=5.290e-01  bc=5.803e-04
11:09:00 [INFO] [Adam 6000/10000  60.0%] loss=3.8805e-01  pde=3.836e-01  bc=8.848e-05
11:16:49 [INFO] [Adam 6500/10000  65.0%] loss=3.2842e-01  pde=3.259e-01  bc=4.965e-05
11:24:23 [INFO] [Adam 7000/10000  70.0%] loss=3.3547e-01  pde=3.075e-01  bc=5.596e-04
11:32:19 [INFO] [Adam 7500/10000  75.0%] loss=2.7707e-01  pde=2.487e-01  bc=5.668e-04
11:40:36 [INFO] [Adam 8000/10000  80.0%] loss=1.9323e-01  pde=1.922e-01  bc=2.008e-05
11:49:03 [INFO] [Adam 8500/10000  85.0%] loss=2.0591e-01  pde=2.008e-01  bc=1.014e-04
11:57:30 [INFO] [Adam 9000/10000  90.0%] loss=1.4680e-01  pde=1.460e-01  bc=1.556e-05
12:05:54 [INFO] [Adam 9500/10000  95.0%] loss=1.4900e-01  pde=1.453e-01  bc=7.366e-05
12:13:52 [INFO] [Adam 10000/10000  100.0%] loss=1.3431e-01  pde=1.337e-01  bc=1.228e-05
12:13:52 [INFO] L-BFGS start — Adam final loss (baseline): 1.3431e-01
12:14:12 [INFO] [LBFGS 1/25  99.8%] loss=8.8155e-01
12:14:32 [INFO] [LBFGS 2/25  99.8%] loss=3.1451e-01
12:14:53 [INFO] [LBFGS 3/25  99.8%] loss=2.4637e-01
12:15:16 [INFO] [LBFGS 4/25  99.8%] loss=2.0755e-01
12:15:39 [INFO] [LBFGS 5/25  99.8%] loss=1.8289e-01
12:16:00 [INFO] [LBFGS 6/25  99.8%] loss=1.6168e-01
12:16:22 [INFO] [LBFGS 7/25  99.8%] loss=1.4755e-01
12:16:43 [INFO] [LBFGS 8/25  99.8%] loss=1.3489e-01
12:17:06 [INFO] [LBFGS 9/25  99.8%] loss=1.2436e-01
12:17:28 [INFO] [LBFGS 10/25  99.9%] loss=1.1569e-01
12:17:49 [INFO] [LBFGS 11/25  99.9%] loss=1.0755e-01
12:18:10 [INFO] [LBFGS 12/25  99.9%] loss=1.0111e-01
12:18:32 [INFO] [LBFGS 13/25  99.9%] loss=9.5601e-02
12:18:54 [INFO] [LBFGS 14/25  99.9%] loss=9.0429e-02
12:19:19 [INFO] [LBFGS 15/25  99.9%] loss=8.6177e-02
12:19:42 [INFO] [LBFGS 16/25  99.9%] loss=8.1773e-02
12:20:04 [INFO] [LBFGS 17/25  99.9%] loss=7.8222e-02
12:20:25 [INFO] [LBFGS 18/25  99.9%] loss=7.4612e-02
12:20:47 [INFO] [LBFGS 19/25  99.9%] loss=7.1173e-02
12:21:08 [INFO] [LBFGS 20/25  100.0%] loss=6.8223e-02
12:21:29 [INFO] [LBFGS 21/25  100.0%] loss=6.5055e-02
12:21:50 [INFO] [LBFGS 22/25  100.0%] loss=6.2448e-02
12:22:12 [INFO] [LBFGS 23/25  100.0%] loss=5.9714e-02
12:22:33 [INFO] [LBFGS 24/25  100.0%] loss=5.7216e-02
12:22:54 [INFO] [LBFGS 25/25  100.0%] loss=5.4822e-02
12:22:54 [INFO] L-BFGS done — restored best state (loss=5.4822e-02)
12:22:54 [INFO] Adam2 fine-tuning: 500 steps at lr=1.0e-05
12:29:08 [INFO] [Adam2 500/500] loss=3.0252e-01  pde=2.986e-01  bc=7.837e-05
12:29:08 [INFO] Modelo guardado: C:\usr\ths_mia_fiis\tesis_MIA_lk\examples\kim_2024_154kv_bedding\results_pac_research\model_final.pt
10:26:09 [INFO] Curriculum: 3000 steps with homogeneous k, then variable k
10:29:27 [INFO] [Adam 500/10000  5.0%] loss=1.6284e+00  pde=6.307e-01  bc=1.995e-02
10:33:10 [INFO] [Adam 1000/10000  10.0%] loss=8.8636e-01  pde=4.976e-01  bc=7.775e-03
10:36:46 [INFO] [Adam 1500/10000  15.0%] loss=4.9738e-01  pde=2.708e-01  bc=4.532e-03
10:40:24 [INFO] [Adam 2000/10000  20.0%] loss=1.1901e+00  pde=4.217e-01  bc=1.537e-02
10:44:01 [INFO] [Adam 2500/10000  25.0%] loss=3.9179e-01  pde=3.132e-01  bc=1.572e-03
10:47:38 [INFO] [Adam 3000/10000  30.0%] loss=2.5668e-01  pde=2.181e-01  bc=7.720e-04
10:47:38 [INFO] >>> Curriculum switch: homogeneous k -> variable k
10:51:22 [INFO] [Adam 3500/10000  35.0%] loss=1.2184e+02  pde=1.218e+02  bc=1.461e-03
10:55:10 [INFO] [Adam 4000/10000  40.0%] loss=1.1140e+02  pde=1.113e+02  bc=1.303e-03
10:58:57 [INFO] [Adam 4500/10000  45.0%] loss=1.2187e+02  pde=1.218e+02  bc=6.789e-04
11:02:48 [INFO] [Adam 5000/10000  50.0%] loss=1.1977e+02  pde=1.197e+02  bc=9.594e-04
11:06:32 [INFO] [Adam 5500/10000  55.0%] loss=1.2412e+02  pde=1.176e+02  bc=1.297e-01
11:10:24 [INFO] [Adam 6000/10000  60.0%] loss=9.5878e+01  pde=9.548e+01  bc=8.028e-03
11:14:08 [INFO] [Adam 6500/10000  65.0%] loss=5.2714e+01  pde=5.125e+01  bc=2.933e-02
11:17:53 [INFO] [Adam 7000/10000  70.0%] loss=3.4361e+01  pde=3.431e+01  bc=1.077e-03
11:21:35 [INFO] [Adam 7500/10000  75.0%] loss=1.8570e+01  pde=1.833e+01  bc=4.716e-03
11:25:16 [INFO] [Adam 8000/10000  80.0%] loss=1.1040e+01  pde=1.097e+01  bc=1.433e-03
11:29:08 [INFO] [Adam 8500/10000  85.0%] loss=7.6105e+00  pde=7.544e+00  bc=1.340e-03
11:32:54 [INFO] [Adam 9000/10000  90.0%] loss=3.4871e+00  pde=3.445e+00  bc=8.488e-04
11:36:52 [INFO] [Adam 9500/10000  95.0%] loss=3.6787e+00  pde=3.532e+00  bc=2.935e-03
11:41:11 [INFO] [Adam 10000/10000  100.0%] loss=4.2973e+00  pde=4.183e+00  bc=2.286e-03
11:41:11 [INFO] L-BFGS start — Adam final loss (baseline): 4.2973e+00
11:41:23 [INFO] [LBFGS 1/25  99.8%] loss=1.2330e+01
11:41:35 [INFO] [LBFGS 2/25  99.8%] loss=2.2879e+00
11:41:47 [INFO] [LBFGS 3/25  99.8%] loss=2.0788e+00
11:42:00 [INFO] [LBFGS 4/25  99.8%] loss=1.7217e+00
11:42:14 [INFO] [LBFGS 5/25  99.8%] loss=1.6314e+00
11:42:29 [INFO] [LBFGS 6/25  99.8%] loss=1.5549e+00
11:42:43 [INFO] [LBFGS 7/25  99.8%] loss=1.5196e+00
11:42:56 [INFO] [LBFGS 8/25  99.8%] loss=1.4788e+00
11:43:10 [INFO] [LBFGS 9/25  99.8%] loss=1.4355e+00
11:43:22 [INFO] [LBFGS 10/25  99.9%] loss=1.4095e+00
11:43:34 [INFO] [LBFGS 11/25  99.9%] loss=1.3663e+00
11:43:48 [INFO] [LBFGS 12/25  99.9%] loss=1.3449e+00
11:44:00 [INFO] [LBFGS 13/25  99.9%] loss=1.3231e+00
11:44:12 [INFO] [LBFGS 14/25  99.9%] loss=1.3067e+00
11:44:22 [INFO] [LBFGS 15/25  99.9%] loss=1.2943e+00
11:44:33 [INFO] [LBFGS 16/25  99.9%] loss=1.2824e+00
11:44:43 [INFO] [LBFGS 17/25  99.9%] loss=1.2686e+00
11:44:54 [INFO] [LBFGS 18/25  99.9%] loss=1.2580e+00
11:45:05 [INFO] [LBFGS 19/25  99.9%] loss=1.2420e+00
11:45:16 [INFO] [LBFGS 20/25  100.0%] loss=1.2340e+00
11:45:26 [INFO] [LBFGS 21/25  100.0%] loss=1.2246e+00
11:45:38 [INFO] [LBFGS 22/25  100.0%] loss=1.2126e+00
11:45:48 [INFO] [LBFGS 23/25  100.0%] loss=1.2036e+00
11:45:56 [INFO] [LBFGS 24/25  100.0%] loss=1.1868e+00
11:46:04 [INFO] [LBFGS 25/25  100.0%] loss=1.1777e+00
11:46:04 [INFO] L-BFGS done — restored best state (loss=1.1777e+00)
11:46:04 [INFO] Adam2 fine-tuning: 500 steps at lr=1.0e-05
11:48:39 [INFO] [Adam2 500/500] loss=1.7897e+00  pde=1.390e+00  bc=8.002e-03
11:48:39 [INFO] Modelo guardado: C:\usr\ths_mia_fiis\tesis_MIA_lk\examples\kim_2024_154kv_bedding\results_pac_research\model_final.pt
