09:09:34 [INFO] Curriculum: 1500 steps with homogeneous k, then variable k
09:15:12 [INFO] [Adam 500/5000  10.0%] loss=7.2043e+00  pde=3.567e-01  bc=1.370e-01
09:20:45 [INFO] [Adam 1000/5000  20.0%] loss=3.6212e+00  pde=7.686e-01  bc=5.705e-02
09:26:20 [INFO] [Adam 1500/5000  30.0%] loss=1.2906e+00  pde=6.150e-01  bc=1.351e-02
09:26:20 [INFO] >>> Curriculum switch: homogeneous k -> variable k
09:32:02 [INFO] [Adam 2000/5000  40.0%] loss=5.9194e+00  pde=5.536e+00  bc=7.670e-03
09:38:03 [INFO] [Adam 2500/5000  50.0%] loss=4.1132e+00  pde=3.857e+00  bc=5.115e-03
09:43:51 [INFO] [Adam 3000/5000  60.0%] loss=6.8560e+00  pde=6.721e+00  bc=2.704e-03
09:50:05 [INFO] [Adam 3500/5000  70.0%] loss=8.9962e+00  pde=8.764e+00  bc=4.636e-03
09:56:07 [INFO] [Adam 4000/5000  80.0%] loss=9.2147e+00  pde=8.458e+00  bc=1.513e-02
10:01:59 [INFO] [Adam 4500/5000  90.0%] loss=7.1457e+00  pde=6.655e+00  bc=9.814e-03
10:07:42 [INFO] [Adam 5000/5000  100.0%] loss=6.0977e+00  pde=5.802e+00  bc=5.907e-03
10:07:42 [INFO] L-BFGS start — Adam final loss (baseline): 6.0977e+00
10:07:57 [INFO] [LBFGS 1/25  99.5%] loss=7.1855e+00
10:08:12 [INFO] [LBFGS 2/25  99.5%] loss=5.8360e+00
10:08:27 [INFO] [LBFGS 3/25  99.6%] loss=5.3058e+00
10:08:41 [INFO] [LBFGS 4/25  99.6%] loss=5.1175e+00
10:08:56 [INFO] [LBFGS 5/25  99.6%] loss=4.9850e+00
10:09:11 [INFO] [LBFGS 6/25  99.6%] loss=4.7429e+00
10:09:26 [INFO] [LBFGS 7/25  99.6%] loss=4.6556e+00
10:09:41 [INFO] [LBFGS 8/25  99.7%] loss=4.5640e+00
10:09:56 [INFO] [LBFGS 9/25  99.7%] loss=4.5154e+00
10:10:10 [INFO] [LBFGS 10/25  99.7%] loss=4.4564e+00
10:10:22 [INFO] [LBFGS 11/25  99.7%] loss=4.4105e+00
10:10:36 [INFO] [LBFGS 12/25  99.7%] loss=4.3583e+00
10:10:49 [INFO] [LBFGS 13/25  99.8%] loss=4.2954e+00
10:11:02 [INFO] [LBFGS 14/25  99.8%] loss=4.2292e+00
10:11:15 [INFO] [LBFGS 15/25  99.8%] loss=4.1129e+00
10:11:29 [INFO] [LBFGS 16/25  99.8%] loss=3.9079e+00
10:11:43 [INFO] [LBFGS 17/25  99.8%] loss=3.5945e+00
10:11:56 [INFO] [LBFGS 18/25  99.9%] loss=3.2145e+00
10:12:09 [INFO] [LBFGS 19/25  99.9%] loss=2.8278e+00
10:12:20 [INFO] [LBFGS 20/25  99.9%] loss=2.4542e+00
10:12:30 [INFO] [LBFGS 21/25  99.9%] loss=2.2012e+00
10:12:40 [INFO] [LBFGS 22/25  99.9%] loss=2.0513e+00
10:12:51 [INFO] [LBFGS 23/25  100.0%] loss=1.8909e+00
10:13:02 [INFO] [LBFGS 24/25  100.0%] loss=1.7665e+00
10:13:12 [INFO] [LBFGS 25/25  100.0%] loss=1.6474e+00
10:13:12 [INFO] L-BFGS done — restored best state (loss=1.6474e+00)
10:15:08 [INFO] Curriculum: 1500 steps with homogeneous k, then variable k
10:19:03 [INFO] [Adam 500/5000  10.0%] loss=6.9799e+00  pde=1.023e+00  bc=1.191e-01
10:22:55 [INFO] [Adam 1000/5000  20.0%] loss=4.7322e+00  pde=1.658e+00  bc=6.148e-02
10:26:53 [INFO] [Adam 1500/5000  30.0%] loss=1.9187e+00  pde=1.146e+00  bc=1.545e-02
10:26:53 [INFO] >>> Curriculum switch: homogeneous k -> variable k
10:31:02 [INFO] [Adam 2000/5000  40.0%] loss=4.4798e+01  pde=4.447e+01  bc=6.599e-03
10:35:13 [INFO] [Adam 2500/5000  50.0%] loss=4.1870e+01  pde=4.167e+01  bc=4.061e-03
10:39:35 [INFO] [Adam 3000/5000  60.0%] loss=4.3259e+01  pde=4.315e+01  bc=2.266e-03
10:43:51 [INFO] [Adam 3500/5000  70.0%] loss=4.1674e+01  pde=4.145e+01  bc=4.510e-03
10:48:17 [INFO] [Adam 4000/5000  80.0%] loss=4.5359e+01  pde=4.455e+01  bc=1.617e-02
10:52:34 [INFO] [Adam 4500/5000  90.0%] loss=4.5286e+01  pde=4.483e+01  bc=9.167e-03
10:57:14 [INFO] [Adam 5000/5000  100.0%] loss=4.0349e+01  pde=4.009e+01  bc=5.144e-03
10:57:14 [INFO] L-BFGS start — Adam final loss (baseline): 4.0349e+01
10:57:26 [INFO] [LBFGS 1/25  99.5%] loss=4.1374e+01
10:57:37 [INFO] [LBFGS 2/25  99.5%] loss=3.9709e+01
10:57:49 [INFO] [LBFGS 3/25  99.6%] loss=3.9126e+01
10:58:01 [INFO] [LBFGS 4/25  99.6%] loss=3.8086e+01
10:58:13 [INFO] [LBFGS 5/25  99.6%] loss=3.5671e+01
10:58:25 [INFO] [LBFGS 6/25  99.6%] loss=3.2452e+01
10:58:37 [INFO] [LBFGS 7/25  99.6%] loss=2.9350e+01
10:58:49 [INFO] [LBFGS 8/25  99.7%] loss=2.6703e+01
10:59:01 [INFO] [LBFGS 9/25  99.7%] loss=2.4486e+01
10:59:12 [INFO] [LBFGS 10/25  99.7%] loss=2.3004e+01
10:59:23 [INFO] [LBFGS 11/25  99.7%] loss=2.1791e+01
10:59:35 [INFO] [LBFGS 12/25  99.7%] loss=2.1092e+01
10:59:47 [INFO] [LBFGS 13/25  99.8%] loss=2.0353e+01
10:59:58 [INFO] [LBFGS 14/25  99.8%] loss=1.9806e+01
11:00:10 [INFO] [LBFGS 15/25  99.8%] loss=1.9166e+01
11:00:21 [INFO] [LBFGS 16/25  99.8%] loss=1.7954e+01
11:00:33 [INFO] [LBFGS 17/25  99.8%] loss=1.6318e+01
11:00:45 [INFO] [LBFGS 18/25  99.9%] loss=1.5297e+01
11:00:58 [INFO] [LBFGS 19/25  99.9%] loss=1.4250e+01
11:01:10 [INFO] [LBFGS 20/25  99.9%] loss=1.2203e+01
11:01:21 [INFO] [LBFGS 21/25  99.9%] loss=9.7416e+00
11:01:34 [INFO] [LBFGS 22/25  99.9%] loss=8.9851e+00
11:01:46 [INFO] [LBFGS 23/25  100.0%] loss=8.6281e+00
11:01:59 [INFO] [LBFGS 24/25  100.0%] loss=8.2378e+00
11:02:10 [INFO] [LBFGS 25/25  100.0%] loss=7.6004e+00
11:02:10 [INFO] L-BFGS done — restored best state (loss=7.6004e+00)
