13:47:24 [INFO] Device=cpu | Perfil=research | red MLP64x4 (12737 params)
13:48:26 [INFO] [Adam 500/10000  4.5%] loss=1.6239e+05  pde=9.882e+04  bc_dirichlet=1.854e+00  interface_T=5.809e-05  interface_flux=6.356e+05
13:49:41 [INFO] Device=cpu | Perfil=research | red MLP64x4 (12737 params)
13:50:41 [INFO] [Adam 500/10000  4.5%] loss=1.6239e+05  pde=9.882e+04  bc_dirichlet=1.854e+00  interface_T=5.809e-05  interface_flux=6.356e+05
13:51:26 [INFO] [Adam 1000/10000  9.1%] loss=9.9068e+04  pde=4.921e+04  bc_dirichlet=8.614e-01  interface_T=4.551e-05  interface_flux=4.985e+05
13:52:10 [INFO] [Adam 1500/10000  13.6%] loss=6.8352e+04  pde=2.534e+04  bc_dirichlet=4.143e-01  interface_T=4.097e-05  interface_flux=4.301e+05
13:52:53 [INFO] [Adam 2000/10000  18.2%] loss=5.6896e+04  pde=1.826e+04  bc_dirichlet=3.605e-01  interface_T=3.784e-05  interface_flux=3.863e+05
13:53:38 [INFO] [Adam 2500/10000  22.7%] loss=7.6112e+05  pde=6.635e+05  bc_dirichlet=2.508e+00  interface_T=9.723e-05  interface_flux=9.760e+05
13:54:22 [INFO] [Adam 3000/10000  27.3%] loss=5.3501e+05  pde=4.732e+05  bc_dirichlet=1.526e+00  interface_T=5.938e-05  interface_flux=6.182e+05
13:55:09 [INFO] [Adam 3500/10000  31.8%] loss=4.9921e+05  pde=4.349e+05  bc_dirichlet=1.641e+00  interface_T=6.185e-05  interface_flux=6.435e+05
13:55:54 [INFO] [Adam 4000/10000  36.4%] loss=4.6868e+05  pde=4.019e+05  bc_dirichlet=1.748e+00  interface_T=6.413e-05  interface_flux=6.673e+05
13:56:42 [INFO] [Adam 4500/10000  40.9%] loss=7.9917e+04  pde=2.291e+04  bc_dirichlet=1.439e+00  interface_T=5.442e-05  interface_flux=5.699e+05
13:57:43 [INFO] [Adam 5000/10000  45.5%] loss=8.3158e+04  pde=2.702e+04  bc_dirichlet=1.317e+00  interface_T=5.327e-05  interface_flux=5.612e+05
13:58:45 [INFO] [Adam 5500/10000  50.0%] loss=7.0247e+04  pde=1.622e+04  bc_dirichlet=1.206e+00  interface_T=5.132e-05  interface_flux=5.401e+05
14:01:40 [INFO] [Adam 6000/10000  54.5%] loss=8.7035e+04  pde=3.572e+04  bc_dirichlet=1.126e+00  interface_T=4.919e-05  interface_flux=5.130e+05
14:10:04 [INFO] [Adam 6500/10000  59.1%] loss=2.3655e+06  pde=2.319e+06  bc_dirichlet=8.049e-01  interface_T=4.357e-05  interface_flux=4.698e+05
14:12:25 [INFO] [Adam 7000/10000  63.6%] loss=2.7376e+05  pde=2.290e+05  bc_dirichlet=1.409e+00  interface_T=3.942e-05  interface_flux=4.477e+05
14:15:35 [INFO] [Adam 7500/10000  68.2%] loss=1.0720e+05  pde=6.497e+04  bc_dirichlet=9.165e-01  interface_T=3.934e-05  interface_flux=4.222e+05
14:18:33 [INFO] [Adam 8000/10000  72.7%] loss=7.7193e+04  pde=3.675e+04  bc_dirichlet=6.797e-01  interface_T=3.798e-05  interface_flux=4.044e+05
14:20:41 [INFO] [Adam 8500/10000  77.3%] loss=4.3893e+05  pde=3.165e+05  bc_dirichlet=4.030e+00  interface_T=1.074e-04  interface_flux=1.224e+06
14:21:45 [INFO] [Adam 9000/10000  81.8%] loss=2.6084e+05  pde=2.009e+05  bc_dirichlet=3.267e+00  interface_T=5.621e-05  interface_flux=5.995e+05
14:22:46 [INFO] [Adam 9500/10000  86.4%] loss=1.2443e+05  pde=8.612e+04  bc_dirichlet=2.489e+00  interface_T=3.745e-05  interface_flux=3.829e+05
14:23:48 [INFO] [Adam 10000/10000  90.9%] loss=1.0219e+05  pde=7.467e+04  bc_dirichlet=1.742e+00  interface_T=2.855e-05  interface_flux=2.750e+05
14:24:05 [INFO] [LBFGS 5/50  91.8%] loss=8.7471e+05
14:24:21 [INFO] [LBFGS 10/50  92.7%] loss=7.8674e+05
14:24:40 [INFO] [LBFGS 15/50  93.6%] loss=5.0520e+05
14:24:42 [INFO] [LBFGS 20/50  94.5%] loss=9.2773e+04
14:24:44 [INFO] [LBFGS 25/50  95.5%] loss=9.2773e+04
14:24:46 [INFO] [LBFGS 30/50  96.4%] loss=9.2773e+04
14:24:48 [INFO] [LBFGS 35/50  97.3%] loss=9.2773e+04
14:24:50 [INFO] [LBFGS 40/50  98.2%] loss=9.2773e+04
14:24:52 [INFO] [LBFGS 45/50  99.1%] loss=9.2773e+04
14:24:54 [INFO] [LBFGS 50/50  100.0%] loss=9.2773e+04
14:24:54 [INFO] Training complete (100%). Final loss=9.2773e+04
16:30:41 [INFO] Device=cpu | Perfil=research | red MLP128x5 (82689 params)
16:35:06 [INFO] [Adam 500/15000  3.1%] loss=6.2188e+01  pde=3.168e-01  bc_dirichlet=3.818e+00  interface_T=4.528e+00  interface_flux=2.741e+10  cable_flux=4.738e+00
16:39:29 [INFO] [Adam 1000/15000  6.2%] loss=3.7615e+01  pde=2.785e-01  bc_dirichlet=1.834e+00  interface_T=4.584e+00  interface_flux=2.411e+10  cable_flux=3.800e+00
16:44:01 [INFO] [Adam 1500/15000  9.4%] loss=2.9441e+01  pde=2.760e-01  bc_dirichlet=1.487e+00  interface_T=4.706e+00  interface_flux=2.081e+10  cable_flux=2.860e+00
16:48:27 [INFO] [Adam 2000/15000  12.5%] loss=2.2863e+01  pde=2.754e-01  bc_dirichlet=1.267e+00  interface_T=4.846e+00  interface_flux=1.753e+10  cable_flux=1.983e+00
16:52:42 [INFO] [Adam 2500/15000  15.6%] loss=1.7336e+01  pde=2.764e-01  bc_dirichlet=1.080e+00  interface_T=4.977e+00  interface_flux=1.451e+10  cable_flux=1.253e+00
16:57:16 [INFO] [Adam 3000/15000  18.8%] loss=1.2967e+01  pde=2.784e-01  bc_dirichlet=9.106e-01  interface_T=5.082e+00  interface_flux=1.194e+10  cable_flux=7.165e-01
17:01:36 [INFO] [Adam 3500/15000  21.9%] loss=9.7129e+00  pde=2.798e-01  bc_dirichlet=7.569e-01  interface_T=5.147e+00  interface_flux=9.913e+09  cable_flux=3.727e-01
17:06:02 [INFO] [Adam 4000/15000  25.0%] loss=7.3874e+00  pde=2.789e-01  bc_dirichlet=6.197e-01  interface_T=5.170e+00  interface_flux=8.444e+09  cable_flux=1.823e-01
17:10:24 [INFO] [Adam 4500/15000  28.1%] loss=5.6806e+00  pde=2.702e-01  bc_dirichlet=4.943e-01  interface_T=5.083e+00  interface_flux=7.502e+09  cable_flux=9.355e-02
17:15:16 [INFO] [Adam 5000/15000  31.2%] loss=4.4301e+00  pde=2.561e-01  bc_dirichlet=3.899e-01  interface_T=4.910e+00  interface_flux=6.929e+09  cable_flux=5.505e-02
17:20:31 [INFO] [Adam 5500/15000  34.4%] loss=3.4190e+00  pde=2.367e-01  bc_dirichlet=2.995e-01  interface_T=4.663e+00  interface_flux=6.454e+09  cable_flux=3.741e-02
17:25:53 [INFO] [Adam 6000/15000  37.5%] loss=2.6040e+00  pde=2.119e-01  bc_dirichlet=2.243e-01  interface_T=4.296e+00  interface_flux=5.995e+09  cable_flux=2.971e-02
17:31:08 [INFO] [Adam 6500/15000  40.6%] loss=2.0285e+00  pde=1.861e-01  bc_dirichlet=1.723e-01  interface_T=3.817e+00  interface_flux=5.875e+09  cable_flux=2.385e-02
17:36:12 [INFO] [Adam 7000/15000  43.8%] loss=1.5606e+00  pde=1.664e-01  bc_dirichlet=1.283e-01  interface_T=3.497e+00  interface_flux=5.267e+09  cable_flux=2.223e-02
17:41:20 [INFO] [Adam 7500/15000  46.9%] loss=5.4998e+00  pde=5.093e-01  bc_dirichlet=4.895e-01  interface_T=2.967e+00  interface_flux=4.978e+09  cable_flux=1.903e-02
17:46:39 [INFO] [Adam 8000/15000  50.0%] loss=9.2364e-01  pde=1.186e-01  bc_dirichlet=7.304e-02  interface_T=2.432e+00  interface_flux=4.847e+09  cable_flux=1.494e-02
17:51:39 [INFO] [Adam 8500/15000  53.1%] loss=7.0722e-01  pde=1.006e-01  bc_dirichlet=5.353e-02  interface_T=2.152e+00  interface_flux=4.341e+09  cable_flux=1.425e-02
17:56:40 [INFO] [Adam 9000/15000  56.2%] loss=1.8915e+00  pde=3.068e-01  bc_dirichlet=1.528e-01  interface_T=1.722e+00  interface_flux=4.085e+09  cable_flux=1.126e-02
18:01:41 [INFO] [Adam 9500/15000  59.4%] loss=7.7318e+00  pde=9.067e-01  bc_dirichlet=6.775e-01  interface_T=1.402e+00  interface_flux=3.778e+09  cable_flux=9.993e-03
18:07:18 [INFO] [Adam 10000/15000  62.5%] loss=3.2177e-01  pde=5.726e-02  bc_dirichlet=2.317e-02  interface_T=1.220e+00  interface_flux=3.653e+09  cable_flux=6.560e-03
18:12:28 [INFO] [Adam 10500/15000  65.6%] loss=1.4706e+00  pde=9.026e-02  bc_dirichlet=1.342e-01  interface_T=9.188e-01  interface_flux=3.258e+09  cable_flux=7.648e-03
18:17:11 [INFO] [Adam 11000/15000  68.8%] loss=5.1186e-01  pde=6.945e-02  bc_dirichlet=4.122e-02  interface_T=7.795e-01  interface_flux=3.052e+09  cable_flux=6.042e-03
18:21:35 [INFO] [Adam 11500/15000  71.9%] loss=1.4539e-01  pde=3.077e-02  bc_dirichlet=9.670e-03  interface_T=6.320e-01  interface_flux=3.038e+09  cable_flux=3.584e-03
18:26:08 [INFO] [Adam 12000/15000  75.0%] loss=1.1734e-01  pde=2.533e-02  bc_dirichlet=7.316e-03  interface_T=5.114e-01  interface_flux=2.809e+09  cable_flux=3.770e-03
18:30:36 [INFO] [Adam 12500/15000  78.1%] loss=2.7197e-01  pde=2.451e-02  bc_dirichlet=2.331e-02  interface_T=4.073e-01  interface_flux=2.689e+09  cable_flux=2.872e-03
18:35:02 [INFO] [Adam 13000/15000  81.2%] loss=2.2240e-01  pde=2.498e-02  bc_dirichlet=1.874e-02  interface_T=3.534e-01  interface_flux=2.641e+09  cable_flux=2.013e-03
18:39:16 [INFO] [Adam 13500/15000  84.4%] loss=5.8844e-02  pde=1.544e-02  bc_dirichlet=3.496e-03  interface_T=2.889e-01  interface_flux=2.547e+09  cable_flux=1.690e-03
18:43:48 [INFO] [Adam 14000/15000  87.5%] loss=4.7100e-01  pde=7.061e-02  bc_dirichlet=3.851e-02  interface_T=2.342e-01  interface_flux=2.322e+09  cable_flux=3.056e-03
18:48:24 [INFO] [Adam 14500/15000  90.6%] loss=4.7004e-02  pde=1.143e-02  bc_dirichlet=2.394e-03  interface_T=2.012e-01  interface_flux=2.276e+09  cable_flux=2.326e-03
18:52:58 [INFO] [Adam 15000/15000  93.8%] loss=1.4022e+00  pde=1.004e-01  bc_dirichlet=1.295e-01  interface_T=1.707e-01  interface_flux=2.236e+09  cable_flux=1.449e-03
18:54:13 [INFO] [LBFGS 5/50  94.4%] loss=3.6062e-02
18:55:25 [INFO] [LBFGS 10/50  95.0%] loss=3.3415e-02
18:56:37 [INFO] [LBFGS 15/50  95.6%] loss=3.1191e-02
18:57:50 [INFO] [LBFGS 20/50  96.2%] loss=2.7146e-02
18:59:03 [INFO] [LBFGS 25/50  96.9%] loss=2.5242e-02
19:00:17 [INFO] [LBFGS 30/50  97.5%] loss=2.2231e-02
19:01:33 [INFO] [LBFGS 35/50  98.1%] loss=2.0191e-02
19:02:45 [INFO] [LBFGS 40/50  98.8%] loss=1.8378e-02
19:03:58 [INFO] [LBFGS 45/50  99.4%] loss=1.6191e-02
19:05:10 [INFO] [LBFGS 50/50  100.0%] loss=1.4785e-02
19:05:10 [INFO] Training complete (100%). Final loss=1.4785e-02
19:05:10 [INFO] Modelo guardado: C:\usr\ths_mia_fiis\tesis_MIA_lk\examples\xlpe_single_cable\results_research\model_final.pt
19:14:49 [INFO] Device=cpu | Perfil=research | red MLP128x5 (82689 params)
19:18:55 [INFO] [Adam 500/15000  3.1%] loss=1.0647e+02  pde=2.772e+01  bc_dirichlet=3.130e+00  interface_T=1.735e+00  interface_flux=4.192e+10  cable_flux=9.489e+00
19:23:30 [INFO] [Adam 1000/15000  6.2%] loss=7.2374e+01  pde=1.224e+01  bc_dirichlet=2.763e+00  interface_T=1.277e+00  interface_flux=3.100e+10  cable_flux=6.503e+00
19:28:10 [INFO] [Adam 1500/15000  9.4%] loss=5.1539e+01  pde=6.343e+00  bc_dirichlet=2.500e+00  interface_T=8.853e-01  interface_flux=2.118e+10  cable_flux=4.040e+00
19:32:38 [INFO] [Adam 2000/15000  12.5%] loss=1.5880e+02  pde=6.055e+01  bc_dirichlet=8.578e+00  interface_T=6.663e-01  interface_flux=1.540e+10  cable_flux=2.492e+00
19:37:12 [INFO] [Adam 2500/15000  15.6%] loss=2.6823e+01  pde=2.108e+00  bc_dirichlet=1.742e+00  interface_T=4.667e-01  interface_flux=1.068e+10  cable_flux=1.459e+00
19:42:05 [INFO] [Adam 3000/15000  18.8%] loss=1.8647e+01  pde=1.330e+00  bc_dirichlet=1.313e+00  interface_T=3.502e-01  interface_flux=7.814e+09  cable_flux=8.370e-01
19:48:40 [INFO] [Adam 3500/15000  21.9%] loss=1.3121e+01  pde=9.750e-01  bc_dirichlet=9.924e-01  interface_T=2.601e-01  interface_flux=5.651e+09  cable_flux=4.444e-01
19:59:56 [INFO] [Adam 4000/15000  25.0%] loss=9.4550e+00  pde=6.508e-01  bc_dirichlet=7.596e-01  interface_T=1.995e-01  interface_flux=4.258e+09  cable_flux=2.416e-01
20:10:43 [INFO] [Adam 4500/15000  28.1%] loss=6.5387e+00  pde=4.663e-01  bc_dirichlet=5.394e-01  interface_T=1.510e-01  interface_flux=3.199e+09  cable_flux=1.357e-01
20:21:47 [INFO] [Adam 5000/15000  31.2%] loss=4.6175e+00  pde=3.105e-01  bc_dirichlet=3.872e-01  interface_T=1.315e-01  interface_flux=2.779e+09  cable_flux=8.694e-02
20:28:07 [INFO] [Adam 5500/15000  34.4%] loss=3.3186e+00  pde=2.128e-01  bc_dirichlet=2.794e-01  interface_T=1.075e-01  interface_flux=2.301e+09  cable_flux=6.238e-02
20:33:25 [INFO] [Adam 6000/15000  37.5%] loss=2.6625e+00  pde=1.793e-01  bc_dirichlet=2.270e-01  interface_T=1.015e-01  interface_flux=2.178e+09  cable_flux=4.270e-02
20:38:45 [INFO] [Adam 6500/15000  40.6%] loss=3.2560e+02  pde=3.175e+00  bc_dirichlet=3.223e+01  interface_T=9.792e-02  interface_flux=2.172e+09  cable_flux=2.431e-02
20:44:09 [INFO] [Adam 7000/15000  43.8%] loss=1.2527e+00  pde=9.252e-02  bc_dirichlet=1.040e-01  interface_T=9.009e-02  interface_flux=1.975e+09  cable_flux=2.405e-02
20:49:30 [INFO] [Adam 7500/15000  46.9%] loss=8.2229e-01  pde=7.453e-02  bc_dirichlet=6.852e-02  interface_T=9.713e-02  interface_flux=2.146e+09  cable_flux=1.252e-02
20:54:52 [INFO] [Adam 8000/15000  50.0%] loss=6.0251e-01  pde=6.516e-02  bc_dirichlet=4.602e-02  interface_T=8.827e-02  interface_flux=1.968e+09  cable_flux=1.542e-02
21:00:09 [INFO] [Adam 8500/15000  53.1%] loss=4.2574e-01  pde=5.625e-02  bc_dirichlet=3.335e-02  interface_T=9.855e-02  interface_flux=2.210e+09  cable_flux=7.197e-03
21:05:31 [INFO] [Adam 9000/15000  56.2%] loss=1.0757e+01  pde=3.470e-01  bc_dirichlet=1.038e+00  interface_T=9.618e-02  interface_flux=2.189e+09  cable_flux=6.818e-03
21:10:46 [INFO] [Adam 9500/15000  59.4%] loss=2.5437e-01  pde=4.620e-02  bc_dirichlet=1.636e-02  interface_T=9.294e-02  interface_flux=2.107e+09  cable_flux=8.922e-03
10:14:02 [INFO] [Adam 10000/15000  62.5%] loss=1.7965e-01  pde=3.793e-02  bc_dirichlet=1.185e-02  interface_T=9.960e-02  interface_flux=2.281e+09  cable_flux=4.638e-03
10:22:11 [INFO] Device=cpu | Perfil=research | red MLP128x5 (82689 params)
10:32:37 [INFO] [Adam 500/10000  4.5%] loss=1.0647e+02  pde=2.772e+01  bc_dirichlet=3.130e+00  interface_T=1.735e+00  interface_flux=4.192e+10  cable_flux=9.489e+00
10:32:37 [INFO] Checkpoint saved: examples\xlpe_single_cable\results_research\checkpoints\model_step_500.pt
11:35:52 [INFO] [Adam 1000/10000  9.1%] loss=7.2374e+01  pde=1.224e+01  bc_dirichlet=2.763e+00  interface_T=1.277e+00  interface_flux=3.100e+10  cable_flux=6.503e+00
11:35:52 [INFO] Checkpoint saved: examples\xlpe_single_cable\results_research\checkpoints\model_step_1000.pt
11:41:05 [INFO] [Adam 1500/10000  13.6%] loss=5.1539e+01  pde=6.343e+00  bc_dirichlet=2.500e+00  interface_T=8.853e-01  interface_flux=2.118e+10  cable_flux=4.040e+00
11:41:05 [INFO] Checkpoint saved: examples\xlpe_single_cable\results_research\checkpoints\model_step_1500.pt
11:45:35 [INFO] [Adam 2000/10000  18.2%] loss=1.5880e+02  pde=6.055e+01  bc_dirichlet=8.578e+00  interface_T=6.663e-01  interface_flux=1.540e+10  cable_flux=2.492e+00
11:45:35 [INFO] Checkpoint saved: examples\xlpe_single_cable\results_research\checkpoints\model_step_2000.pt
11:50:02 [INFO] [Adam 2500/10000  22.7%] loss=2.6823e+01  pde=2.108e+00  bc_dirichlet=1.742e+00  interface_T=4.667e-01  interface_flux=1.068e+10  cable_flux=1.459e+00
11:50:02 [INFO] Checkpoint saved: examples\xlpe_single_cable\results_research\checkpoints\model_step_2500.pt
11:54:51 [INFO] [Adam 3000/10000  27.3%] loss=1.8647e+01  pde=1.330e+00  bc_dirichlet=1.313e+00  interface_T=3.502e-01  interface_flux=7.814e+09  cable_flux=8.370e-01
11:54:51 [INFO] Checkpoint saved: examples\xlpe_single_cable\results_research\checkpoints\model_step_3000.pt
11:59:36 [INFO] [Adam 3500/10000  31.8%] loss=1.3121e+01  pde=9.750e-01  bc_dirichlet=9.924e-01  interface_T=2.601e-01  interface_flux=5.651e+09  cable_flux=4.444e-01
11:59:36 [INFO] Checkpoint saved: examples\xlpe_single_cable\results_research\checkpoints\model_step_3500.pt
12:04:14 [INFO] [Adam 4000/10000  36.4%] loss=9.4550e+00  pde=6.508e-01  bc_dirichlet=7.596e-01  interface_T=1.995e-01  interface_flux=4.258e+09  cable_flux=2.416e-01
12:04:14 [INFO] Checkpoint saved: examples\xlpe_single_cable\results_research\checkpoints\model_step_4000.pt
12:08:43 [INFO] [Adam 4500/10000  40.9%] loss=6.5387e+00  pde=4.663e-01  bc_dirichlet=5.394e-01  interface_T=1.510e-01  interface_flux=3.199e+09  cable_flux=1.357e-01
12:08:43 [INFO] Checkpoint saved: examples\xlpe_single_cable\results_research\checkpoints\model_step_4500.pt
12:13:20 [INFO] [Adam 5000/10000  45.5%] loss=4.6175e+00  pde=3.105e-01  bc_dirichlet=3.872e-01  interface_T=1.315e-01  interface_flux=2.779e+09  cable_flux=8.694e-02
12:13:20 [INFO] Checkpoint saved: examples\xlpe_single_cable\results_research\checkpoints\model_step_5000.pt
12:17:55 [INFO] [Adam 5500/10000  50.0%] loss=3.3186e+00  pde=2.128e-01  bc_dirichlet=2.794e-01  interface_T=1.075e-01  interface_flux=2.301e+09  cable_flux=6.238e-02
12:17:55 [INFO] Checkpoint saved: examples\xlpe_single_cable\results_research\checkpoints\model_step_5500.pt
12:22:29 [INFO] [Adam 6000/10000  54.5%] loss=2.6625e+00  pde=1.793e-01  bc_dirichlet=2.270e-01  interface_T=1.015e-01  interface_flux=2.178e+09  cable_flux=4.270e-02
12:22:29 [INFO] Checkpoint saved: examples\xlpe_single_cable\results_research\checkpoints\model_step_6000.pt
12:27:02 [INFO] [Adam 6500/10000  59.1%] loss=3.2560e+02  pde=3.175e+00  bc_dirichlet=3.223e+01  interface_T=9.792e-02  interface_flux=2.172e+09  cable_flux=2.431e-02
12:27:02 [INFO] Checkpoint saved: examples\xlpe_single_cable\results_research\checkpoints\model_step_6500.pt
12:31:37 [INFO] [Adam 7000/10000  63.6%] loss=1.2527e+00  pde=9.252e-02  bc_dirichlet=1.040e-01  interface_T=9.009e-02  interface_flux=1.975e+09  cable_flux=2.405e-02
12:31:37 [INFO] Checkpoint saved: examples\xlpe_single_cable\results_research\checkpoints\model_step_7000.pt
12:36:14 [INFO] [Adam 7500/10000  68.2%] loss=8.2229e-01  pde=7.453e-02  bc_dirichlet=6.852e-02  interface_T=9.713e-02  interface_flux=2.146e+09  cable_flux=1.252e-02
12:36:14 [INFO] Checkpoint saved: examples\xlpe_single_cable\results_research\checkpoints\model_step_7500.pt
12:40:47 [INFO] [Adam 8000/10000  72.7%] loss=6.0251e-01  pde=6.516e-02  bc_dirichlet=4.602e-02  interface_T=8.827e-02  interface_flux=1.968e+09  cable_flux=1.542e-02
12:40:47 [INFO] Checkpoint saved: examples\xlpe_single_cable\results_research\checkpoints\model_step_8000.pt
12:45:23 [INFO] [Adam 8500/10000  77.3%] loss=4.2574e-01  pde=5.625e-02  bc_dirichlet=3.335e-02  interface_T=9.855e-02  interface_flux=2.210e+09  cable_flux=7.197e-03
12:45:23 [INFO] Checkpoint saved: examples\xlpe_single_cable\results_research\checkpoints\model_step_8500.pt
12:50:02 [INFO] [Adam 9000/10000  81.8%] loss=1.0757e+01  pde=3.470e-01  bc_dirichlet=1.038e+00  interface_T=9.618e-02  interface_flux=2.189e+09  cable_flux=6.818e-03
12:50:02 [INFO] Checkpoint saved: examples\xlpe_single_cable\results_research\checkpoints\model_step_9000.pt
12:54:45 [INFO] [Adam 9500/10000  86.4%] loss=2.5437e-01  pde=4.620e-02  bc_dirichlet=1.636e-02  interface_T=9.294e-02  interface_flux=2.107e+09  cable_flux=8.922e-03
12:54:45 [INFO] Checkpoint saved: examples\xlpe_single_cable\results_research\checkpoints\model_step_9500.pt
12:59:21 [INFO] [Adam 10000/10000  90.9%] loss=1.7965e-01  pde=3.793e-02  bc_dirichlet=1.185e-02  interface_T=9.960e-02  interface_flux=2.281e+09  cable_flux=4.638e-03
12:59:21 [INFO] Checkpoint saved: examples\xlpe_single_cable\results_research\checkpoints\model_step_10000.pt
12:59:35 [INFO] [LBFGS 5/50  91.8%] loss=1.7957e-01
12:59:48 [INFO] [LBFGS 10/50  92.7%] loss=1.7957e-01
13:00:02 [INFO] [LBFGS 15/50  93.6%] loss=1.7957e-01
13:00:17 [INFO] [LBFGS 20/50  94.5%] loss=1.7957e-01
13:00:31 [INFO] [LBFGS 25/50  95.5%] loss=1.7957e-01
13:00:44 [INFO] [LBFGS 30/50  96.4%] loss=1.7957e-01
13:00:59 [INFO] [LBFGS 35/50  97.3%] loss=1.7957e-01
13:01:13 [INFO] [LBFGS 40/50  98.2%] loss=1.7957e-01
13:01:27 [INFO] [LBFGS 45/50  99.1%] loss=1.7957e-01
13:01:41 [INFO] [LBFGS 50/50  100.0%] loss=1.7957e-01
13:01:41 [INFO] Training complete (100%). Final loss=1.7957e-01
13:01:41 [INFO] Modelo guardado: C:\usr\ths_mia_fiis\tesis_MIA_lk\examples\xlpe_single_cable\results_research\model_final.pt
13:10:00 [INFO] Device=cpu | Perfil=research | red MLP128x5 (82689 params)
13:14:31 [INFO] [Adam 500/10000  4.5%] loss=1.0872e+02  pde=4.127e+01  bc_dirichlet=1.825e+00  interface_T=2.442e+00  interface_flux=5.170e+10  cable_flux=9.842e+00
13:14:31 [INFO] Checkpoint saved: examples\xlpe_single_cable\results_research\checkpoints\model_step_500.pt
13:19:08 [INFO] [Adam 1000/10000  9.1%] loss=5.9114e+01  pde=1.497e+01  bc_dirichlet=1.081e+00  interface_T=1.677e+00  interface_flux=3.588e+10  cable_flux=6.668e+00
13:19:08 [INFO] Checkpoint saved: examples\xlpe_single_cable\results_research\checkpoints\model_step_1000.pt
13:23:42 [INFO] [Adam 1500/10000  13.6%] loss=3.4285e+01  pde=5.950e+00  bc_dirichlet=8.907e-01  interface_T=1.161e+00  interface_flux=2.412e+10  cable_flux=3.886e+00
13:23:42 [INFO] Checkpoint saved: examples\xlpe_single_cable\results_research\checkpoints\model_step_1500.pt
13:28:25 [INFO] [Adam 2000/10000  18.2%] loss=1.9845e+01  pde=2.675e+00  bc_dirichlet=7.465e-01  interface_T=7.522e-01  interface_flux=1.500e+10  cable_flux=1.941e+00
13:28:25 [INFO] Checkpoint saved: examples\xlpe_single_cable\results_research\checkpoints\model_step_2000.pt
13:33:05 [INFO] [Adam 2500/10000  22.7%] loss=1.2071e+01  pde=1.510e+00  bc_dirichlet=6.204e-01  interface_T=4.770e-01  interface_flux=9.159e+09  cable_flux=8.714e-01
13:33:05 [INFO] Checkpoint saved: examples\xlpe_single_cable\results_research\checkpoints\model_step_2500.pt
13:37:53 [INFO] [Adam 3000/10000  27.3%] loss=7.8483e+00  pde=9.076e-01  bc_dirichlet=4.974e-01  interface_T=3.178e-01  interface_flux=5.930e+09  cable_flux=3.933e-01
13:37:53 [INFO] Checkpoint saved: examples\xlpe_single_cable\results_research\checkpoints\model_step_3000.pt
13:42:31 [INFO] [Adam 3500/10000  31.8%] loss=5.7807e+00  pde=5.366e-01  bc_dirichlet=4.301e-01  interface_T=2.224e-01  interface_flux=4.072e+09  cable_flux=1.887e-01
13:42:31 [INFO] Checkpoint saved: examples\xlpe_single_cable\results_research\checkpoints\model_step_3500.pt
13:47:14 [INFO] [Adam 4000/10000  36.4%] loss=6.7332e+02  pde=1.829e+01  bc_dirichlet=6.545e+01  interface_T=1.725e-01  interface_flux=3.129e+09  cable_flux=1.148e-01
13:47:14 [INFO] Checkpoint saved: examples\xlpe_single_cable\results_research\checkpoints\model_step_4000.pt
13:51:54 [INFO] [Adam 4500/10000  40.9%] loss=2.5756e+02  pde=1.642e+01  bc_dirichlet=2.408e+01  interface_T=1.349e-01  interface_flux=2.530e+09  cable_flux=7.420e-02
13:51:54 [INFO] Checkpoint saved: examples\xlpe_single_cable\results_research\checkpoints\model_step_4500.pt
13:56:29 [INFO] [Adam 5000/10000  45.5%] loss=2.0950e+00  pde=1.706e-01  bc_dirichlet=1.641e-01  interface_T=1.220e-01  interface_flux=2.279e+09  cable_flux=5.676e-02
13:56:29 [INFO] Checkpoint saved: examples\xlpe_single_cable\results_research\checkpoints\model_step_5000.pt
14:01:11 [INFO] [Adam 5500/10000  50.0%] loss=1.6412e+00  pde=1.348e-01  bc_dirichlet=1.253e-01  interface_T=1.049e-01  interface_flux=1.989e+09  cable_flux=5.066e-02
14:01:11 [INFO] Checkpoint saved: examples\xlpe_single_cable\results_research\checkpoints\model_step_5500.pt
14:05:49 [INFO] [Adam 6000/10000  54.5%] loss=1.1853e+00  pde=1.121e-01  bc_dirichlet=9.085e-02  interface_T=1.084e-01  interface_flux=2.095e+09  cable_flux=3.293e-02
14:05:49 [INFO] Checkpoint saved: examples\xlpe_single_cable\results_research\checkpoints\model_step_6000.pt
14:10:32 [INFO] [Adam 6500/10000  59.1%] loss=8.4327e-01  pde=9.178e-02  bc_dirichlet=6.400e-02  interface_T=1.086e-01  interface_flux=2.136e+09  cable_flux=2.231e-02
14:10:32 [INFO] Checkpoint saved: examples\xlpe_single_cable\results_research\checkpoints\model_step_6500.pt
14:15:12 [INFO] [Adam 7000/10000  63.6%] loss=6.6630e-01  pde=8.131e-02  bc_dirichlet=4.847e-02  interface_T=1.037e-01  interface_flux=2.058e+09  cable_flux=2.006e-02
14:15:12 [INFO] Checkpoint saved: examples\xlpe_single_cable\results_research\checkpoints\model_step_7000.pt
14:20:02 [INFO] [Adam 7500/10000  68.2%] loss=5.8704e-01  pde=6.808e-02  bc_dirichlet=4.454e-02  interface_T=1.038e-01  interface_flux=2.084e+09  cable_flux=1.471e-02
14:20:02 [INFO] Checkpoint saved: examples\xlpe_single_cable\results_research\checkpoints\model_step_7500.pt
14:24:39 [INFO] [Adam 8000/10000  72.7%] loss=6.0700e+00  pde=7.492e-02  bc_dirichlet=5.932e-01  interface_T=1.056e-01  interface_flux=2.122e+09  cable_flux=1.262e-02
14:24:39 [INFO] Checkpoint saved: examples\xlpe_single_cable\results_research\checkpoints\model_step_8000.pt
14:29:22 [INFO] [Adam 8500/10000  77.3%] loss=1.7720e+01  pde=6.217e-01  bc_dirichlet=1.707e+00  interface_T=1.146e-01  interface_flux=2.338e+09  cable_flux=6.116e-03
14:29:22 [INFO] Checkpoint saved: examples\xlpe_single_cable\results_research\checkpoints\model_step_8500.pt
14:34:02 [INFO] [Adam 9000/10000  81.8%] loss=2.5548e-01  pde=5.209e-02  bc_dirichlet=1.437e-02  interface_T=9.946e-02  interface_flux=2.050e+09  cable_flux=1.194e-02
14:34:02 [INFO] Checkpoint saved: examples\xlpe_single_cable\results_research\checkpoints\model_step_9000.pt
14:38:38 [INFO] [Adam 9500/10000  86.4%] loss=1.7660e-01  pde=4.448e-02  bc_dirichlet=1.059e-02  interface_T=1.092e-01  interface_flux=2.282e+09  cable_flux=5.254e-03
14:38:38 [INFO] Checkpoint saved: examples\xlpe_single_cable\results_research\checkpoints\model_step_9500.pt
14:43:17 [INFO] [Adam 10000/10000  90.9%] loss=5.7215e+01  pde=6.679e+00  bc_dirichlet=5.051e+00  interface_T=1.069e-01  interface_flux=2.292e+09  cable_flux=4.933e-03
14:43:17 [INFO] Checkpoint saved: examples\xlpe_single_cable\results_research\checkpoints\model_step_10000.pt
14:44:29 [INFO] [LBFGS 5/50  91.8%] loss=1.6515e-01
14:45:42 [INFO] [LBFGS 10/50  92.7%] loss=1.4124e-01
14:46:57 [INFO] [LBFGS 15/50  93.6%] loss=1.2072e-01
14:48:10 [INFO] [LBFGS 20/50  94.5%] loss=1.0764e-01
14:49:23 [INFO] [LBFGS 25/50  95.5%] loss=9.3474e-02
14:50:39 [INFO] [LBFGS 30/50  96.4%] loss=8.3640e-02
14:51:53 [INFO] [LBFGS 35/50  97.3%] loss=7.5599e-02
14:53:10 [INFO] [LBFGS 40/50  98.2%] loss=6.8680e-02
14:53:56 [INFO] [LBFGS 45/50  99.1%] loss=6.3451e-02
14:54:10 [INFO] [LBFGS 50/50  100.0%] loss=6.3451e-02
14:54:10 [INFO] Training complete (100%). Final loss=6.3451e-02
14:54:10 [INFO] Modelo guardado: C:\usr\ths_mia_fiis\tesis_MIA_lk\examples\xlpe_single_cable\results_research\model_final.pt
15:12:11 [INFO] Device=cpu | Perfil=research | red MLP128x5 (82689 params)
15:16:30 [INFO] [Adam 500/10000  4.5%] loss=5.1025e+01  pde=6.622e+00  bc_dirichlet=1.634e+00  interface_T=6.353e-02  interface_flux=8.850e+08  cable_flux=5.612e-01
15:16:30 [INFO] Checkpoint saved: examples\xlpe_single_cable\results_research\checkpoints\model_step_500.pt
15:21:05 [INFO] [Adam 1000/10000  9.1%] loss=2.5811e+01  pde=4.752e+00  bc_dirichlet=5.979e-01  interface_T=6.550e-02  interface_flux=1.092e+09  cable_flux=3.016e-01
15:21:05 [INFO] Checkpoint saved: examples\xlpe_single_cable\results_research\checkpoints\model_step_1000.pt
15:25:51 [INFO] [Adam 1500/10000  13.6%] loss=1.1767e+01  pde=4.210e+00  bc_dirichlet=2.524e-01  interface_T=1.173e-01  interface_flux=2.017e+09  cable_flux=1.006e-01
15:25:51 [INFO] Checkpoint saved: examples\xlpe_single_cable\results_research\checkpoints\model_step_1500.pt
15:30:30 [INFO] [Adam 2000/10000  18.2%] loss=5.2416e+00  pde=2.348e+00  bc_dirichlet=1.344e-01  interface_T=1.678e-01  interface_flux=2.800e+09  cable_flux=3.099e-02
15:30:30 [INFO] Checkpoint saved: examples\xlpe_single_cable\results_research\checkpoints\model_step_2000.pt
15:35:18 [INFO] [Adam 2500/10000  22.7%] loss=2.5079e+00  pde=1.133e+00  bc_dirichlet=8.140e-02  interface_T=2.016e-01  interface_flux=3.318e+09  cable_flux=1.121e-02
15:35:18 [INFO] Checkpoint saved: examples\xlpe_single_cable\results_research\checkpoints\model_step_2500.pt
15:40:17 [INFO] [Adam 3000/10000  27.3%] loss=1.4218e+00  pde=6.890e-01  bc_dirichlet=5.068e-02  interface_T=2.188e-01  interface_flux=3.595e+09  cable_flux=4.519e-03
15:40:17 [INFO] Checkpoint saved: examples\xlpe_single_cable\results_research\checkpoints\model_step_3000.pt
15:45:11 [INFO] [Adam 3500/10000  31.8%] loss=8.4933e-01  pde=4.419e-01  bc_dirichlet=3.146e-02  interface_T=2.277e-01  interface_flux=3.755e+09  cable_flux=1.856e-03
15:45:11 [INFO] Checkpoint saved: examples\xlpe_single_cable\results_research\checkpoints\model_step_3500.pt
15:50:03 [INFO] [Adam 4000/10000  36.4%] loss=5.2537e-01  pde=2.933e-01  bc_dirichlet=1.911e-02  interface_T=2.333e-01  interface_flux=3.868e+09  cable_flux=8.206e-04
15:50:03 [INFO] Checkpoint saved: examples\xlpe_single_cable\results_research\checkpoints\model_step_4000.pt
15:54:55 [INFO] [Adam 4500/10000  40.9%] loss=3.4172e-01  pde=2.067e-01  bc_dirichlet=1.136e-02  interface_T=2.372e-01  interface_flux=3.945e+09  cable_flux=4.288e-04
15:54:55 [INFO] Checkpoint saved: examples\xlpe_single_cable\results_research\checkpoints\model_step_4500.pt
15:59:26 [INFO] [Adam 5000/10000  45.5%] loss=2.4752e-01  pde=1.517e-01  bc_dirichlet=8.287e-03  interface_T=2.395e-01  interface_flux=4.000e+09  cable_flux=2.597e-04
15:59:26 [INFO] Checkpoint saved: examples\xlpe_single_cable\results_research\checkpoints\model_step_5000.pt
16:04:01 [INFO] [Adam 5500/10000  50.0%] loss=2.5442e-01  pde=1.198e-01  bc_dirichlet=1.251e-02  interface_T=2.404e-01  interface_flux=4.023e+09  cable_flux=1.916e-04
16:04:01 [INFO] Checkpoint saved: examples\xlpe_single_cable\results_research\checkpoints\model_step_5500.pt
16:08:39 [INFO] [Adam 6000/10000  54.5%] loss=1.4095e-01  pde=9.207e-02  bc_dirichlet=4.274e-03  interface_T=2.430e-01  interface_flux=4.070e+09  cable_flux=1.228e-04
16:08:39 [INFO] Checkpoint saved: examples\xlpe_single_cable\results_research\checkpoints\model_step_6000.pt
16:13:18 [INFO] [Adam 6500/10000  59.1%] loss=1.1324e+01  pde=6.927e-01  bc_dirichlet=1.062e+00  interface_T=2.423e-01  interface_flux=4.073e+09  cable_flux=2.641e-04
16:13:18 [INFO] Checkpoint saved: examples\xlpe_single_cable\results_research\checkpoints\model_step_6500.pt
16:17:52 [INFO] [Adam 7000/10000  63.6%] loss=7.6868e-02  pde=6.005e-02  bc_dirichlet=1.332e-03  interface_T=2.454e-01  interface_flux=4.124e+09  cable_flux=7.000e-05
16:17:52 [INFO] Checkpoint saved: examples\xlpe_single_cable\results_research\checkpoints\model_step_7000.pt
16:22:36 [INFO] [Adam 7500/10000  68.2%] loss=1.1451e-01  pde=5.917e-02  bc_dirichlet=5.236e-03  interface_T=2.475e-01  interface_flux=4.151e+09  cable_flux=5.952e-05
16:22:36 [INFO] Checkpoint saved: examples\xlpe_single_cable\results_research\checkpoints\model_step_7500.pt
16:27:16 [INFO] [Adam 8000/10000  72.7%] loss=5.2568e-02  pde=4.252e-02  bc_dirichlet=7.591e-04  interface_T=2.474e-01  interface_flux=4.158e+09  cable_flux=4.916e-05
16:27:16 [INFO] Checkpoint saved: examples\xlpe_single_cable\results_research\checkpoints\model_step_8000.pt
16:32:06 [INFO] [Adam 8500/10000  77.3%] loss=4.2361e-02  pde=3.506e-02  bc_dirichlet=5.350e-04  interface_T=2.484e-01  interface_flux=4.179e+09  cable_flux=3.898e-05
16:32:06 [INFO] Checkpoint saved: examples\xlpe_single_cable\results_research\checkpoints\model_step_8500.pt
16:36:57 [INFO] [Adam 9000/10000  81.8%] loss=3.6300e-02  pde=3.053e-02  bc_dirichlet=4.032e-04  interface_T=2.488e-01  interface_flux=4.183e+09  cable_flux=3.481e-05
16:36:57 [INFO] Checkpoint saved: examples\xlpe_single_cable\results_research\checkpoints\model_step_9000.pt
16:41:26 [INFO] [Adam 9500/10000  86.4%] loss=5.9345e-02  pde=3.067e-02  bc_dirichlet=2.644e-03  interface_T=2.494e-01  interface_flux=4.177e+09  cable_flux=4.462e-05
16:41:26 [INFO] Checkpoint saved: examples\xlpe_single_cable\results_research\checkpoints\model_step_9500.pt
16:45:55 [INFO] [Adam 10000/10000  90.9%] loss=3.3911e-02  pde=2.705e-02  bc_dirichlet=5.057e-04  interface_T=2.480e-01  interface_flux=4.159e+09  cable_flux=3.611e-05
16:45:55 [INFO] Checkpoint saved: examples\xlpe_single_cable\results_research\checkpoints\model_step_10000.pt
16:47:06 [INFO] [LBFGS 5/50  91.8%] loss=2.7901e-02
16:48:17 [INFO] [LBFGS 10/50  92.7%] loss=2.3872e-02
16:49:32 [INFO] [LBFGS 15/50  93.6%] loss=2.1200e-02
16:50:45 [INFO] [LBFGS 20/50  94.5%] loss=1.7504e-02
16:51:58 [INFO] [LBFGS 25/50  95.5%] loss=1.4840e-02
16:53:15 [INFO] [LBFGS 30/50  96.4%] loss=1.3534e-02
16:54:35 [INFO] [LBFGS 35/50  97.3%] loss=1.2063e-02
16:55:53 [INFO] [LBFGS 40/50  98.2%] loss=1.0638e-02
16:57:09 [INFO] [LBFGS 45/50  99.1%] loss=9.3981e-03
16:58:19 [INFO] [LBFGS 50/50  100.0%] loss=8.3847e-03
16:58:19 [INFO] Training complete (100%). Final loss=8.3847e-03
16:58:19 [INFO] Modelo guardado: C:\usr\ths_mia_fiis\tesis_MIA_lk\examples\xlpe_single_cable\results_research\model_final.pt
17:26:47 [INFO] Device=cpu | Perfil=research | red MLP128x5 (82689 params)
17:31:03 [INFO] [Adam 500/10000  4.5%] loss=4.4067e+01  pde=3.798e+00  bc_dirichlet=2.434e-02  interface_T=1.319e+01  interface_flux=4.579e+07  cable_flux=8.005e-01
17:31:03 [INFO] Checkpoint saved: examples\xlpe_single_cable\results_research\checkpoints\model_step_500.pt
17:35:32 [INFO] [Adam 1000/10000  9.1%] loss=7.9822e-01  pde=4.228e-01  bc_dirichlet=1.705e-02  interface_T=1.667e+01  interface_flux=5.562e+09  cable_flux=4.098e-03
17:35:32 [INFO] Checkpoint saved: examples\xlpe_single_cable\results_research\checkpoints\model_step_1000.pt
17:40:32 [INFO] [Adam 1500/10000  13.6%] loss=3.2267e+00  pde=1.816e+00  bc_dirichlet=1.357e-01  interface_T=1.665e+01  interface_flux=5.933e+09  cable_flux=1.078e-03
17:40:32 [INFO] Checkpoint saved: examples\xlpe_single_cable\results_research\checkpoints\model_step_1500.pt
17:45:45 [INFO] [Adam 2000/10000  18.2%] loss=1.8565e-01  pde=1.275e-01  bc_dirichlet=3.000e-03  interface_T=1.672e+01  interface_flux=5.973e+09  cable_flux=5.629e-04
17:45:45 [INFO] Checkpoint saved: examples\xlpe_single_cable\results_research\checkpoints\model_step_2000.pt
17:50:11 [INFO] [Adam 2500/10000  22.7%] loss=3.5356e-01  pde=3.263e-01  bc_dirichlet=1.363e-03  interface_T=1.669e+01  interface_flux=6.031e+09  cable_flux=2.723e-04
17:50:11 [INFO] Checkpoint saved: examples\xlpe_single_cable\results_research\checkpoints\model_step_2500.pt
17:54:47 [INFO] [Adam 3000/10000  27.3%] loss=1.4508e-01  pde=1.063e-01  bc_dirichlet=2.911e-03  interface_T=1.667e+01  interface_flux=5.979e+09  cable_flux=1.944e-04
17:54:47 [INFO] Checkpoint saved: examples\xlpe_single_cable\results_research\checkpoints\model_step_3000.pt
17:59:12 [INFO] [Adam 3500/10000  31.8%] loss=4.5565e+01  pde=2.639e+00  bc_dirichlet=6.115e-03  interface_T=1.307e+01  interface_flux=1.411e+07  cable_flux=8.573e-01
17:59:12 [INFO] Checkpoint saved: examples\xlpe_single_cable\results_research\checkpoints\model_step_3500.pt
18:04:00 [INFO] [Adam 4000/10000  36.4%] loss=2.8755e+01  pde=3.530e+00  bc_dirichlet=1.913e-02  interface_T=1.383e+01  interface_flux=4.405e+08  cable_flux=5.007e-01
18:04:00 [INFO] Checkpoint saved: examples\xlpe_single_cable\results_research\checkpoints\model_step_4000.pt
18:09:02 [INFO] [Adam 4500/10000  40.9%] loss=2.7432e+00  pde=1.105e+00  bc_dirichlet=2.100e-02  interface_T=1.574e+01  interface_flux=3.959e+09  cable_flux=2.857e-02
18:09:02 [INFO] Checkpoint saved: examples\xlpe_single_cable\results_research\checkpoints\model_step_4500.pt
18:13:31 [INFO] [Adam 5000/10000  45.5%] loss=6.2598e-01  pde=3.833e-01  bc_dirichlet=1.286e-02  interface_T=1.610e+01  interface_flux=5.061e+09  cable_flux=2.280e-03
18:13:31 [INFO] Checkpoint saved: examples\xlpe_single_cable\results_research\checkpoints\model_step_5000.pt
18:18:06 [INFO] [Adam 5500/10000  50.0%] loss=2.6516e-01  pde=1.704e-01  bc_dirichlet=5.995e-03  interface_T=1.615e+01  interface_flux=5.299e+09  cable_flux=6.972e-04
18:18:06 [INFO] Checkpoint saved: examples\xlpe_single_cable\results_research\checkpoints\model_step_5500.pt
18:22:32 [INFO] [Adam 6000/10000  54.5%] loss=1.4969e-01  pde=1.015e-01  bc_dirichlet=3.170e-03  interface_T=1.616e+01  interface_flux=5.376e+09  cable_flux=3.304e-04
18:22:32 [INFO] Checkpoint saved: examples\xlpe_single_cable\results_research\checkpoints\model_step_6000.pt
18:26:53 [INFO] [Adam 6500/10000  59.1%] loss=9.8364e-02  pde=6.977e-02  bc_dirichlet=1.836e-03  interface_T=1.615e+01  interface_flux=5.405e+09  cable_flux=2.047e-04
18:26:53 [INFO] Checkpoint saved: examples\xlpe_single_cable\results_research\checkpoints\model_step_6500.pt
18:31:17 [INFO] [Adam 7000/10000  63.6%] loss=8.2196e-02  pde=6.045e-02  bc_dirichlet=1.323e-03  interface_T=1.616e+01  interface_flux=5.381e+09  cable_flux=1.703e-04
18:31:17 [INFO] Checkpoint saved: examples\xlpe_single_cable\results_research\checkpoints\model_step_7000.pt
18:35:36 [INFO] [Adam 7500/10000  68.2%] loss=1.1299e-01  pde=9.848e-02  bc_dirichlet=9.022e-04  interface_T=1.615e+01  interface_flux=5.414e+09  cable_flux=1.097e-04
18:35:36 [INFO] Checkpoint saved: examples\xlpe_single_cable\results_research\checkpoints\model_step_7500.pt
18:39:54 [INFO] [Adam 8000/10000  72.7%] loss=2.6011e-01  pde=2.043e-01  bc_dirichlet=3.439e-03  interface_T=1.604e+01  interface_flux=5.188e+09  cable_flux=4.275e-04
18:39:54 [INFO] Checkpoint saved: examples\xlpe_single_cable\results_research\checkpoints\model_step_8000.pt
18:44:09 [INFO] [Adam 8500/10000  77.3%] loss=4.2106e-02  pde=3.507e-02  bc_dirichlet=3.564e-04  interface_T=1.614e+01  interface_flux=5.364e+09  cable_flux=6.946e-05
18:44:09 [INFO] Checkpoint saved: examples\xlpe_single_cable\results_research\checkpoints\model_step_8500.pt
18:48:33 [INFO] [Adam 9000/10000  81.8%] loss=4.7172e-02  pde=3.764e-02  bc_dirichlet=5.688e-04  interface_T=1.612e+01  interface_flux=5.278e+09  cable_flux=7.699e-05
18:48:33 [INFO] Checkpoint saved: examples\xlpe_single_cable\results_research\checkpoints\model_step_9000.pt
18:53:04 [INFO] [Adam 9500/10000  86.4%] loss=5.9215e-02  pde=4.738e-02  bc_dirichlet=9.238e-04  interface_T=1.613e+01  interface_flux=5.287e+09  cable_flux=5.202e-05
18:53:04 [INFO] Checkpoint saved: examples\xlpe_single_cable\results_research\checkpoints\model_step_9500.pt
18:57:34 [INFO] [Adam 10000/10000  90.9%] loss=2.0033e-01  pde=1.149e-01  bc_dirichlet=6.984e-03  interface_T=1.611e+01  interface_flux=5.117e+09  cable_flux=3.123e-04
18:57:34 [INFO] Checkpoint saved: examples\xlpe_single_cable\results_research\checkpoints\model_step_10000.pt
18:58:41 [INFO] [LBFGS 5/50  91.8%] loss=3.6649e-02
18:59:48 [INFO] [LBFGS 10/50  92.7%] loss=2.9903e-02
19:00:58 [INFO] [LBFGS 15/50  93.6%] loss=2.5551e-02
19:02:08 [INFO] [LBFGS 20/50  94.5%] loss=2.1524e-02
19:03:19 [INFO] [LBFGS 25/50  95.5%] loss=1.8971e-02
19:04:27 [INFO] [LBFGS 30/50  96.4%] loss=1.6521e-02
19:05:31 [INFO] [LBFGS 35/50  97.3%] loss=1.4550e-02
19:06:28 [INFO] [LBFGS 40/50  98.2%] loss=1.3299e-02
19:07:26 [INFO] [LBFGS 45/50  99.1%] loss=1.2351e-02
19:08:24 [INFO] [LBFGS 50/50  100.0%] loss=1.1817e-02
19:08:24 [INFO] Training complete (100%). Final loss=1.1817e-02
19:08:24 [INFO] Modelo guardado: C:\usr\ths_mia_fiis\tesis_MIA_lk\examples\xlpe_single_cable\results_research\model_final.pt
