14:27:10 [INFO] Device=cpu | Perfil=research | red MLP128x5 (82689 params)
14:31:58 [INFO] [Adam 500/10000  4.5%] loss=3.4628e+02  pde=1.988e-01  bc_dirichlet=1.733e+01  interface_flux=1.728e+01  cable_flux=1.000e+00
14:31:58 [INFO] Checkpoint saved: examples\aras_2005_154kv\results_research\checkpoints\model_step_500.pt
14:41:30 [INFO] [Adam 1000/10000  9.1%] loss=2.2449e+02  pde=1.977e-01  bc_dirichlet=1.641e+01  interface_flux=6.022e+00  cable_flux=1.000e+00
14:41:30 [INFO] Checkpoint saved: examples\aras_2005_154kv\results_research\checkpoints\model_step_1000.pt
14:51:06 [INFO] [Adam 1500/10000  13.6%] loss=1.7693e+02  pde=1.981e-01  bc_dirichlet=1.521e+01  interface_flux=2.467e+00  cable_flux=1.000e+00
14:51:06 [INFO] Checkpoint saved: examples\aras_2005_154kv\results_research\checkpoints\model_step_1500.pt
14:58:24 [INFO] [Adam 2000/10000  18.2%] loss=1.4858e+02  pde=1.986e-01  bc_dirichlet=1.381e+01  interface_flux=1.029e+00  cable_flux=1.000e+00
14:58:24 [INFO] Checkpoint saved: examples\aras_2005_154kv\results_research\checkpoints\model_step_2000.pt
15:04:38 [INFO] [Adam 2500/10000  22.7%] loss=1.2827e+02  pde=1.989e-01  bc_dirichlet=1.229e+01  interface_flux=5.160e-01  cable_flux=1.000e+00
15:04:38 [INFO] Checkpoint saved: examples\aras_2005_154kv\results_research\checkpoints\model_step_2500.pt
15:08:01 [INFO] [Adam 3000/10000  27.3%] loss=1.1052e+02  pde=1.990e-01  bc_dirichlet=1.072e+01  interface_flux=3.120e-01  cable_flux=1.000e+00
15:08:01 [INFO] Checkpoint saved: examples\aras_2005_154kv\results_research\checkpoints\model_step_3000.pt
15:11:48 [INFO] [Adam 3500/10000  31.8%] loss=9.3897e+01  pde=1.991e-01  bc_dirichlet=9.169e+00  interface_flux=2.012e-01  cable_flux=1.000e+00
15:11:48 [INFO] Checkpoint saved: examples\aras_2005_154kv\results_research\checkpoints\model_step_3500.pt
15:15:34 [INFO] [Adam 4000/10000  36.4%] loss=7.8486e+01  pde=1.991e-01  bc_dirichlet=7.677e+00  interface_flux=1.516e-01  cable_flux=1.000e+00
15:15:34 [INFO] Checkpoint saved: examples\aras_2005_154kv\results_research\checkpoints\model_step_4000.pt
15:18:20 [INFO] [Adam 4500/10000  40.9%] loss=7.5590e+02  pde=1.980e-01  bc_dirichlet=6.400e+00  interface_flux=6.917e+01  cable_flux=9.999e-01
15:18:20 [INFO] Checkpoint saved: examples\aras_2005_154kv\results_research\checkpoints\model_step_4500.pt
15:21:06 [INFO] [Adam 5000/10000  45.5%] loss=5.3224e+01  pde=1.994e-01  bc_dirichlet=5.212e+00  interface_flux=9.085e-02  cable_flux=1.000e+00
15:21:06 [INFO] Checkpoint saved: examples\aras_2005_154kv\results_research\checkpoints\model_step_5000.pt
15:23:51 [INFO] [Adam 5500/10000  50.0%] loss=4.3396e+01  pde=1.994e-01  bc_dirichlet=4.251e+00  interface_flux=6.859e-02  cable_flux=1.000e+00
15:23:51 [INFO] Checkpoint saved: examples\aras_2005_154kv\results_research\checkpoints\model_step_5500.pt
15:27:08 [INFO] [Adam 6000/10000  54.5%] loss=3.6355e+01  pde=1.996e-01  bc_dirichlet=3.453e+00  interface_flux=1.625e-01  cable_flux=1.000e+00
15:27:08 [INFO] Checkpoint saved: examples\aras_2005_154kv\results_research\checkpoints\model_step_6000.pt
15:29:59 [INFO] [Adam 6500/10000  59.1%] loss=2.7610e+01  pde=1.997e-01  bc_dirichlet=2.698e+00  interface_flux=4.324e-02  cable_flux=1.000e+00
15:29:59 [INFO] Checkpoint saved: examples\aras_2005_154kv\results_research\checkpoints\model_step_6500.pt
15:32:56 [INFO] [Adam 7000/10000  63.6%] loss=2.1735e+01  pde=1.997e-01  bc_dirichlet=2.124e+00  interface_flux=2.974e-02  cable_flux=1.000e+00
15:32:56 [INFO] Checkpoint saved: examples\aras_2005_154kv\results_research\checkpoints\model_step_7000.pt
15:36:37 [INFO] [Adam 7500/10000  68.2%] loss=1.6556e+01  pde=1.997e-01  bc_dirichlet=1.612e+00  interface_flux=2.347e-02  cable_flux=1.000e+00
15:36:37 [INFO] Checkpoint saved: examples\aras_2005_154kv\results_research\checkpoints\model_step_7500.pt
15:39:26 [INFO] [Adam 8000/10000  72.7%] loss=1.3015e+01  pde=1.998e-01  bc_dirichlet=1.263e+00  interface_flux=1.898e-02  cable_flux=1.000e+00
15:39:26 [INFO] Checkpoint saved: examples\aras_2005_154kv\results_research\checkpoints\model_step_8000.pt
15:42:16 [INFO] [Adam 8500/10000  77.3%] loss=9.7793e+00  pde=1.998e-01  bc_dirichlet=9.445e-01  interface_flux=1.347e-02  cable_flux=1.000e+00
15:42:16 [INFO] Checkpoint saved: examples\aras_2005_154kv\results_research\checkpoints\model_step_8500.pt
15:44:56 [INFO] [Adam 9000/10000  81.8%] loss=7.3212e+00  pde=1.999e-01  bc_dirichlet=7.005e-01  interface_flux=1.160e-02  cable_flux=1.000e+00
15:44:56 [INFO] Checkpoint saved: examples\aras_2005_154kv\results_research\checkpoints\model_step_9000.pt
15:47:50 [INFO] [Adam 9500/10000  86.4%] loss=5.4139e+00  pde=1.999e-01  bc_dirichlet=5.141e-01  interface_flux=7.335e-03  cable_flux=1.000e+00
15:47:50 [INFO] Checkpoint saved: examples\aras_2005_154kv\results_research\checkpoints\model_step_9500.pt
15:50:44 [INFO] [Adam 10000/10000  90.9%] loss=4.0370e+00  pde=1.999e-01  bc_dirichlet=3.777e-01  interface_flux=6.008e-03  cable_flux=1.000e+00
15:50:44 [INFO] Checkpoint saved: examples\aras_2005_154kv\results_research\checkpoints\model_step_10000.pt
15:51:00 [INFO] [LBFGS 5/50  91.8%] loss=4.0122e+00
15:51:07 [INFO] [LBFGS 10/50  92.7%] loss=4.0122e+00
15:51:14 [INFO] [LBFGS 15/50  93.6%] loss=4.0122e+00
15:51:21 [INFO] [LBFGS 20/50  94.5%] loss=4.0122e+00
15:51:29 [INFO] [LBFGS 25/50  95.5%] loss=4.0122e+00
15:51:37 [INFO] [LBFGS 30/50  96.4%] loss=4.0122e+00
15:51:45 [INFO] [LBFGS 35/50  97.3%] loss=4.0122e+00
15:51:53 [INFO] [LBFGS 40/50  98.2%] loss=4.0122e+00
15:52:00 [INFO] [LBFGS 45/50  99.1%] loss=4.0122e+00
15:52:07 [INFO] [LBFGS 50/50  100.0%] loss=4.0122e+00
15:52:07 [INFO] Training complete (100%). Final loss=4.0122e+00
15:52:07 [INFO] Modelo guardado: C:\usr\ths_mia_fiis\tesis_MIA_lk\examples\aras_2005_154kv\results_research\model_final.pt
