18:26:19 [INFO] Device=cpu | Perfil=quick | red MLP64x4 (12737 params)
18:27:12 [INFO] [Adam 500/5000  9.1%] loss=8.4246e+00  pde=1.999e-01  bc_dirichlet=7.600e-01  interface_flux=6.247e-02  cable_flux=1.000e+00
18:28:03 [INFO] [Adam 1000/5000  18.2%] loss=3.6338e+00  pde=1.999e-01  bc_dirichlet=2.990e-01  interface_flux=4.442e-02  cable_flux=1.000e+00
18:28:59 [INFO] [Adam 1500/5000  27.3%] loss=1.4133e+00  pde=1.999e-01  bc_dirichlet=9.113e-02  interface_flux=3.021e-02  cable_flux=1.000e+00
18:29:57 [INFO] [Adam 2000/5000  36.4%] loss=6.7240e-01  pde=1.999e-01  bc_dirichlet=2.703e-02  interface_flux=2.021e-02  cable_flux=1.000e+00
18:30:50 [INFO] [Adam 2500/5000  45.5%] loss=4.7621e-01  pde=1.999e-01  bc_dirichlet=1.439e-02  interface_flux=1.324e-02  cable_flux=1.000e+00
18:31:42 [INFO] [Adam 3000/5000  54.5%] loss=4.0925e-01  pde=2.000e-01  bc_dirichlet=1.260e-02  interface_flux=8.332e-03  cable_flux=1.000e+00
18:32:35 [INFO] [Adam 3500/5000  63.6%] loss=3.6979e-01  pde=2.000e-01  bc_dirichlet=1.200e-02  interface_flux=4.987e-03  cable_flux=1.000e+00
18:33:32 [INFO] [Adam 4000/5000  72.7%] loss=3.4307e-01  pde=2.000e-01  bc_dirichlet=1.145e-02  interface_flux=2.861e-03  cable_flux=1.000e+00
18:34:26 [INFO] [Adam 4500/5000  81.8%] loss=3.2502e-01  pde=2.000e-01  bc_dirichlet=1.087e-02  interface_flux=1.629e-03  cable_flux=1.000e+00
18:35:22 [INFO] [Adam 5000/5000  90.9%] loss=3.1212e-01  pde=2.000e-01  bc_dirichlet=1.024e-02  interface_flux=9.704e-04  cable_flux=1.000e+00
18:35:29 [INFO] [LBFGS 2/25  91.6%] loss=3.1148e-01
18:35:34 [INFO] [LBFGS 4/25  92.4%] loss=2.8654e-01
18:35:40 [INFO] [LBFGS 6/25  93.1%] loss=2.8395e-01
18:35:46 [INFO] [LBFGS 8/25  93.8%] loss=2.8144e-01
18:35:52 [INFO] [LBFGS 10/25  94.5%] loss=2.4992e-01
18:35:53 [INFO] [LBFGS 12/25  95.3%] loss=2.4967e-01
18:35:54 [INFO] [LBFGS 14/25  96.0%] loss=2.4967e-01
18:35:55 [INFO] [LBFGS 16/25  96.7%] loss=2.4967e-01
18:35:56 [INFO] [LBFGS 18/25  97.5%] loss=2.4967e-01
18:35:58 [INFO] [LBFGS 20/25  98.2%] loss=2.4967e-01
18:35:59 [INFO] [LBFGS 22/25  98.9%] loss=2.4967e-01
18:36:00 [INFO] [LBFGS 24/25  99.6%] loss=2.4967e-01
18:36:01 [INFO] Training complete (100%). Final loss=2.4967e-01
18:36:01 [INFO] Modelo guardado: C:\usr\ths_mia_fiis\tesis_MIA_lk\examples\aras_2005_154kv_flat\results\model_final.pt
