18:56:23 [INFO] [Adam 50/500  7.1%] loss=8.3097e+07  pde=7.875e+07  bc_dirichlet=4.277e+04  interface_T=3.454e-05  interface_flux=3.923e+05
18:56:26 [INFO] [Adam 100/500  14.3%] loss=3.4462e+07  pde=2.741e+07  bc_dirichlet=4.271e+04  interface_T=4.912e-05  interface_flux=6.622e+05
18:56:28 [INFO] [Adam 150/500  21.4%] loss=2.2102e+07  pde=1.476e+07  bc_dirichlet=4.265e+04  interface_T=5.289e-05  interface_flux=6.918e+05
18:56:30 [INFO] [Adam 200/500  28.6%] loss=1.7024e+07  pde=9.731e+06  bc_dirichlet=4.264e+04  interface_T=5.326e-05  interface_flux=6.867e+05
18:56:32 [INFO] [Adam 250/500  35.7%] loss=1.5810e+07  pde=8.655e+06  bc_dirichlet=4.265e+04  interface_T=5.270e-05  interface_flux=6.728e+05
18:56:35 [INFO] [Adam 300/500  42.9%] loss=1.4775e+07  pde=7.510e+06  bc_dirichlet=4.267e+04  interface_T=5.429e-05  interface_flux=6.838e+05
18:56:37 [INFO] [Adam 350/500  50.0%] loss=1.2704e+07  pde=6.318e+06  bc_dirichlet=4.270e+04  interface_T=4.897e-05  interface_flux=5.959e+05
18:56:39 [INFO] [Adam 400/500  57.1%] loss=1.0209e+07  pde=4.379e+06  bc_dirichlet=4.272e+04  interface_T=4.744e-05  interface_flux=5.403e+05
18:56:41 [INFO] [Adam 450/500  64.3%] loss=8.2428e+06  pde=3.885e+06  bc_dirichlet=4.273e+04  interface_T=3.749e-05  interface_flux=3.931e+05
18:56:43 [INFO] [Adam 500/500  71.4%] loss=4.9506e+06  pde=1.098e+06  bc_dirichlet=4.274e+04  interface_T=3.678e-05  interface_flux=3.425e+05
18:56:45 [INFO] [LBFGS 1/10  74.3%] loss=5.9757e+06
18:56:47 [INFO] [LBFGS 2/10  77.1%] loss=nan
18:56:48 [INFO] [LBFGS 3/10  80.0%] loss=nan
18:56:49 [INFO] [LBFGS 4/10  82.9%] loss=nan
18:56:50 [INFO] [LBFGS 5/10  85.7%] loss=nan
18:56:52 [INFO] [LBFGS 6/10  88.6%] loss=nan
18:56:54 [INFO] [LBFGS 7/10  91.4%] loss=nan
18:56:55 [INFO] [LBFGS 8/10  94.3%] loss=nan
18:56:56 [INFO] [LBFGS 9/10  97.1%] loss=nan
18:56:57 [INFO] [LBFGS 10/10  100.0%] loss=nan
18:56:57 [INFO] Training complete (100%). Final loss=nan
19:04:38 [INFO] Device: cpu
19:04:43 [INFO] [Adam 50/500  10.0%] loss=8.3097e+07  pde=7.875e+07  bc_dirichlet=4.277e+04  interface_T=3.454e-05  interface_flux=3.923e+05
19:04:47 [INFO] [Adam 100/500  20.0%] loss=3.4462e+07  pde=2.741e+07  bc_dirichlet=4.271e+04  interface_T=4.912e-05  interface_flux=6.622e+05
19:04:49 [INFO] [Adam 150/500  30.0%] loss=2.2102e+07  pde=1.476e+07  bc_dirichlet=4.265e+04  interface_T=5.289e-05  interface_flux=6.918e+05
19:04:52 [INFO] [Adam 200/500  40.0%] loss=1.7024e+07  pde=9.731e+06  bc_dirichlet=4.264e+04  interface_T=5.326e-05  interface_flux=6.867e+05
19:04:55 [INFO] [Adam 250/500  50.0%] loss=1.5810e+07  pde=8.655e+06  bc_dirichlet=4.265e+04  interface_T=5.270e-05  interface_flux=6.728e+05
19:04:57 [INFO] [Adam 300/500  60.0%] loss=1.4775e+07  pde=7.510e+06  bc_dirichlet=4.267e+04  interface_T=5.429e-05  interface_flux=6.838e+05
19:05:00 [INFO] [Adam 350/500  70.0%] loss=1.2704e+07  pde=6.318e+06  bc_dirichlet=4.270e+04  interface_T=4.897e-05  interface_flux=5.959e+05
19:05:03 [INFO] [Adam 400/500  80.0%] loss=1.0209e+07  pde=4.379e+06  bc_dirichlet=4.272e+04  interface_T=4.744e-05  interface_flux=5.403e+05
19:05:06 [INFO] [Adam 450/500  90.0%] loss=8.2428e+06  pde=3.885e+06  bc_dirichlet=4.273e+04  interface_T=3.749e-05  interface_flux=3.931e+05
19:05:08 [INFO] [Adam 500/500  100.0%] loss=4.9506e+06  pde=1.098e+06  bc_dirichlet=4.274e+04  interface_T=3.678e-05  interface_flux=3.425e+05
19:05:08 [INFO] Training complete (100%). Final loss=4.9506e+06
19:05:55 [INFO] Device: cpu
19:05:59 [INFO] [Adam 50/500  10.0%] loss=8.3097e+07  pde=7.875e+07  bc_dirichlet=4.277e+04  interface_T=3.454e-05  interface_flux=3.923e+05
19:06:03 [INFO] [Adam 100/500  20.0%] loss=3.4462e+07  pde=2.741e+07  bc_dirichlet=4.271e+04  interface_T=4.912e-05  interface_flux=6.622e+05
19:06:05 [INFO] [Adam 150/500  30.0%] loss=2.2102e+07  pde=1.476e+07  bc_dirichlet=4.265e+04  interface_T=5.289e-05  interface_flux=6.918e+05
19:06:08 [INFO] [Adam 200/500  40.0%] loss=1.7024e+07  pde=9.731e+06  bc_dirichlet=4.264e+04  interface_T=5.326e-05  interface_flux=6.867e+05
19:06:11 [INFO] [Adam 250/500  50.0%] loss=1.5810e+07  pde=8.655e+06  bc_dirichlet=4.265e+04  interface_T=5.270e-05  interface_flux=6.728e+05
19:06:14 [INFO] [Adam 300/500  60.0%] loss=1.4775e+07  pde=7.510e+06  bc_dirichlet=4.267e+04  interface_T=5.429e-05  interface_flux=6.838e+05
19:06:17 [INFO] [Adam 350/500  70.0%] loss=1.2704e+07  pde=6.318e+06  bc_dirichlet=4.270e+04  interface_T=4.897e-05  interface_flux=5.959e+05
19:06:20 [INFO] [Adam 400/500  80.0%] loss=1.0209e+07  pde=4.379e+06  bc_dirichlet=4.272e+04  interface_T=4.744e-05  interface_flux=5.403e+05
19:06:23 [INFO] [Adam 450/500  90.0%] loss=8.2428e+06  pde=3.885e+06  bc_dirichlet=4.273e+04  interface_T=3.749e-05  interface_flux=3.931e+05
19:06:25 [INFO] [Adam 500/500  100.0%] loss=4.9506e+06  pde=1.098e+06  bc_dirichlet=4.274e+04  interface_T=3.678e-05  interface_flux=3.425e+05
19:06:25 [INFO] Training complete (100%). Final loss=4.9506e+06
19:07:51 [INFO] Device: cpu
19:07:55 [INFO] [Adam 50/500  10.0%] loss=8.3097e+07  pde=7.875e+07  bc_dirichlet=4.277e+04  interface_T=3.454e-05  interface_flux=3.923e+05
19:07:57 [INFO] [Adam 100/500  20.0%] loss=3.4462e+07  pde=2.741e+07  bc_dirichlet=4.271e+04  interface_T=4.912e-05  interface_flux=6.622e+05
19:08:00 [INFO] [Adam 150/500  30.0%] loss=2.2102e+07  pde=1.476e+07  bc_dirichlet=4.265e+04  interface_T=5.289e-05  interface_flux=6.918e+05
19:08:03 [INFO] [Adam 200/500  40.0%] loss=1.7024e+07  pde=9.731e+06  bc_dirichlet=4.264e+04  interface_T=5.326e-05  interface_flux=6.867e+05
19:08:06 [INFO] [Adam 250/500  50.0%] loss=1.5810e+07  pde=8.655e+06  bc_dirichlet=4.265e+04  interface_T=5.270e-05  interface_flux=6.728e+05
19:08:08 [INFO] [Adam 300/500  60.0%] loss=1.4775e+07  pde=7.510e+06  bc_dirichlet=4.267e+04  interface_T=5.429e-05  interface_flux=6.838e+05
19:08:11 [INFO] [Adam 350/500  70.0%] loss=1.2704e+07  pde=6.318e+06  bc_dirichlet=4.270e+04  interface_T=4.897e-05  interface_flux=5.959e+05
19:08:14 [INFO] [Adam 400/500  80.0%] loss=1.0209e+07  pde=4.379e+06  bc_dirichlet=4.272e+04  interface_T=4.744e-05  interface_flux=5.403e+05
19:08:17 [INFO] [Adam 450/500  90.0%] loss=8.2428e+06  pde=3.885e+06  bc_dirichlet=4.273e+04  interface_T=3.749e-05  interface_flux=3.931e+05
19:08:20 [INFO] [Adam 500/500  100.0%] loss=4.9506e+06  pde=1.098e+06  bc_dirichlet=4.274e+04  interface_T=3.678e-05  interface_flux=3.425e+05
19:08:20 [INFO] Training complete (100%). Final loss=4.9506e+06
19:09:04 [INFO] Device: cpu
19:09:08 [INFO] [Adam 50/500  10.0%] loss=8.2665e+07  pde=7.874e+07  bc_dirichlet=1.597e+00  interface_T=3.452e-05  interface_flux=3.921e+05
19:09:10 [INFO] [Adam 100/500  20.0%] loss=3.4031e+07  pde=2.741e+07  bc_dirichlet=4.087e+00  interface_T=4.914e-05  interface_flux=6.623e+05
19:09:13 [INFO] [Adam 150/500  30.0%] loss=2.1672e+07  pde=1.475e+07  bc_dirichlet=1.144e+01  interface_T=5.289e-05  interface_flux=6.918e+05
19:09:15 [INFO] [Adam 200/500  40.0%] loss=1.6596e+07  pde=9.730e+06  bc_dirichlet=1.476e+01  interface_T=5.325e-05  interface_flux=6.866e+05
19:09:18 [INFO] [Adam 250/500  50.0%] loss=1.5384e+07  pde=8.659e+06  bc_dirichlet=1.518e+01  interface_T=5.267e-05  interface_flux=6.725e+05
19:09:20 [INFO] [Adam 300/500  60.0%] loss=1.4442e+07  pde=7.548e+06  bc_dirichlet=1.521e+01  interface_T=5.471e-05  interface_flux=6.894e+05
19:09:23 [INFO] [Adam 350/500  70.0%] loss=1.2475e+07  pde=6.214e+06  bc_dirichlet=1.505e+01  interface_T=5.155e-05  interface_flux=6.261e+05
19:09:25 [INFO] [Adam 400/500  80.0%] loss=1.0589e+07  pde=6.006e+06  bc_dirichlet=1.532e+01  interface_T=4.112e-05  interface_flux=4.582e+05
19:09:28 [INFO] [Adam 450/500  90.0%] loss=6.0716e+06  pde=1.968e+06  bc_dirichlet=1.545e+01  interface_T=4.007e-05  interface_flux=4.103e+05
19:09:30 [INFO] [Adam 500/500  100.0%] loss=4.5500e+06  pde=1.062e+06  bc_dirichlet=1.524e+01  interface_T=3.662e-05  interface_flux=3.488e+05
19:09:30 [INFO] Training complete (100%). Final loss=4.5500e+06
19:10:44 [INFO] Device: cpu
19:10:54 [INFO] [Adam 200/3000  6.2%] loss=2.6292e+07  pde=2.554e+07  bc_dirichlet=2.944e+01  interface_T=6.554e-05  interface_flux=7.567e+05
19:11:03 [INFO] [Adam 400/3000  12.5%] loss=8.2558e+06  pde=7.452e+06  bc_dirichlet=2.774e+01  interface_T=7.466e-05  interface_flux=8.034e+05
19:11:12 [INFO] [Adam 600/3000  18.8%] loss=2.3975e+06  pde=1.796e+06  bc_dirichlet=2.105e+01  interface_T=5.842e-05  interface_flux=6.008e+05
19:11:20 [INFO] [Adam 800/3000  25.0%] loss=3.3279e+06  pde=2.842e+06  bc_dirichlet=1.692e+01  interface_T=4.864e-05  interface_flux=4.854e+05
19:11:30 [INFO] [Adam 1000/3000  31.2%] loss=2.5882e+06  pde=2.125e+06  bc_dirichlet=1.437e+01  interface_T=4.684e-05  interface_flux=4.634e+05
19:11:32 [INFO] Device: cpu
19:11:43 [INFO] [Adam 1200/3000  37.5%] loss=2.7260e+06  pde=2.309e+06  bc_dirichlet=1.268e+01  interface_T=4.308e-05  interface_flux=4.166e+05
19:11:49 [INFO] [Adam 200/3000  6.2%] loss=2.6292e+07  pde=2.554e+07  bc_dirichlet=2.944e+01  interface_T=6.554e-05  interface_flux=7.567e+05
19:11:57 [INFO] [Adam 1400/3000  43.8%] loss=1.3512e+06  pde=9.381e+05  bc_dirichlet=1.137e+01  interface_T=4.428e-05  interface_flux=4.129e+05
19:12:04 [INFO] [Adam 400/3000  12.5%] loss=8.2558e+06  pde=7.452e+06  bc_dirichlet=2.774e+01  interface_T=7.466e-05  interface_flux=8.034e+05
19:12:13 [INFO] [Adam 1600/3000  50.0%] loss=3.2387e+06  pde=2.874e+06  bc_dirichlet=1.043e+01  interface_T=3.963e-05  interface_flux=3.644e+05
19:12:19 [INFO] [Adam 600/3000  18.8%] loss=2.3975e+06  pde=1.796e+06  bc_dirichlet=2.105e+01  interface_T=5.842e-05  interface_flux=6.008e+05
19:12:26 [INFO] [Adam 1800/3000  56.2%] loss=2.1240e+06  pde=1.720e+06  bc_dirichlet=9.866e+00  interface_T=4.291e-05  interface_flux=4.035e+05
19:12:32 [INFO] [Adam 800/3000  25.0%] loss=3.3279e+06  pde=2.842e+06  bc_dirichlet=1.692e+01  interface_T=4.864e-05  interface_flux=4.854e+05
19:12:40 [INFO] [Adam 2000/3000  62.5%] loss=1.1659e+06  pde=7.825e+05  bc_dirichlet=9.509e+00  interface_T=4.104e-05  interface_flux=3.834e+05
19:12:46 [INFO] [Adam 1000/3000  31.2%] loss=2.5882e+06  pde=2.125e+06  bc_dirichlet=1.437e+01  interface_T=4.684e-05  interface_flux=4.634e+05
19:12:54 [INFO] [Adam 2200/3000  68.8%] loss=1.1858e+06  pde=8.289e+05  bc_dirichlet=9.199e+00  interface_T=3.927e-05  interface_flux=3.568e+05
19:13:01 [INFO] [Adam 1200/3000  37.5%] loss=2.7260e+06  pde=2.309e+06  bc_dirichlet=1.268e+01  interface_T=4.308e-05  interface_flux=4.166e+05
19:13:10 [INFO] [Adam 2400/3000  75.0%] loss=1.2832e+06  pde=9.297e+05  bc_dirichlet=8.886e+00  interface_T=3.890e-05  interface_flux=3.534e+05
19:13:15 [INFO] [Adam 1400/3000  43.8%] loss=1.3512e+06  pde=9.381e+05  bc_dirichlet=1.137e+01  interface_T=4.428e-05  interface_flux=4.129e+05
19:13:23 [INFO] [Adam 2600/3000  81.2%] loss=2.5762e+06  pde=2.204e+06  bc_dirichlet=8.569e+00  interface_T=4.038e-05  interface_flux=3.717e+05
19:13:28 [INFO] [Adam 1600/3000  50.0%] loss=3.2387e+06  pde=2.874e+06  bc_dirichlet=1.043e+01  interface_T=3.963e-05  interface_flux=3.644e+05
19:13:37 [INFO] [Adam 2800/3000  87.5%] loss=1.0821e+06  pde=7.224e+05  bc_dirichlet=8.221e+00  interface_T=3.927e-05  interface_flux=3.596e+05
19:13:43 [INFO] [Adam 1800/3000  56.2%] loss=2.1240e+06  pde=1.720e+06  bc_dirichlet=9.866e+00  interface_T=4.291e-05  interface_flux=4.035e+05
19:13:53 [INFO] [Adam 3000/3000  93.8%] loss=1.0537e+06  pde=7.041e+05  bc_dirichlet=7.851e+00  interface_T=3.840e-05  interface_flux=3.495e+05
19:13:55 [INFO] [LBFGS 1/10  94.4%] loss=1.0194e+06
19:13:57 [INFO] [LBFGS 2/10  95.0%] loss=nan
19:13:59 [INFO] [LBFGS 3/10  95.6%] loss=nan
19:13:59 [INFO] [Adam 2000/3000  62.5%] loss=1.1659e+06  pde=7.825e+05  bc_dirichlet=9.509e+00  interface_T=4.104e-05  interface_flux=3.834e+05
19:14:01 [INFO] [LBFGS 4/10  96.2%] loss=nan
19:14:03 [INFO] [LBFGS 5/10  96.9%] loss=nan
19:14:05 [INFO] [LBFGS 6/10  97.5%] loss=nan
19:14:07 [INFO] [LBFGS 7/10  98.1%] loss=nan
19:14:09 [INFO] [LBFGS 8/10  98.8%] loss=nan
19:14:11 [INFO] [LBFGS 9/10  99.4%] loss=nan
19:14:13 [INFO] [LBFGS 10/10  100.0%] loss=nan
19:14:13 [INFO] Training complete (100%). Final loss=nan
19:14:14 [INFO] [Adam 2200/3000  68.8%] loss=1.1858e+06  pde=8.289e+05  bc_dirichlet=9.199e+00  interface_T=3.927e-05  interface_flux=3.568e+05
19:14:24 [INFO] [Adam 2400/3000  75.0%] loss=1.2832e+06  pde=9.297e+05  bc_dirichlet=8.886e+00  interface_T=3.890e-05  interface_flux=3.534e+05
19:14:33 [INFO] [Adam 2600/3000  81.2%] loss=2.5762e+06  pde=2.204e+06  bc_dirichlet=8.569e+00  interface_T=4.038e-05  interface_flux=3.717e+05
19:14:44 [INFO] [Adam 2800/3000  87.5%] loss=1.0821e+06  pde=7.224e+05  bc_dirichlet=8.221e+00  interface_T=3.927e-05  interface_flux=3.596e+05
19:14:54 [INFO] [Adam 3000/3000  93.8%] loss=1.0537e+06  pde=7.041e+05  bc_dirichlet=7.851e+00  interface_T=3.840e-05  interface_flux=3.495e+05
19:14:55 [INFO] [LBFGS 1/10  94.4%] loss=1.0194e+06
19:14:57 [INFO] [LBFGS 2/10  95.0%] loss=nan
19:14:58 [INFO] [LBFGS 3/10  95.6%] loss=nan
19:15:00 [INFO] [LBFGS 4/10  96.2%] loss=nan
19:15:02 [INFO] [LBFGS 5/10  96.9%] loss=nan
19:15:04 [INFO] [LBFGS 6/10  97.5%] loss=nan
19:15:06 [INFO] [LBFGS 7/10  98.1%] loss=nan
19:15:07 [INFO] [LBFGS 8/10  98.8%] loss=nan
19:15:09 [INFO] [LBFGS 9/10  99.4%] loss=nan
19:15:10 [INFO] [LBFGS 10/10  100.0%] loss=nan
19:15:10 [INFO] Training complete (100%). Final loss=nan
19:16:08 [INFO] Device: cpu
19:16:19 [INFO] [Adam 200/3000  6.7%] loss=2.6292e+07  pde=2.554e+07  bc_dirichlet=2.944e+01  interface_T=6.554e-05  interface_flux=7.567e+05
19:16:27 [INFO] [Adam 400/3000  13.3%] loss=8.2558e+06  pde=7.452e+06  bc_dirichlet=2.774e+01  interface_T=7.466e-05  interface_flux=8.034e+05
19:16:36 [INFO] [Adam 600/3000  20.0%] loss=2.3975e+06  pde=1.796e+06  bc_dirichlet=2.105e+01  interface_T=5.842e-05  interface_flux=6.008e+05
19:16:46 [INFO] [Adam 800/3000  26.7%] loss=3.3279e+06  pde=2.842e+06  bc_dirichlet=1.692e+01  interface_T=4.864e-05  interface_flux=4.854e+05
19:16:55 [INFO] [Adam 1000/3000  33.3%] loss=2.5882e+06  pde=2.125e+06  bc_dirichlet=1.437e+01  interface_T=4.684e-05  interface_flux=4.634e+05
19:17:04 [INFO] [Adam 1200/3000  40.0%] loss=2.7260e+06  pde=2.309e+06  bc_dirichlet=1.268e+01  interface_T=4.308e-05  interface_flux=4.166e+05
19:17:13 [INFO] [Adam 1400/3000  46.7%] loss=1.3512e+06  pde=9.381e+05  bc_dirichlet=1.137e+01  interface_T=4.428e-05  interface_flux=4.129e+05
19:17:22 [INFO] [Adam 1600/3000  53.3%] loss=3.2387e+06  pde=2.874e+06  bc_dirichlet=1.043e+01  interface_T=3.963e-05  interface_flux=3.644e+05
19:17:31 [INFO] [Adam 1800/3000  60.0%] loss=2.1240e+06  pde=1.720e+06  bc_dirichlet=9.866e+00  interface_T=4.291e-05  interface_flux=4.035e+05
19:17:41 [INFO] [Adam 2000/3000  66.7%] loss=1.1659e+06  pde=7.825e+05  bc_dirichlet=9.509e+00  interface_T=4.104e-05  interface_flux=3.834e+05
19:17:51 [INFO] [Adam 2200/3000  73.3%] loss=1.1858e+06  pde=8.289e+05  bc_dirichlet=9.199e+00  interface_T=3.927e-05  interface_flux=3.568e+05
19:18:00 [INFO] [Adam 2400/3000  80.0%] loss=1.2832e+06  pde=9.297e+05  bc_dirichlet=8.886e+00  interface_T=3.890e-05  interface_flux=3.534e+05
19:18:10 [INFO] [Adam 2600/3000  86.7%] loss=2.5762e+06  pde=2.204e+06  bc_dirichlet=8.569e+00  interface_T=4.038e-05  interface_flux=3.717e+05
19:18:20 [INFO] [Adam 2800/3000  93.3%] loss=1.0821e+06  pde=7.224e+05  bc_dirichlet=8.221e+00  interface_T=3.927e-05  interface_flux=3.596e+05
19:18:30 [INFO] [Adam 3000/3000  100.0%] loss=1.0537e+06  pde=7.041e+05  bc_dirichlet=7.851e+00  interface_T=3.840e-05  interface_flux=3.495e+05
19:18:30 [INFO] Training complete (100%). Final loss=1.0537e+06
19:18:52 [INFO] Device: cpu
19:19:24 [INFO] [Adam 500/5000  9.1%] loss=2.7960e+06  pde=2.152e+06  bc_dirichlet=2.427e+01  interface_T=6.239e-05  interface_flux=6.440e+05
19:19:53 [INFO] [Adam 1000/5000  18.2%] loss=5.4699e+05  pde=1.338e+05  bc_dirichlet=1.785e+01  interface_T=4.314e-05  interface_flux=4.130e+05
19:20:18 [INFO] [Adam 1500/5000  27.3%] loss=3.4145e+06  pde=2.309e+06  bc_dirichlet=1.658e+01  interface_T=9.626e-05  interface_flux=1.105e+06
19:20:38 [INFO] [Adam 2000/5000  36.4%] loss=9.6057e+05  pde=2.954e+05  bc_dirichlet=8.616e+00  interface_T=5.878e-05  interface_flux=6.651e+05
19:21:00 [INFO] [Adam 2500/5000  45.5%] loss=6.3497e+05  pde=4.945e+04  bc_dirichlet=6.114e+00  interface_T=4.700e-05  interface_flux=5.855e+05
19:21:22 [INFO] [Adam 3000/5000  54.5%] loss=3.4294e+07  pde=3.399e+07  bc_dirichlet=3.808e+00  interface_T=3.180e-05  interface_flux=3.002e+05
19:21:44 [INFO] [Adam 3500/5000  63.6%] loss=2.7964e+08  pde=2.700e+08  bc_dirichlet=2.420e+00  interface_T=9.487e-04  interface_flux=9.622e+06
19:22:04 [INFO] [Adam 4000/5000  72.7%] loss=6.9518e+05  pde=4.606e+04  bc_dirichlet=4.366e+00  interface_T=6.041e-05  interface_flux=6.491e+05
19:22:25 [INFO] [Adam 4500/5000  81.8%] loss=3.7105e+05  pde=1.298e+05  bc_dirichlet=1.115e+00  interface_T=3.126e-05  interface_flux=2.412e+05
19:22:46 [INFO] [Adam 5000/5000  90.9%] loss=2.7985e+06  pde=2.890e+05  bc_dirichlet=9.184e+00  interface_T=1.811e-04  interface_flux=2.509e+06
19:22:48 [INFO] [LBFGS 2/25  91.6%] loss=9.6643e+06
19:22:49 [INFO] [LBFGS 4/25  92.4%] loss=1.3596e+06
19:22:50 [INFO] [LBFGS 6/25  93.1%] loss=1.3596e+06
19:22:50 [INFO] [LBFGS 8/25  93.8%] loss=1.3596e+06
19:22:50 [INFO] [LBFGS 10/25  94.5%] loss=1.3596e+06
19:22:51 [INFO] [LBFGS 12/25  95.3%] loss=1.3596e+06
19:22:51 [INFO] [LBFGS 14/25  96.0%] loss=1.3596e+06
19:22:51 [INFO] [LBFGS 16/25  96.7%] loss=1.3596e+06
19:22:52 [INFO] [LBFGS 18/25  97.5%] loss=1.3596e+06
19:22:52 [INFO] [LBFGS 20/25  98.2%] loss=1.3596e+06
19:22:52 [INFO] [LBFGS 22/25  98.9%] loss=1.3596e+06
19:22:53 [INFO] [LBFGS 24/25  99.6%] loss=1.3596e+06
19:22:53 [INFO] Training complete (100%). Final loss=1.3596e+06
