09:08:59 [INFO] Device=cpu | Perfil=research | red MLP128x5 (82689 params)
09:20:06 [INFO] [Adam 500/10000  5.0%] loss=6.1033e+00  pde=5.980e+00  bc=2.469e-03
09:31:15 [INFO] [Adam 1000/10000  10.0%] loss=2.4429e+00  pde=2.410e+00  bc=6.591e-04
09:42:42 [INFO] [Adam 1500/10000  15.0%] loss=1.3474e+00  pde=1.307e+00  bc=7.989e-04
09:54:29 [INFO] [Adam 2000/10000  20.0%] loss=8.4367e-01  pde=7.332e-01  bc=2.210e-03
10:05:45 [INFO] [Adam 2500/10000  25.0%] loss=4.6084e-01  pde=4.564e-01  bc=8.792e-05
10:15:20 [INFO] [Adam 3000/10000  30.0%] loss=3.3290e-01  pde=3.199e-01  bc=2.603e-04
10:23:43 [INFO] [Adam 3500/10000  35.0%] loss=2.5678e-01  pde=2.547e-01  bc=4.087e-05
10:32:03 [INFO] [Adam 4000/10000  40.0%] loss=1.9134e-01  pde=1.883e-01  bc=6.148e-05
10:40:39 [INFO] [Adam 4500/10000  45.0%] loss=1.7551e-01  pde=1.738e-01  bc=3.485e-05
10:49:19 [INFO] [Adam 5000/10000  50.0%] loss=1.3217e-01  pde=1.295e-01  bc=5.317e-05
10:58:34 [INFO] [Adam 5500/10000  55.0%] loss=1.1824e-01  pde=1.100e-01  bc=1.644e-04
11:06:37 [INFO] [Adam 6000/10000  60.0%] loss=9.2338e-02  pde=9.040e-02  bc=3.885e-05
11:14:06 [INFO] [Adam 6500/10000  65.0%] loss=1.4703e-01  pde=8.940e-02  bc=1.153e-03
11:21:25 [INFO] [Adam 7000/10000  70.0%] loss=7.7531e-02  pde=7.182e-02  bc=1.142e-04
11:28:51 [INFO] [Adam 7500/10000  75.0%] loss=1.3563e-01  pde=6.141e-02  bc=1.484e-03
11:36:39 [INFO] [Adam 8000/10000  80.0%] loss=1.8710e-01  pde=5.387e-02  bc=2.665e-03
11:44:44 [INFO] [Adam 8500/10000  85.0%] loss=4.8903e-02  pde=4.832e-02  bc=1.170e-05
11:52:55 [INFO] [Adam 9000/10000  90.0%] loss=4.5967e-02  pde=4.568e-02  bc=5.773e-06
12:00:50 [INFO] [Adam 9500/10000  95.0%] loss=4.1211e-02  pde=4.088e-02  bc=6.694e-06
12:08:49 [INFO] [Adam 10000/10000  100.0%] loss=4.5447e-02  pde=4.428e-02  bc=2.336e-05
12:08:49 [INFO] L-BFGS start — Adam final loss (baseline): 4.5447e-02
12:09:09 [INFO] [LBFGS 1/25  99.8%] loss=7.2738e-01
12:09:30 [INFO] [LBFGS 2/25  99.8%] loss=1.5686e-01
12:09:53 [INFO] [LBFGS 3/25  99.8%] loss=9.9309e-02
12:10:15 [INFO] [LBFGS 4/25  99.8%] loss=7.9510e-02
12:10:36 [INFO] [LBFGS 5/25  99.8%] loss=6.4360e-02
12:10:57 [INFO] [LBFGS 6/25  99.8%] loss=5.5562e-02
12:11:18 [INFO] [LBFGS 7/25  99.8%] loss=4.8636e-02
12:11:38 [INFO] [LBFGS 8/25  99.8%] loss=4.3225e-02
12:11:59 [INFO] [LBFGS 9/25  99.8%] loss=3.7624e-02
12:12:20 [INFO] [LBFGS 10/25  99.9%] loss=3.3477e-02
12:12:42 [INFO] [LBFGS 11/25  99.9%] loss=2.9962e-02
12:13:02 [INFO] [LBFGS 12/25  99.9%] loss=2.6992e-02
12:13:22 [INFO] [LBFGS 13/25  99.9%] loss=2.4346e-02
12:13:45 [INFO] [LBFGS 14/25  99.9%] loss=2.1870e-02
12:14:06 [INFO] [LBFGS 15/25  99.9%] loss=1.9776e-02
12:14:27 [INFO] [LBFGS 16/25  99.9%] loss=1.7834e-02
12:14:48 [INFO] [LBFGS 17/25  99.9%] loss=1.6214e-02
12:15:09 [INFO] [LBFGS 18/25  99.9%] loss=1.4863e-02
12:15:30 [INFO] [LBFGS 19/25  99.9%] loss=1.3629e-02
12:15:51 [INFO] [LBFGS 20/25  100.0%] loss=1.2529e-02
12:16:12 [INFO] [LBFGS 21/25  100.0%] loss=1.1525e-02
12:16:32 [INFO] [LBFGS 22/25  100.0%] loss=1.0709e-02
12:16:52 [INFO] [LBFGS 23/25  100.0%] loss=9.8397e-03
12:17:14 [INFO] [LBFGS 24/25  100.0%] loss=9.0589e-03
12:17:33 [INFO] [LBFGS 25/25  100.0%] loss=8.5239e-03
12:17:33 [INFO] L-BFGS done — restored best state (loss=8.5239e-03)
12:17:33 [INFO] Adam2 fine-tuning: 500 steps at lr=1.0e-05
12:25:09 [INFO] [Adam2 500/500] loss=3.9905e-01  pde=1.285e-01  bc=5.411e-03
12:25:09 [INFO] Modelo guardado: C:\usr\ths_mia_fiis\tesis_MIA_lk\examples\kim_2024_154kv_bedding\results_research\model_final.pt
10:25:21 [INFO] Device=cpu | Perfil=research | red MLP128x5 (66561 params)
10:28:45 [INFO] [Adam 500/10000  5.0%] loss=6.4398e+00  pde=1.528e+00  bc=9.824e-02
10:32:20 [INFO] [Adam 1000/10000  10.0%] loss=1.3486e+00  pde=8.451e-01  bc=1.007e-02
10:35:57 [INFO] [Adam 1500/10000  15.0%] loss=6.6696e-01  pde=4.481e-01  bc=4.378e-03
10:39:33 [INFO] [Adam 2000/10000  20.0%] loss=1.5058e+00  pde=7.003e-01  bc=1.611e-02
10:43:11 [INFO] [Adam 2500/10000  25.0%] loss=6.5920e-01  pde=4.519e-01  bc=4.145e-03
10:46:48 [INFO] [Adam 3000/10000  30.0%] loss=6.9107e-01  pde=4.663e-01  bc=4.496e-03
10:50:21 [INFO] [Adam 3500/10000  35.0%] loss=4.9462e-01  pde=3.834e-01  bc=2.224e-03
10:53:53 [INFO] [Adam 4000/10000  40.0%] loss=2.0244e-01  pde=1.858e-01  bc=3.326e-04
10:57:29 [INFO] [Adam 4500/10000  45.0%] loss=2.3498e-01  pde=2.024e-01  bc=6.512e-04
11:01:02 [INFO] [Adam 5000/10000  50.0%] loss=1.1465e-01  pde=9.716e-02  bc=3.499e-04
11:04:37 [INFO] [Adam 5500/10000  55.0%] loss=5.1027e-01  pde=3.711e-01  bc=2.782e-03
11:08:09 [INFO] [Adam 6000/10000  60.0%] loss=2.4173e-01  pde=2.122e-01  bc=5.897e-04
11:11:48 [INFO] [Adam 6500/10000  65.0%] loss=2.4809e-01  pde=2.138e-01  bc=6.859e-04
11:15:19 [INFO] [Adam 7000/10000  70.0%] loss=2.0932e-01  pde=1.860e-01  bc=4.661e-04
11:18:50 [INFO] [Adam 7500/10000  75.0%] loss=2.1527e-01  pde=1.779e-01  bc=7.467e-04
11:22:23 [INFO] [Adam 8000/10000  80.0%] loss=1.7661e-01  pde=1.464e-01  bc=6.039e-04
11:25:54 [INFO] [Adam 8500/10000  85.0%] loss=1.1190e-01  pde=1.073e-01  bc=9.208e-05
11:29:34 [INFO] [Adam 9000/10000  90.0%] loss=3.9692e-01  pde=2.110e-01  bc=3.718e-03
11:33:08 [INFO] [Adam 9500/10000  95.0%] loss=1.0616e-01  pde=1.014e-01  bc=9.616e-05
11:36:55 [INFO] [Adam 10000/10000  100.0%] loss=6.7472e-02  pde=6.439e-02  bc=6.167e-05
11:36:55 [INFO] L-BFGS start — Adam final loss (baseline): 6.7472e-02
11:37:05 [INFO] [LBFGS 1/25  99.8%] loss=1.3159e+00
11:37:14 [INFO] [LBFGS 2/25  99.8%] loss=1.5912e-01
11:37:25 [INFO] [LBFGS 3/25  99.8%] loss=1.1898e-01
11:37:36 [INFO] [LBFGS 4/25  99.8%] loss=9.6353e-02
11:37:47 [INFO] [LBFGS 5/25  99.8%] loss=8.4336e-02
11:37:59 [INFO] [LBFGS 6/25  99.8%] loss=7.4157e-02
11:38:09 [INFO] [LBFGS 7/25  99.8%] loss=6.8651e-02
11:38:19 [INFO] [LBFGS 8/25  99.8%] loss=6.0823e-02
11:38:34 [INFO] [LBFGS 9/25  99.8%] loss=5.5302e-02
11:38:48 [INFO] [LBFGS 10/25  99.9%] loss=5.2462e-02
11:39:01 [INFO] [LBFGS 11/25  99.9%] loss=4.9395e-02
11:39:12 [INFO] [LBFGS 12/25  99.9%] loss=4.7228e-02
11:39:22 [INFO] [LBFGS 13/25  99.9%] loss=4.4109e-02
11:39:32 [INFO] [LBFGS 14/25  99.9%] loss=4.1788e-02
11:39:44 [INFO] [LBFGS 15/25  99.9%] loss=4.0144e-02
11:39:54 [INFO] [LBFGS 16/25  99.9%] loss=3.8754e-02
11:40:04 [INFO] [LBFGS 17/25  99.9%] loss=3.6580e-02
11:40:16 [INFO] [LBFGS 18/25  99.9%] loss=3.5049e-02
11:40:31 [INFO] [LBFGS 19/25  99.9%] loss=3.3828e-02
11:40:47 [INFO] [LBFGS 20/25  100.0%] loss=3.2656e-02
11:41:00 [INFO] [LBFGS 21/25  100.0%] loss=3.1586e-02
11:41:13 [INFO] [LBFGS 22/25  100.0%] loss=3.0610e-02
11:41:26 [INFO] [LBFGS 23/25  100.0%] loss=2.9608e-02
11:41:39 [INFO] [LBFGS 24/25  100.0%] loss=2.8875e-02
11:41:50 [INFO] [LBFGS 25/25  100.0%] loss=2.8314e-02
11:41:50 [INFO] L-BFGS done — restored best state (loss=2.8314e-02)
11:41:50 [INFO] Adam2 fine-tuning: 500 steps at lr=1.0e-05
11:45:43 [INFO] [Adam2 500/500] loss=1.2323e-01  pde=8.065e-02  bc=8.516e-04
11:45:43 [INFO] Modelo guardado: C:\usr\ths_mia_fiis\tesis_MIA_lk\examples\kim_2024_154kv_bedding\results_research\model_final.pt
