09:10:56 [INFO] Curriculum: 3000 steps with homogeneous k, then variable k
09:22:08 [INFO] [Adam 500/10000  5.0%] loss=5.7752e+00  pde=5.658e+00  bc=2.349e-03
09:33:21 [INFO] [Adam 1000/10000  10.0%] loss=2.3200e+00  pde=2.284e+00  bc=7.279e-04
09:44:59 [INFO] [Adam 1500/10000  15.0%] loss=1.2197e+00  pde=1.207e+00  bc=2.632e-04
09:56:45 [INFO] [Adam 2000/10000  20.0%] loss=8.0046e-01  pde=7.702e-01  bc=6.046e-04
10:07:59 [INFO] [Adam 2500/10000  25.0%] loss=5.5214e-01  pde=4.603e-01  bc=1.836e-03
10:17:04 [INFO] [Adam 3000/10000  30.0%] loss=3.2677e-01  pde=3.225e-01  bc=8.526e-05
10:17:04 [INFO] >>> Curriculum switch: homogeneous k -> variable k
10:25:49 [INFO] [Adam 3500/10000  35.0%] loss=6.7369e-01  pde=6.292e-01  bc=8.904e-04
10:34:31 [INFO] [Adam 4000/10000  40.0%] loss=5.8759e-01  pde=5.843e-01  bc=6.597e-05
10:43:29 [INFO] [Adam 4500/10000  45.0%] loss=4.0984e-01  pde=3.877e-01  bc=4.439e-04
10:52:48 [INFO] [Adam 5000/10000  50.0%] loss=2.4516e-01  pde=2.437e-01  bc=2.943e-05
11:02:17 [INFO] [Adam 5500/10000  55.0%] loss=2.3543e-01  pde=2.333e-01  bc=4.337e-05
11:10:14 [INFO] [Adam 6000/10000  60.0%] loss=2.0466e-01  pde=2.025e-01  bc=4.393e-05
11:18:05 [INFO] [Adam 6500/10000  65.0%] loss=1.5676e-01  pde=1.545e-01  bc=4.434e-05
11:25:51 [INFO] [Adam 7000/10000  70.0%] loss=1.2924e-01  pde=1.273e-01  bc=3.901e-05
11:33:55 [INFO] [Adam 7500/10000  75.0%] loss=1.4860e-01  pde=1.445e-01  bc=8.206e-05
11:42:21 [INFO] [Adam 8000/10000  80.0%] loss=1.1929e-01  pde=1.181e-01  bc=2.416e-05
11:50:55 [INFO] [Adam 8500/10000  85.0%] loss=1.1657e-01  pde=9.849e-02  bc=3.615e-04
11:59:20 [INFO] [Adam 9000/10000  90.0%] loss=1.0679e-01  pde=1.049e-01  bc=3.838e-05
12:07:52 [INFO] [Adam 9500/10000  95.0%] loss=9.0821e-02  pde=8.378e-02  bc=1.408e-04
12:15:52 [INFO] [Adam 10000/10000  100.0%] loss=7.5514e-02  pde=7.474e-02  bc=1.548e-05
12:15:52 [INFO] L-BFGS start — Adam final loss (baseline): 7.5514e-02
12:16:13 [INFO] [LBFGS 1/25  99.8%] loss=6.9888e-01
12:16:36 [INFO] [LBFGS 2/25  99.8%] loss=2.3311e-01
12:16:58 [INFO] [LBFGS 3/25  99.8%] loss=1.8569e-01
12:17:19 [INFO] [LBFGS 4/25  99.8%] loss=1.4783e-01
12:17:40 [INFO] [LBFGS 5/25  99.8%] loss=1.3028e-01
12:18:03 [INFO] [LBFGS 6/25  99.8%] loss=1.1281e-01
12:18:25 [INFO] [LBFGS 7/25  99.8%] loss=1.0185e-01
12:18:48 [INFO] [LBFGS 8/25  99.8%] loss=9.2681e-02
12:19:12 [INFO] [LBFGS 9/25  99.8%] loss=8.3372e-02
12:19:36 [INFO] [LBFGS 10/25  99.9%] loss=7.6359e-02
12:19:58 [INFO] [LBFGS 11/25  99.9%] loss=6.9763e-02
12:20:21 [INFO] [LBFGS 12/25  99.9%] loss=6.3987e-02
12:20:42 [INFO] [LBFGS 13/25  99.9%] loss=5.9219e-02
12:21:06 [INFO] [LBFGS 14/25  99.9%] loss=5.4375e-02
12:21:27 [INFO] [LBFGS 15/25  99.9%] loss=5.0469e-02
12:21:50 [INFO] [LBFGS 16/25  99.9%] loss=4.6653e-02
12:22:12 [INFO] [LBFGS 17/25  99.9%] loss=4.3316e-02
12:22:33 [INFO] [LBFGS 18/25  99.9%] loss=4.0639e-02
12:22:54 [INFO] [LBFGS 19/25  99.9%] loss=3.7937e-02
12:23:16 [INFO] [LBFGS 20/25  100.0%] loss=3.5502e-02
12:23:39 [INFO] [LBFGS 21/25  100.0%] loss=3.3345e-02
12:24:01 [INFO] [LBFGS 22/25  100.0%] loss=3.1233e-02
12:24:23 [INFO] [LBFGS 23/25  100.0%] loss=2.9398e-02
12:24:46 [INFO] [LBFGS 24/25  100.0%] loss=2.7805e-02
12:25:07 [INFO] [LBFGS 25/25  100.0%] loss=2.6199e-02
12:25:07 [INFO] L-BFGS done — restored best state (loss=2.6199e-02)
12:25:07 [INFO] Adam2 fine-tuning: 500 steps at lr=1.0e-05
12:30:05 [INFO] [Adam2 500/500] loss=1.7606e-01  pde=1.719e-01  bc=8.348e-05
12:31:05 [INFO] Curriculum: 3000 steps with homogeneous k, then variable k
12:34:16 [INFO] [Adam 500/10000  5.0%] loss=6.4984e+00  pde=6.376e+00  bc=2.448e-03
12:37:38 [INFO] [Adam 1000/10000  10.0%] loss=2.3216e+00  pde=2.278e+00  bc=8.675e-04
12:40:59 [INFO] [Adam 1500/10000  15.0%] loss=1.1390e+00  pde=1.125e+00  bc=2.848e-04
12:44:11 [INFO] [Adam 2000/10000  20.0%] loss=6.8448e-01  pde=6.514e-01  bc=6.609e-04
12:47:34 [INFO] [Adam 2500/10000  25.0%] loss=3.8657e-01  pde=3.671e-01  bc=3.894e-04
12:50:45 [INFO] [Adam 3000/10000  30.0%] loss=2.6951e-01  pde=2.649e-01  bc=9.227e-05
12:50:45 [INFO] >>> Curriculum switch: homogeneous k -> variable k
12:54:14 [INFO] [Adam 3500/10000  35.0%] loss=8.5663e-01  pde=8.399e-01  bc=3.352e-04
12:57:41 [INFO] [Adam 4000/10000  40.0%] loss=6.5116e-01  pde=6.494e-01  bc=3.518e-05
13:01:07 [INFO] [Adam 4500/10000  45.0%] loss=1.4984e+00  pde=5.569e-01  bc=1.883e-02
13:04:34 [INFO] [Adam 5000/10000  50.0%] loss=3.8898e-01  pde=3.877e-01  bc=2.516e-05
13:08:00 [INFO] [Adam 5500/10000  55.0%] loss=3.3046e-01  pde=3.263e-01  bc=8.226e-05
13:11:27 [INFO] [Adam 6000/10000  60.0%] loss=2.8351e-01  pde=2.811e-01  bc=4.892e-05
13:14:54 [INFO] [Adam 6500/10000  65.0%] loss=2.9756e-01  pde=2.949e-01  bc=5.394e-05
13:18:19 [INFO] [Adam 7000/10000  70.0%] loss=2.7050e-01  pde=2.593e-01  bc=2.236e-04
13:21:47 [INFO] [Adam 7500/10000  75.0%] loss=1.4423e+00  pde=2.591e-01  bc=2.366e-02
13:25:15 [INFO] [Adam 8000/10000  80.0%] loss=2.2312e-01  pde=2.221e-01  bc=1.957e-05
13:28:41 [INFO] [Adam 8500/10000  85.0%] loss=2.1256e-01  pde=2.100e-01  bc=5.072e-05
13:32:07 [INFO] [Adam 9000/10000  90.0%] loss=2.5229e-01  pde=2.167e-01  bc=7.115e-04
13:35:33 [INFO] [Adam 9500/10000  95.0%] loss=1.9337e-01  pde=1.872e-01  bc=1.225e-04
13:39:03 [INFO] [Adam 10000/10000  100.0%] loss=1.8129e-01  pde=1.808e-01  bc=9.266e-06
13:39:03 [INFO] L-BFGS start — Adam final loss (baseline): 1.8129e-01
13:39:12 [INFO] [LBFGS 1/25  99.8%] loss=8.6280e-01
13:39:21 [INFO] [LBFGS 2/25  99.8%] loss=3.4567e-01
13:39:33 [INFO] [LBFGS 3/25  99.8%] loss=2.9438e-01
13:39:42 [INFO] [LBFGS 4/25  99.8%] loss=2.5765e-01
13:39:52 [INFO] [LBFGS 5/25  99.8%] loss=2.3904e-01
13:40:02 [INFO] [LBFGS 6/25  99.8%] loss=2.2127e-01
13:40:12 [INFO] [LBFGS 7/25  99.8%] loss=2.0786e-01
13:40:21 [INFO] [LBFGS 8/25  99.8%] loss=1.9754e-01
13:40:31 [INFO] [LBFGS 9/25  99.8%] loss=1.8636e-01
13:40:40 [INFO] [LBFGS 10/25  99.9%] loss=1.7899e-01
13:40:49 [INFO] [LBFGS 11/25  99.9%] loss=1.7068e-01
13:40:58 [INFO] [LBFGS 12/25  99.9%] loss=1.6356e-01
13:41:08 [INFO] [LBFGS 13/25  99.9%] loss=1.5786e-01
13:41:19 [INFO] [LBFGS 14/25  99.9%] loss=1.5152e-01
13:41:29 [INFO] [LBFGS 15/25  99.9%] loss=1.4601e-01
13:41:39 [INFO] [LBFGS 16/25  99.9%] loss=1.4057e-01
13:41:48 [INFO] [LBFGS 17/25  99.9%] loss=1.3552e-01
13:41:57 [INFO] [LBFGS 18/25  99.9%] loss=1.3099e-01
13:42:06 [INFO] [LBFGS 19/25  99.9%] loss=1.2615e-01
13:42:16 [INFO] [LBFGS 20/25  100.0%] loss=1.2188e-01
13:42:25 [INFO] [LBFGS 21/25  100.0%] loss=1.1719e-01
13:42:35 [INFO] [LBFGS 22/25  100.0%] loss=1.1270e-01
13:42:45 [INFO] [LBFGS 23/25  100.0%] loss=1.0805e-01
13:42:56 [INFO] [LBFGS 24/25  100.0%] loss=1.0339e-01
13:43:05 [INFO] [LBFGS 25/25  100.0%] loss=9.8476e-02
13:43:05 [INFO] L-BFGS done — restored best state (loss=9.8476e-02)
13:43:05 [INFO] Adam2 fine-tuning: 500 steps at lr=1.0e-05
13:46:38 [INFO] [Adam2 500/500] loss=2.9922e-01  pde=2.939e-01  bc=1.061e-04
10:26:17 [INFO] Curriculum: 3000 steps with homogeneous k, then variable k
10:29:36 [INFO] [Adam 500/10000  5.0%] loss=1.9675e+00  pde=8.660e-01  bc=2.203e-02
10:33:23 [INFO] [Adam 1000/10000  10.0%] loss=1.0955e+00  pde=6.915e-01  bc=8.080e-03
10:37:02 [INFO] [Adam 1500/10000  15.0%] loss=6.7477e-01  pde=4.075e-01  bc=5.344e-03
10:40:45 [INFO] [Adam 2000/10000  20.0%] loss=1.0524e+00  pde=5.501e-01  bc=1.005e-02
10:44:27 [INFO] [Adam 2500/10000  25.0%] loss=6.0141e-01  pde=3.342e-01  bc=5.343e-03
10:48:08 [INFO] [Adam 3000/10000  30.0%] loss=3.0972e-01  pde=2.644e-01  bc=9.071e-04
10:48:08 [INFO] >>> Curriculum switch: homogeneous k -> variable k
10:51:52 [INFO] [Adam 3500/10000  35.0%] loss=7.2228e+00  pde=7.041e+00  bc=3.629e-03
10:55:44 [INFO] [Adam 4000/10000  40.0%] loss=6.8282e+00  pde=6.579e+00  bc=4.983e-03
10:59:31 [INFO] [Adam 4500/10000  45.0%] loss=4.6157e+00  pde=4.507e+00  bc=2.168e-03
11:03:22 [INFO] [Adam 5000/10000  50.0%] loss=7.2946e+00  pde=7.080e+00  bc=4.287e-03
11:07:09 [INFO] [Adam 5500/10000  55.0%] loss=5.4440e+00  pde=4.966e+00  bc=9.553e-03
11:11:04 [INFO] [Adam 6000/10000  60.0%] loss=4.1973e+00  pde=4.173e+00  bc=4.935e-04
11:14:49 [INFO] [Adam 6500/10000  65.0%] loss=7.9454e+00  pde=7.284e+00  bc=1.323e-02
11:18:35 [INFO] [Adam 7000/10000  70.0%] loss=6.5747e+00  pde=6.533e+00  bc=8.411e-04
11:22:23 [INFO] [Adam 7500/10000  75.0%] loss=6.5996e+00  pde=6.543e+00  bc=1.131e-03
11:26:09 [INFO] [Adam 8000/10000  80.0%] loss=7.2394e+00  pde=7.216e+00  bc=4.705e-04
11:30:05 [INFO] [Adam 8500/10000  85.0%] loss=5.6620e+00  pde=5.646e+00  bc=3.294e-04
11:33:52 [INFO] [Adam 9000/10000  90.0%] loss=6.1567e+00  pde=5.909e+00  bc=4.964e-03
11:37:56 [INFO] [Adam 9500/10000  95.0%] loss=5.8381e+00  pde=5.793e+00  bc=8.988e-04
11:42:27 [INFO] [Adam 10000/10000  100.0%] loss=6.1081e+00  pde=6.056e+00  bc=1.033e-03
11:42:27 [INFO] L-BFGS start — Adam final loss (baseline): 6.1081e+00
11:42:40 [INFO] [LBFGS 1/25  99.8%] loss=1.1239e+01
11:42:52 [INFO] [LBFGS 2/25  99.8%] loss=7.9010e+00
11:43:04 [INFO] [LBFGS 3/25  99.8%] loss=7.5112e+00
11:43:16 [INFO] [LBFGS 4/25  99.8%] loss=7.1870e+00
11:43:29 [INFO] [LBFGS 5/25  99.8%] loss=6.8754e+00
11:43:42 [INFO] [LBFGS 6/25  99.8%] loss=6.3423e+00
11:43:55 [INFO] [LBFGS 7/25  99.8%] loss=5.3898e+00
11:44:07 [INFO] [LBFGS 8/25  99.8%] loss=4.9491e+00
11:44:17 [INFO] [LBFGS 9/25  99.8%] loss=4.1955e+00
11:44:27 [INFO] [LBFGS 10/25  99.9%] loss=3.5570e+00
11:44:38 [INFO] [LBFGS 11/25  99.9%] loss=2.8921e+00
11:44:48 [INFO] [LBFGS 12/25  99.9%] loss=2.2494e+00
11:44:58 [INFO] [LBFGS 13/25  99.9%] loss=1.7532e+00
11:45:07 [INFO] [LBFGS 14/25  99.9%] loss=1.4574e+00
11:45:19 [INFO] [LBFGS 15/25  99.9%] loss=1.3252e+00
11:45:29 [INFO] [LBFGS 16/25  99.9%] loss=1.2417e+00
11:45:40 [INFO] [LBFGS 17/25  99.9%] loss=1.1623e+00
11:45:49 [INFO] [LBFGS 18/25  99.9%] loss=1.1073e+00
11:45:56 [INFO] [LBFGS 19/25  99.9%] loss=1.0557e+00
11:46:03 [INFO] [LBFGS 20/25  100.0%] loss=1.0063e+00
11:46:11 [INFO] [LBFGS 21/25  100.0%] loss=9.4770e-01
11:46:18 [INFO] [LBFGS 22/25  100.0%] loss=8.9627e-01
11:46:25 [INFO] [LBFGS 23/25  100.0%] loss=8.6889e-01
11:46:32 [INFO] [LBFGS 24/25  100.0%] loss=8.3001e-01
11:46:38 [INFO] [LBFGS 25/25  100.0%] loss=7.8631e-01
11:46:38 [INFO] L-BFGS done — restored best state (loss=7.8631e-01)
11:46:38 [INFO] Adam2 fine-tuning: 500 steps at lr=1.0e-05
11:49:02 [INFO] [Adam2 500/500] loss=1.6534e+00  pde=1.098e+00  bc=1.110e-02
11:49:44 [INFO] Curriculum: 3000 steps with homogeneous k, then variable k
11:51:14 [INFO] [Adam 500/10000  5.0%] loss=3.1170e+00  pde=1.840e+00  bc=2.554e-02
11:52:44 [INFO] [Adam 1000/10000  10.0%] loss=1.9344e+00  pde=1.478e+00  bc=9.131e-03
11:54:16 [INFO] [Adam 1500/10000  15.0%] loss=1.0452e+00  pde=7.188e-01  bc=6.528e-03
11:55:56 [INFO] [Adam 2000/10000  20.0%] loss=1.4924e+00  pde=9.583e-01  bc=1.068e-02
11:57:27 [INFO] [Adam 2500/10000  25.0%] loss=8.2522e-01  pde=5.684e-01  bc=5.136e-03
11:58:50 [INFO] [Adam 3000/10000  30.0%] loss=4.6782e-01  pde=3.964e-01  bc=1.428e-03
11:58:50 [INFO] >>> Curriculum switch: homogeneous k -> variable k
12:00:25 [INFO] [Adam 3500/10000  35.0%] loss=4.1528e+01  pde=4.140e+01  bc=2.629e-03
12:02:14 [INFO] [Adam 4000/10000  40.0%] loss=4.2620e+01  pde=4.153e+01  bc=2.174e-02
12:03:56 [INFO] [Adam 4500/10000  45.0%] loss=4.1178e+01  pde=4.110e+01  bc=1.497e-03
12:05:37 [INFO] [Adam 5000/10000  50.0%] loss=3.9515e+01  pde=3.940e+01  bc=2.377e-03
12:07:15 [INFO] [Adam 5500/10000  55.0%] loss=4.3634e+01  pde=4.214e+01  bc=2.992e-02
12:09:00 [INFO] [Adam 6000/10000  60.0%] loss=2.6200e+01  pde=2.611e+01  bc=1.826e-03
12:10:43 [INFO] [Adam 6500/10000  65.0%] loss=3.7572e+01  pde=3.438e+01  bc=6.376e-02
12:12:29 [INFO] [Adam 7000/10000  70.0%] loss=4.0201e+01  pde=3.763e+01  bc=5.148e-02
12:14:10 [INFO] [Adam 7500/10000  75.0%] loss=2.8939e+01  pde=2.882e+01  bc=2.413e-03
12:15:49 [INFO] [Adam 8000/10000  80.0%] loss=1.9321e+01  pde=1.913e+01  bc=3.883e-03
12:17:28 [INFO] [Adam 8500/10000  85.0%] loss=1.1301e+01  pde=1.114e+01  bc=3.182e-03
12:19:06 [INFO] [Adam 9000/10000  90.0%] loss=7.3178e+00  pde=7.118e+00  bc=3.997e-03
12:20:45 [INFO] [Adam 9500/10000  95.0%] loss=3.4407e+00  pde=3.314e+00  bc=2.530e-03
12:22:25 [INFO] [Adam 10000/10000  100.0%] loss=1.8926e+00  pde=1.737e+00  bc=3.102e-03
12:22:25 [INFO] L-BFGS start — Adam final loss (baseline): 1.8926e+00
12:22:29 [INFO] [LBFGS 1/25  99.8%] loss=7.8452e+00
12:22:33 [INFO] [LBFGS 2/25  99.8%] loss=1.6483e+00
12:22:38 [INFO] [LBFGS 3/25  99.8%] loss=1.4639e+00
12:22:43 [INFO] [LBFGS 4/25  99.8%] loss=1.2433e+00
12:22:47 [INFO] [LBFGS 5/25  99.8%] loss=1.1500e+00
12:22:53 [INFO] [LBFGS 6/25  99.8%] loss=1.0711e+00
12:22:57 [INFO] [LBFGS 7/25  99.8%] loss=1.0426e+00
12:23:02 [INFO] [LBFGS 8/25  99.8%] loss=9.8372e-01
12:23:07 [INFO] [LBFGS 9/25  99.8%] loss=9.0119e-01
12:23:12 [INFO] [LBFGS 10/25  99.9%] loss=8.8574e-01
12:23:17 [INFO] [LBFGS 11/25  99.9%] loss=8.4794e-01
12:23:22 [INFO] [LBFGS 12/25  99.9%] loss=8.2256e-01
12:23:28 [INFO] [LBFGS 13/25  99.9%] loss=8.0087e-01
12:23:33 [INFO] [LBFGS 14/25  99.9%] loss=7.6478e-01
12:23:38 [INFO] [LBFGS 15/25  99.9%] loss=7.4270e-01
12:23:44 [INFO] [LBFGS 16/25  99.9%] loss=7.2935e-01
12:23:49 [INFO] [LBFGS 17/25  99.9%] loss=7.0836e-01
12:23:54 [INFO] [LBFGS 18/25  99.9%] loss=6.9665e-01
12:23:59 [INFO] [LBFGS 19/25  99.9%] loss=6.8150e-01
12:24:04 [INFO] [LBFGS 20/25  100.0%] loss=6.6777e-01
12:24:09 [INFO] [LBFGS 21/25  100.0%] loss=6.5604e-01
12:24:14 [INFO] [LBFGS 22/25  100.0%] loss=6.4614e-01
12:24:19 [INFO] [LBFGS 23/25  100.0%] loss=6.3879e-01
12:24:23 [INFO] [LBFGS 24/25  100.0%] loss=6.3043e-01
12:24:29 [INFO] [LBFGS 25/25  100.0%] loss=6.2186e-01
12:24:29 [INFO] L-BFGS done — restored best state (loss=6.2186e-01)
12:24:29 [INFO] Adam2 fine-tuning: 500 steps at lr=1.0e-05
12:26:09 [INFO] [Adam2 500/500] loss=1.3324e+00  pde=8.913e-01  bc=8.822e-03
