This is LuaHBTeX, Version 1.22.0 (MiKTeX 25.4) (format=lualatex 2026.6.12)  23 JUL 2026 09:44
 restricted system commands enabled.
**presentacion_plan_tesis_cables_pinn.tex
(./presentacion_plan_tesis_cables_pinn.tex
LaTeX2e <2025-06-01> patch level 1
L3 programming layer <2025-09-02>
Lua module: luaotfload 2024-12-03 v3.29 Lua based OpenType font support
Lua module: lualibs 2023-07-13 v2.76 ConTeXt Lua standard libraries.
Lua module: lualibs-extended 2023-07-13 v2.76 ConTeXt Lua libraries -- extended 
collection.
luaotfload | conf : Root cache directory is "C:/Users/QU1267/AppData/Local/MiKTe
X/luatex-cache/generic/names".
luaotfload | init : Loading fontloader "fontloader-2023-12-28.lua" from kpse-res
olved path "C:/MiKTeX/tex/luatex/luaotfload/fontloader-2023-12-28.lua".
Lua-only attribute luaotfload@noligature = 1
luaotfload | init : Context OpenType loader version 3.134
Inserting `luaotfload.node_processor' in `pre_linebreak_filter'.
Inserting `luaotfload.node_processor' in `hpack_filter'.
Inserting `luaotfload.glyph_stream' in `glyph_stream_provider'.
Inserting `luaotfload.define_font' in `define_font'.
Lua-only attribute luaotfload_color_attribute = 2
luaotfload | conf : Root cache directory is "C:/Users/QU1267/AppData/Local/MiKTe
X/luatex-cache/generic/names".
Inserting `luaotfload.harf.strip_prefix' in `find_opentype_file'.
Inserting `luaotfload.harf.strip_prefix' in `find_truetype_file'.
Removing  `luaotfload.glyph_stream' from `glyph_stream_provider'.
Inserting `luaotfload.harf.glyphstream' in `glyph_stream_provider'.
Inserting `luaotfload.harf.finalize_vlist' in `post_linebreak_filter'.
Inserting `luaotfload.harf.finalize_hlist' in `hpack_filter'.
Inserting `luaotfload.cleanup_files' in `wrapup_run'.
Inserting `luaotfload.harf.finalize_unicode' in `finish_pdffile'.
Inserting `luaotfload.glyphinfo' in `glyph_info'.
Lua-only attribute luaotfload.letterspace_done = 3
Inserting `luaotfload.aux.set_sscale_dimens' in `luaotfload.patch_font'.
Inserting `luaotfload.aux.set_font_index' in `luaotfload.patch_font'.
Inserting `luaotfload.aux.patch_cambria_domh' in `luaotfload.patch_font'.
Inserting `luaotfload.aux.fixup_fontdata' in `luaotfload.patch_font_unsafe'.
Inserting `luaotfload.aux.set_capheight' in `luaotfload.patch_font'.
Inserting `luaotfload.aux.set_xheight' in `luaotfload.patch_font'.
Inserting `luaotfload.rewrite_fontname' in `luaotfload.patch_font'.
Inserting `tracingstacklevels' in `input_level_string'. (C:/MiKTeX/tex/latex/be
amer/beamer.cls
Document Class: beamer 2025/08/13 v3.76 A class for typesetting presentations
(C:/MiKTeX/tex/latex/beamer/beamerbasemodes.sty
(C:/MiKTeX/tex/latex/etoolbox/etoolbox.sty
Package: etoolbox 2025/10/02 v2.5m e-TeX tools for LaTeX (JAW)
\etb@tempcnta=\count273
)
\beamer@tempbox=\box53
\beamer@tempcount=\count274
\c@beamerpauses=\count275

(C:/MiKTeX/tex/latex/beamer/beamerbasedecode.sty
\beamer@slideinframe=\count276
\beamer@minimum=\count277
\beamer@decode@box=\box54
)
\beamer@commentbox=\box55
\beamer@modecount=\count278
)
(C:/MiKTeX/tex/generic/iftex/iftex.sty
Package: iftex 2024/12/12 v1.0g TeX engine tests
)
\headdp=\dimen147
\footheight=\dimen148
\sidebarheight=\dimen149
\beamer@tempdim=\dimen150
\beamer@finalheight=\dimen151
\beamer@animht=\dimen152
\beamer@animdp=\dimen153
\beamer@animwd=\dimen154
\beamer@leftmargin=\dimen155
\beamer@rightmargin=\dimen156
\beamer@leftsidebar=\dimen157
\beamer@rightsidebar=\dimen158
\beamer@boxsize=\dimen159
\beamer@vboxoffset=\dimen160
\beamer@descdefault=\dimen161
\beamer@descriptionwidth=\dimen162
\beamer@lastskip=\skip49
\beamer@areabox=\box56
\beamer@animcurrent=\box57
\beamer@animshowbox=\box58
\beamer@sectionbox=\box59
\beamer@logobox=\box60
\beamer@linebox=\box61
\beamer@sectioncount=\count279
\beamer@subsubsectionmax=\count280
\beamer@subsectionmax=\count281
\beamer@sectionmax=\count282
\beamer@totalheads=\count283
\beamer@headcounter=\count284
\beamer@partstartpage=\count285
\beamer@sectionstartpage=\count286
\beamer@subsectionstartpage=\count287
\beamer@animationtempa=\count288
\beamer@animationtempb=\count289
\beamer@xpos=\count290
\beamer@ypos=\count291
\beamer@ypos@offset=\count292
\beamer@showpartnumber=\count293
\beamer@currentsubsection=\count294
\beamer@coveringdepth=\count295
\beamer@sectionadjust=\count296
\beamer@toclastsection=\count297
\beamer@tocsectionnumber=\count298

(C:/MiKTeX/tex/latex/beamer/beamerbaseoptions.sty
(C:/MiKTeX/tex/latex/graphics/keyval.sty
Package: keyval 2022/05/29 v1.15 key=value parser (DPC)
\KV@toks@=\toks17
))
\beamer@paperwidth=\skip50
\beamer@paperheight=\skip51

(C:/MiKTeX/tex/latex/geometry/geometry.sty
Package: geometry 2020/01/02 v5.9 Page Geometry

(C:/MiKTeX/tex/generic/iftex/ifvtex.sty
Package: ifvtex 2019/10/25 v1.7 ifvtex legacy package. Use iftex instead.
)
\Gm@cnth=\count299
\Gm@cntv=\count300
\c@Gm@tempcnt=\count301
\Gm@bindingoffset=\dimen163
\Gm@wd@mp=\dimen164
\Gm@odd@mp=\dimen165
\Gm@even@mp=\dimen166
\Gm@layoutwidth=\dimen167
\Gm@layoutheight=\dimen168
\Gm@layouthoffset=\dimen169
\Gm@layoutvoffset=\dimen170
\Gm@dimlist=\toks18

(C:/MiKTeX/tex/latex/geometry/geometry.cfg))
(C:/MiKTeX/tex/latex/pgf/math/pgfmath.sty
(C:/MiKTeX/tex/latex/pgf/utilities/pgfrcs.sty
(C:/MiKTeX/tex/generic/pgf/utilities/pgfutil-common.tex
\pgfutil@everybye=\toks19
\pgfutil@tempdima=\dimen171
\pgfutil@tempdimb=\dimen172
)
(C:/MiKTeX/tex/generic/pgf/utilities/pgfutil-latex.def
\pgfutil@abb=\box62
)
(C:/MiKTeX/tex/generic/pgf/utilities/pgfrcs.code.tex
(C:/MiKTeX/tex/generic/pgf/pgf.revision.tex)
Package: pgfrcs 2025-08-29 v3.1.11a (3.1.11a)
))
(C:/MiKTeX/tex/latex/pgf/utilities/pgfkeys.sty
(C:/MiKTeX/tex/generic/pgf/utilities/pgfkeys.code.tex
\pgfkeys@pathtoks=\toks20
\pgfkeys@temptoks=\toks21

(C:/MiKTeX/tex/generic/pgf/utilities/pgfkeyslibraryfiltered.code.tex
\pgfkeys@tmptoks=\toks22
)))
(C:/MiKTeX/tex/generic/pgf/math/pgfmath.code.tex
(C:/MiKTeX/tex/generic/pgf/math/pgfmathutil.code.tex
\pgf@x=\dimen173
\pgf@xa=\dimen174
\pgf@xb=\dimen175
\pgf@xc=\dimen176
\pgf@y=\dimen177
\pgf@ya=\dimen178
\pgf@yb=\dimen179
\pgf@yc=\dimen180
\c@pgf@counta=\count302
\c@pgf@countb=\count303
\c@pgf@countc=\count304
\c@pgf@countd=\count305
)
(C:/MiKTeX/tex/generic/pgf/math/pgfmathparser.code.tex
\pgfmath@dimen=\dimen181
\pgfmath@count=\count306
\pgfmath@box=\box63
\pgfmath@toks=\toks23
\pgfmath@stack@operand=\toks24
\pgfmath@stack@operation=\toks25
)
(C:/MiKTeX/tex/generic/pgf/math/pgfmathfunctions.code.tex)
(C:/MiKTeX/tex/generic/pgf/math/pgfmathfunctions.basic.code.tex)
(C:/MiKTeX/tex/generic/pgf/math/pgfmathfunctions.trigonometric.code.tex)
(C:/MiKTeX/tex/generic/pgf/math/pgfmathfunctions.random.code.tex)
(C:/MiKTeX/tex/generic/pgf/math/pgfmathfunctions.comparison.code.tex)
(C:/MiKTeX/tex/generic/pgf/math/pgfmathfunctions.base.code.tex)
(C:/MiKTeX/tex/generic/pgf/math/pgfmathfunctions.round.code.tex)
(C:/MiKTeX/tex/generic/pgf/math/pgfmathfunctions.misc.code.tex)
(C:/MiKTeX/tex/generic/pgf/math/pgfmathfunctions.integerarithmetics.code.tex)
(C:/MiKTeX/tex/generic/pgf/math/pgfmathcalc.code.tex)
(C:/MiKTeX/tex/generic/pgf/math/pgfmathfloat.code.tex
\c@pgfmathroundto@lastzeros=\count307
)))
(C:/MiKTeX/tex/latex/base/size12.clo
File: size12.clo 2025/01/22 v1.4n Standard LaTeX file (size option)
luaotfload | db : Font names database loaded from C:/Users/QU1267/AppData/Local/
MiKTeX/luatex-cache/generic/names/luaotfload-names.luc.gz)
(C:/MiKTeX/tex/latex/pgf/basiclayer/pgfcore.sty
(C:/MiKTeX/tex/latex/graphics/graphicx.sty
Package: graphicx 2024/12/31 v1.2e Enhanced LaTeX Graphics (DPC,SPQR)

(C:/MiKTeX/tex/latex/graphics/graphics.sty
Package: graphics 2024/08/06 v1.4g Standard LaTeX Graphics (DPC,SPQR)

(C:/MiKTeX/tex/latex/graphics/trig.sty
Package: trig 2023/12/02 v1.11 sin cos tan (DPC)
)
(C:/MiKTeX/tex/latex/graphics-cfg/graphics.cfg
File: graphics.cfg 2016/06/04 v1.11 sample graphics configuration
)
Package graphics Info: Driver file: luatex.def on input line 106.

(C:/MiKTeX/tex/latex/graphics-def/luatex.def
File: luatex.def 2025/09/29 v1.2f Graphics/color driver for luatex
))
\Gin@req@height=\dimen182
\Gin@req@width=\dimen183
)
(C:/MiKTeX/tex/latex/pgf/systemlayer/pgfsys.sty
(C:/MiKTeX/tex/generic/pgf/systemlayer/pgfsys.code.tex
Package: pgfsys 2025-08-29 v3.1.11a (3.1.11a)
\pgf@x=\dimen184
\pgf@y=\dimen185
\pgf@xa=\dimen186
\pgf@ya=\dimen187
\pgf@xb=\dimen188
\pgf@yb=\dimen189
\pgf@xc=\dimen190
\pgf@yc=\dimen191
\pgf@xd=\dimen192
\pgf@yd=\dimen193
\w@pgf@writea=\write3
\r@pgf@reada=\read2
\c@pgf@counta=\count308
\c@pgf@countb=\count309
\c@pgf@countc=\count310
\c@pgf@countd=\count311
\t@pgf@toka=\toks26
\t@pgf@tokb=\toks27
\t@pgf@tokc=\toks28
\pgf@sys@id@count=\count312

(C:/MiKTeX/tex/generic/pgf/systemlayer/pgf.cfg
File: pgf.cfg 2025-08-29 v3.1.11a (3.1.11a)
)
Driver file for pgf: pgfsys-luatex.def

(C:/MiKTeX/tex/generic/pgf/systemlayer/pgfsys-luatex.def
File: pgfsys-luatex.def 2025-08-29 v3.1.11a (3.1.11a)

(C:/MiKTeX/tex/generic/pgf/systemlayer/pgfsys-common-pdf.def
File: pgfsys-common-pdf.def 2025-08-29 v3.1.11a (3.1.11a)
)))
(C:/MiKTeX/tex/generic/pgf/systemlayer/pgfsyssoftpath.code.tex
File: pgfsyssoftpath.code.tex 2025-08-29 v3.1.11a (3.1.11a)
\pgfsyssoftpath@smallbuffer@items=\count313
\pgfsyssoftpath@bigbuffer@items=\count314
)
(C:/MiKTeX/tex/generic/pgf/systemlayer/pgfsysprotocol.code.tex
File: pgfsysprotocol.code.tex 2025-08-29 v3.1.11a (3.1.11a)
))
(C:/MiKTeX/tex/latex/xcolor/xcolor.sty
Package: xcolor 2024/09/29 v3.02 LaTeX color extensions (UK)

(C:/MiKTeX/tex/latex/graphics-cfg/color.cfg
File: color.cfg 2016/01/02 v1.6 sample color configuration
)
Package xcolor Info: Driver file: luatex.def on input line 274.

(C:/MiKTeX/tex/latex/graphics/mathcolor.ltx)
Package xcolor Info: Model `cmy' substituted by `cmy0' on input line 1349.
Package xcolor Info: Model `hsb' substituted by `rgb' on input line 1353.
Package xcolor Info: Model `RGB' extended on input line 1365.
Package xcolor Info: Model `HTML' substituted by `rgb' on input line 1367.
Package xcolor Info: Model `Hsb' substituted by `hsb' on input line 1368.
Package xcolor Info: Model `tHsb' substituted by `hsb' on input line 1369.
Package xcolor Info: Model `HSB' substituted by `hsb' on input line 1370.
Package xcolor Info: Model `Gray' substituted by `gray' on input line 1371.
Package xcolor Info: Model `wave' substituted by `hsb' on input line 1372.
)
(C:/MiKTeX/tex/generic/pgf/basiclayer/pgfcore.code.tex
Package: pgfcore 2025-08-29 v3.1.11a (3.1.11a)

(C:/MiKTeX/tex/generic/pgf/math/pgfint.code.tex)
(C:/MiKTeX/tex/generic/pgf/basiclayer/pgfcorepoints.code.tex
File: pgfcorepoints.code.tex 2025-08-29 v3.1.11a (3.1.11a)
\pgf@picminx=\dimen194
\pgf@picmaxx=\dimen195
\pgf@picminy=\dimen196
\pgf@picmaxy=\dimen197
\pgf@pathminx=\dimen198
\pgf@pathmaxx=\dimen199
\pgf@pathminy=\dimen256
\pgf@pathmaxy=\dimen257
\pgf@xx=\dimen258
\pgf@xy=\dimen259
\pgf@yx=\dimen260
\pgf@yy=\dimen261
\pgf@zx=\dimen262
\pgf@zy=\dimen263
)
(C:/MiKTeX/tex/generic/pgf/basiclayer/pgfcorepathconstruct.code.tex
File: pgfcorepathconstruct.code.tex 2025-08-29 v3.1.11a (3.1.11a)
\pgf@path@lastx=\dimen264
\pgf@path@lasty=\dimen265
)
(C:/MiKTeX/tex/generic/pgf/basiclayer/pgfcorepathusage.code.tex
File: pgfcorepathusage.code.tex 2025-08-29 v3.1.11a (3.1.11a)
\pgf@shorten@end@additional=\dimen266
\pgf@shorten@start@additional=\dimen267
)
(C:/MiKTeX/tex/generic/pgf/basiclayer/pgfcorescopes.code.tex
File: pgfcorescopes.code.tex 2025-08-29 v3.1.11a (3.1.11a)
\pgfpic=\box64
\pgf@hbox=\box65
\pgf@layerbox@main=\box66
\pgf@picture@serial@count=\count315
)
(C:/MiKTeX/tex/generic/pgf/basiclayer/pgfcoregraphicstate.code.tex
File: pgfcoregraphicstate.code.tex 2025-08-29 v3.1.11a (3.1.11a)
\pgflinewidth=\dimen268
)
(C:/MiKTeX/tex/generic/pgf/basiclayer/pgfcoretransformations.code.tex
File: pgfcoretransformations.code.tex 2025-08-29 v3.1.11a (3.1.11a)
\pgf@pt@x=\dimen269
\pgf@pt@y=\dimen270
\pgf@pt@temp=\dimen271
)
(C:/MiKTeX/tex/generic/pgf/basiclayer/pgfcorequick.code.tex
File: pgfcorequick.code.tex 2025-08-29 v3.1.11a (3.1.11a)
)
(C:/MiKTeX/tex/generic/pgf/basiclayer/pgfcoreobjects.code.tex
File: pgfcoreobjects.code.tex 2025-08-29 v3.1.11a (3.1.11a)
)
(C:/MiKTeX/tex/generic/pgf/basiclayer/pgfcorepathprocessing.code.tex
File: pgfcorepathprocessing.code.tex 2025-08-29 v3.1.11a (3.1.11a)
)
(C:/MiKTeX/tex/generic/pgf/basiclayer/pgfcorearrows.code.tex
File: pgfcorearrows.code.tex 2025-08-29 v3.1.11a (3.1.11a)
\pgfarrowsep=\dimen272
)
(C:/MiKTeX/tex/generic/pgf/basiclayer/pgfcoreshade.code.tex
File: pgfcoreshade.code.tex 2025-08-29 v3.1.11a (3.1.11a)
\pgf@max=\dimen273
\pgf@sys@shading@range@num=\count316
\pgf@shadingcount=\count317
)
(C:/MiKTeX/tex/generic/pgf/basiclayer/pgfcoreimage.code.tex
File: pgfcoreimage.code.tex 2025-08-29 v3.1.11a (3.1.11a)
)
(C:/MiKTeX/tex/generic/pgf/basiclayer/pgfcoreexternal.code.tex
File: pgfcoreexternal.code.tex 2025-08-29 v3.1.11a (3.1.11a)
\pgfexternal@startupbox=\box67
)
(C:/MiKTeX/tex/generic/pgf/basiclayer/pgfcorelayers.code.tex
File: pgfcorelayers.code.tex 2025-08-29 v3.1.11a (3.1.11a)
)
(C:/MiKTeX/tex/generic/pgf/basiclayer/pgfcoretransparency.code.tex
File: pgfcoretransparency.code.tex 2025-08-29 v3.1.11a (3.1.11a)
)
(C:/MiKTeX/tex/generic/pgf/basiclayer/pgfcorepatterns.code.tex
File: pgfcorepatterns.code.tex 2025-08-29 v3.1.11a (3.1.11a)
)
(C:/MiKTeX/tex/generic/pgf/basiclayer/pgfcorerdf.code.tex
File: pgfcorerdf.code.tex 2025-08-29 v3.1.11a (3.1.11a)
)))
(C:/MiKTeX/tex/latex/pgf/utilities/xxcolor.sty
Package: xxcolor 2003/10/24 ver 0.1
\XC@nummixins=\count318
\XC@countmixins=\count319
)
(C:/MiKTeX/tex/latex/base/atbegshi-ltx.sty
Package: atbegshi-ltx 2021/01/10 v1.0c Emulation of the original atbegshi
package with kernel methods
)
(C:/MiKTeX/tex/latex/hyperref/hyperref.sty
Package: hyperref 2025-07-12 v7.01o Hypertext links for LaTeX

(C:/MiKTeX/tex/latex/kvsetkeys/kvsetkeys.sty
Package: kvsetkeys 2022-10-05 v1.19 Key value parser (HO)
)
(C:/MiKTeX/tex/generic/kvdefinekeys/kvdefinekeys.sty
Package: kvdefinekeys 2019-12-19 v1.6 Define keys (HO)
)
(C:/MiKTeX/tex/generic/pdfescape/pdfescape.sty
Package: pdfescape 2019/12/09 v1.15 Implements pdfTeX's escape features (HO)

(C:/MiKTeX/tex/generic/ltxcmds/ltxcmds.sty
Package: ltxcmds 2023-12-04 v1.26 LaTeX kernel commands for general use (HO)
)
(C:/MiKTeX/tex/generic/pdftexcmds/pdftexcmds.sty
Package: pdftexcmds 2020-06-27 v0.33 Utility functions of pdfTeX for LuaTeX (HO
)

(C:/MiKTeX/tex/generic/infwarerr/infwarerr.sty
Package: infwarerr 2019/12/03 v1.5 Providing info/warning/error messages (HO)
)
Package pdftexcmds Info: \pdf@primitive is available.
Package pdftexcmds Info: \pdf@ifprimitive is available.
Package pdftexcmds Info: \pdfdraftmode found.
\pdftexcmds@toks=\toks29
))
(C:/MiKTeX/tex/latex/hycolor/hycolor.sty
Package: hycolor 2020-01-27 v1.10 Color options for hyperref/bookmark (HO)
)
(C:/MiKTeX/tex/latex/hyperref/nameref.sty
Package: nameref 2025-06-21 v2.57 Cross-referencing by name of section

(C:/MiKTeX/tex/latex/refcount/refcount.sty
Package: refcount 2019/12/15 v3.6 Data extraction from label references (HO)
)
(C:/MiKTeX/tex/generic/gettitlestring/gettitlestring.sty
Package: gettitlestring 2019/12/15 v1.6 Cleanup title references (HO)

(C:/MiKTeX/tex/latex/kvoptions/kvoptions.sty
Package: kvoptions 2022-06-15 v3.15 Key value format for package options (HO)
))
\c@section@level=\count320
)
(C:/MiKTeX/tex/generic/stringenc/stringenc.sty
Package: stringenc 2019/11/29 v1.12 Convert strings between diff. encodings (HO
)
)
\@linkdim=\dimen274
\Hy@linkcounter=\count321
\Hy@pagecounter=\count322

(C:/MiKTeX/tex/latex/hyperref/pd1enc.def
File: pd1enc.def 2025-07-12 v7.01o Hyperref: PDFDocEncoding definition (HO)
)
(C:/MiKTeX/tex/generic/intcalc/intcalc.sty
Package: intcalc 2019/12/15 v1.3 Expandable calculations with integers (HO)
)
\Hy@SavedSpaceFactor=\count323

(C:/MiKTeX/tex/latex/hyperref/puenc.def
File: puenc.def 2025-07-12 v7.01o Hyperref: PDF Unicode definition (HO)
)
Package hyperref Info: Option `bookmarks' set `true' on input line 4066.
Package hyperref Info: Option `bookmarksopen' set `true' on input line 4066.
Package hyperref Info: Option `implicit' set `false' on input line 4066.
Package hyperref Info: Hyper figures OFF on input line 4195.
Package hyperref Info: Link nesting OFF on input line 4200.
Package hyperref Info: Hyper index ON on input line 4203.
Package hyperref Info: Plain pages OFF on input line 4210.
Package hyperref Info: Backreferencing OFF on input line 4215.
Package hyperref Info: Implicit mode OFF; no redefinition of LaTeX internals.
Package hyperref Info: Bookmarks ON on input line 4462.
\c@Hy@tempcnt=\count324
 (C:/MiKTeX/tex/latex/url/url.sty
\Urlmuskip=\muskip17
Package: url 2013/09/16  ver 3.4  Verb mode for urls, etc.
)
LaTeX Info: Redefining \url on input line 4801.
\XeTeXLinkMargin=\dimen275

(C:/MiKTeX/tex/generic/bitset/bitset.sty
Package: bitset 2019/12/09 v1.3 Handle bit-vector datatype (HO)

(C:/MiKTeX/tex/generic/bigintcalc/bigintcalc.sty
Package: bigintcalc 2019/12/15 v1.5 Expandable calculations on big integers (HO
)
))
\Fld@menulength=\count325
\Field@Width=\dimen276
\Fld@charsize=\dimen277
Package hyperref Info: Hyper figures OFF on input line 6078.
Package hyperref Info: Link nesting OFF on input line 6083.
Package hyperref Info: Hyper index ON on input line 6086.
Package hyperref Info: backreferencing OFF on input line 6093.
Package hyperref Info: Link coloring OFF on input line 6098.
Package hyperref Info: Link coloring with OCG OFF on input line 6103.
Package hyperref Info: PDF/A mode OFF on input line 6108.
\Hy@abspage=\count326


Package hyperref Message: Stopped early.

)
Package hyperref Info: Driver (autodetected): hluatex.
 (C:/MiKTeX/tex/latex/hyperref/hluatex.def
File: hluatex.def 2025-07-12 v7.01o Hyperref driver for luaTeX
\Fld@listcount=\count327
\c@bookmark@seq@number=\count328

(C:/MiKTeX/tex/latex/rerunfilecheck/rerunfilecheck.sty
Package: rerunfilecheck 2025-06-21 v1.11 Rerun checks for auxiliary files (HO)

(C:/MiKTeX/tex/generic/uniquecounter/uniquecounter.sty
Package: uniquecounter 2019/12/15 v1.4 Provide unlimited unique counter (HO)
)
Package uniquecounter Info: New unique counter `rerunfilecheck' on input line 2
84.
))
(C:/MiKTeX/tex/latex/beamer/beamerbaserequires.sty
(C:/MiKTeX/tex/latex/beamer/beamerbasecompatibility.sty)
(C:/MiKTeX/tex/latex/beamer/beamerbasefont.sty
(C:/MiKTeX/tex/latex/amsfonts/amssymb.sty
Package: amssymb 2013/01/14 v3.01 AMS font symbols

(C:/MiKTeX/tex/latex/amsfonts/amsfonts.sty
Package: amsfonts 2013/01/14 v3.01 Basic AMSFonts support
\@emptytoks=\toks30
\symAMSa=\mathgroup4
\symAMSb=\mathgroup5
LaTeX Font Info:    Redeclaring math symbol \hbar on input line 98.
LaTeX Font Info:    Overwriting math alphabet `\mathfrak' in version `bold'
(Font)                  U/euf/m/n --> U/euf/b/n on input line 106.
))
(C:/MiKTeX/tex/latex/sansmathaccent/sansmathaccent.sty
Package: sansmathaccent 2020/01/31

(C:/MiKTeX/tex/latex/koma-script/scrlfile.sty
Package: scrlfile 2025/12/01 v3.49 KOMA-Script package (file load hooks)

(C:/MiKTeX/tex/latex/koma-script/scrlfile-hook.sty
Package: scrlfile-hook 2025/12/01 v3.49 KOMA-Script package (using LaTeX hooks)


(C:/MiKTeX/tex/latex/koma-script/scrlogo.sty
Package: scrlogo 2025/12/01 v3.49 KOMA-Script package (logo)
)))))
(C:/MiKTeX/tex/latex/beamer/beamerbasetranslator.sty
(C:/MiKTeX/tex/latex/translator/translator.sty
Package: translator 2021-05-31 v1.12d Easy translation of strings in LaTeX
))
(C:/MiKTeX/tex/latex/beamer/beamerbasemisc.sty)
(C:/MiKTeX/tex/latex/beamer/beamerbasetwoscreens.sty)
(C:/MiKTeX/tex/latex/beamer/beamerbaseoverlay.sty
\beamer@argscount=\count329
\beamer@lastskipcover=\skip52
\beamer@trivlistdepth=\count330
)
(C:/MiKTeX/tex/latex/beamer/beamerbasetitle.sty)
(C:/MiKTeX/tex/latex/beamer/beamerbasesection.sty
\c@lecture=\count331
\c@part=\count332
\c@section=\count333
\c@subsection=\count334
\c@subsubsection=\count335
)
(C:/MiKTeX/tex/latex/beamer/beamerbaseframe.sty
\beamer@framebox=\box68
\beamer@frametitlebox=\box69
\beamer@zoombox=\box70
\beamer@zoomcount=\count336
\beamer@zoomframecount=\count337
\beamer@frametextheight=\dimen278
\c@subsectionslide=\count338
\beamer@frametopskip=\skip53
\beamer@framebottomskip=\skip54
\beamer@frametopskipautobreak=\skip55
\beamer@framebottomskipautobreak=\skip56
\beamer@envbody=\toks31
\framewidth=\dimen279
\c@framenumber=\count339
)
(C:/MiKTeX/tex/latex/beamer/beamerbaseverbatim.sty
\beamer@verbatimfileout=\write4
)
(C:/MiKTeX/tex/latex/beamer/beamerbaseframesize.sty
\beamer@splitbox=\box71
\beamer@autobreakcount=\count340
\beamer@autobreaklastheight=\dimen280
\beamer@frametitletoks=\toks32
\beamer@framesubtitletoks=\toks33
)
(C:/MiKTeX/tex/latex/beamer/beamerbaseframecomponents.sty
\beamer@colheight=\skip57
\beamer@footins=\box72
)
(C:/MiKTeX/tex/latex/beamer/beamerbasecolor.sty)
(C:/MiKTeX/tex/latex/beamer/beamerbasenotes.sty
\beamer@frameboxcopy=\box73
)
(C:/MiKTeX/tex/latex/beamer/beamerbasetoc.sty)
(C:/MiKTeX/tex/latex/beamer/beamerbasetemplates.sty
\beamer@sbttoks=\toks34

(C:/MiKTeX/tex/latex/beamer/beamerbaseauxtemplates.sty
(C:/MiKTeX/tex/latex/beamer/beamerbaseboxes.sty
\bmb@box=\box74
\bmb@colorbox=\box75
\bmb@boxwidth=\dimen281
\bmb@boxheight=\dimen282
\bmb@prevheight=\dimen283
\bmb@temp=\dimen284
\bmb@dima=\dimen285
\bmb@dimb=\dimen286
\bmb@prevheight=\dimen287
)
\beamer@blockheadheight=\dimen288
))
(C:/MiKTeX/tex/latex/beamer/beamerbaselocalstructure.sty
(C:/MiKTeX/tex/latex/tools/enumerate.sty
Package: enumerate 2023/07/04 v3.00 enumerate extensions (DPC)
\@enLab=\toks35
)
\beamer@bibiconwidth=\skip58
\c@figure=\count341
\c@table=\count342
\abovecaptionskip=\skip59
\belowcaptionskip=\skip60
)
(C:/MiKTeX/tex/latex/beamer/beamerbasenavigation.sty
(C:/MiKTeX/tex/latex/beamer/beamerbasenavigationsymbols.tex)
\beamer@section@min@dim=\dimen289
)
(C:/MiKTeX/tex/latex/beamer/beamerbasetheorems.sty
(C:/MiKTeX/tex/latex/amsmath/amsmath.sty
Package: amsmath 2025/06/16 v2.17y AMS math features
\@mathmargin=\skip61

For additional information on amsmath, use the `?' option.
(C:/MiKTeX/tex/latex/amsmath/amstext.sty
Package: amstext 2024/11/17 v2.01 AMS text

(C:/MiKTeX/tex/latex/amsmath/amsgen.sty
File: amsgen.sty 1999/11/30 v2.0 generic functions
\@emptytoks=\toks36
\ex@=\dimen290
))
(C:/MiKTeX/tex/latex/amsmath/amsbsy.sty
Package: amsbsy 1999/11/29 v1.2d Bold Symbols
\pmbraise@=\dimen291
)
(C:/MiKTeX/tex/latex/amsmath/amsopn.sty
Package: amsopn 2022/04/08 v2.04 operator names
)
\inf@bad=\count343
LaTeX Info: Redefining \frac on input line 235.
\uproot@=\count344
\leftroot@=\count345
LaTeX Info: Redefining \overline on input line 398.
LaTeX Info: Redefining \colon on input line 409.
\classnum@=\count346
\DOTSCASE@=\count347
LaTeX Info: Redefining \ldots on input line 495.
LaTeX Info: Redefining \dots on input line 498.
LaTeX Info: Redefining \cdots on input line 619.
\Mathstrutbox@=\box76
\strutbox@=\box77
LaTeX Info: Redefining \big on input line 721.
LaTeX Info: Redefining \Big on input line 722.
LaTeX Info: Redefining \bigg on input line 723.
LaTeX Info: Redefining \Bigg on input line 724.
\big@size=\dimen292
LaTeX Font Info:    Redeclaring font encoding OML on input line 742.
LaTeX Font Info:    Redeclaring font encoding OMS on input line 743.
\macc@depth=\count348
LaTeX Info: Redefining \bmod on input line 904.
LaTeX Info: Redefining \pmod on input line 909.
LaTeX Info: Redefining \smash on input line 939.
LaTeX Info: Redefining \relbar on input line 969.
LaTeX Info: Redefining \Relbar on input line 970.
\c@MaxMatrixCols=\count349
\dotsspace@=\muskip18
\c@parentequation=\count350
\dspbrk@lvl=\count351
\tag@help=\toks37
\row@=\count352
\column@=\count353
\maxfields@=\count354
\andhelp@=\toks38
\eqnshift@=\dimen293
\alignsep@=\dimen294
\tagshift@=\dimen295
\tagwidth@=\dimen296
\totwidth@=\dimen297
\lineht@=\dimen298
\@envbody=\toks39
\multlinegap=\skip62
\multlinetaggap=\skip63
\mathdisplay@stack=\toks40
LaTeX Info: Redefining \[ on input line 2949.
LaTeX Info: Redefining \] on input line 2950.
)
(C:/MiKTeX/tex/latex/amscls/amsthm.sty
Package: amsthm 2020/05/29 v2.20.6
\thm@style=\toks41
\thm@bodyfont=\toks42
\thm@headfont=\toks43
\thm@notefont=\toks44
\thm@headpunct=\toks45
\thm@preskip=\skip64
\thm@postskip=\skip65
\thm@headsep=\skip66
\dth@everypar=\toks46
)
\c@theorem=\count355
)
(C:/MiKTeX/tex/latex/beamer/beamerbasethemes.sty))
(C:/MiKTeX/tex/latex/beamer/beamerthemedefault.sty
(C:/MiKTeX/tex/latex/beamer/beamerfontthemedefault.sty)
(C:/MiKTeX/tex/latex/beamer/beamercolorthemedefault.sty)
(C:/MiKTeX/tex/latex/beamer/beamerinnerthemedefault.sty
\beamer@dima=\dimen299
\beamer@dimb=\dimen300
)
(C:/MiKTeX/tex/latex/beamer/beamerouterthemedefault.sty)))
(C:/MiKTeX/tex/generic/babel/babel.sty
Package: babel 2025/10/01 v25.13 The multilingual framework for LuaLaTeX, pdfLa
TeX and XeLaTeX

(C:/MiKTeX/tex/generic/babel/luababel.def
\bbl@readstream=\read3
\l@afrikaans=\language2
Package babel Info: Non-standard hyphenation setup on input line 118.
\l@ancientgreek=\language3
\l@armenian=\language4
\l@assamese=\language5
\l@basque=\language6
\l@belarusian=\language7
\l@bengali=\language8
\l@bokmal=\language9
\l@bulgarian=\language10
\l@catalan=\language11
\l@churchslavonic=\language12
\l@classiclatin=\language13
\l@coptic=\language14
\l@croatian=\language15
\l@czech=\language16
\l@danish=\language17
\l@dutch=\language18
\l@esperanto=\language19
\l@estonian=\language20
\l@ethiopic=\language21
\l@finnish=\language22
\l@french=\language23
\l@friulan=\language24
\l@galician=\language25
\l@georgian=\language26
\l@german=\language27
\l@greek=\language28
\l@gujarati=\language29
\l@hindi=\language30
\l@hungarian=\language31
\l@icelandic=\language32
\l@indonesian=\language33
\l@interlingua=\language34
\l@irish=\language35
\l@italian=\language36
\l@kannada=\language37
\l@kurmanji=\language38
\l@latin=\language39
\l@latvian=\language40
\l@lithuanian=\language41
\l@liturgicallatin=\language42
\l@macedonian=\language43
\l@malayalam=\language44
\l@marathi=\language45
\l@mongolian=\language46
\l@mongolianlmc=\language47
\l@monogreek=\language48
\l@ngerman=\language49
\l@nynorsk=\language50
\l@occitan=\language51
\l@oriya=\language52
\l@pali=\language53
\l@panjabi=\language54
\l@piedmontese=\language55
\l@polish=\language56
\l@portuguese=\language57
\l@romanian=\language58
\l@romansh=\language59
\l@russian=\language60
\l@sanskrit=\language61
\l@serbian=\language62
\l@serbianc=\language63
\l@slovak=\language64
\l@slovenian=\language65
\l@spanish=\language66
\l@swedish=\language67
\l@swissgerman=\language68
\l@tamil=\language69
\l@telugu=\language70
\l@thai=\language71
\l@turkish=\language72
\l@turkmen=\language73
\l@ukenglish=\language74
\l@ukrainian=\language75
\l@uppersorbian=\language76
\l@usenglishmax=\language77
\l@welsh=\language78
\babelcatcodetablenum=\catcodetable14
\bbl@pattcodes=\catcodetable15
)
\babel@savecnt=\count356
LaTeX Encoding Info:    Redeclaring text command \ij (encoding OT1) on input li
ne 2045.
LaTeX Encoding Info:    Redeclaring text command \IJ (encoding OT1) on input li
ne 2047.
LaTeX Encoding Info:    Redeclaring text command \ij (encoding T1) on input lin
e 2049.
LaTeX Encoding Info:    Redeclaring text command \IJ (encoding T1) on input lin
e 2050.
LaTeX Encoding Info:    Ignoring declaration for text command \ij (encoding ?) 
on input line 2051.
LaTeX Encoding Info:    Ignoring declaration for text command \IJ (encoding ?) 
on input line 2053.
LaTeX Encoding Info:    Ignoring declaration for text command \SS (encoding ?) 
on input line 2078.
\U@D=\dimen301
\l@unhyphenated=\language79

(C:/MiKTeX/tex/generic/babel/luababel.def
\bbl@attr@locale=\attribute4
)
LaTeX Info: Redefining \textlatin on input line 3930.

*************************************
* Local config file bblopts.cfg used
*
(C:/MiKTeX/tex/latex/arabi/bblopts.cfg
File: bblopts.cfg 2005/09/08 v0.1 add Arabic and Farsi to "declared" options of
 babel
)
(C:/MiKTeX/tex/latex/babel-spanish/spanish.ldf
Language: spanish.ldf 2021/05/27 v5.0q Spanish support from the babel system

(C:/MiKTeX/tex/generic/babel/locale/es/babel-spanish.tex
Package babel Info: Importing font and identification data for spanish
(babel)             from babel-es.ini. Reported on input line 12.
)
\es@quottoks=\toks47
\es@quotdepth=\count357

(C:/MiKTeX/tex/generic/hyph-utf8/loadhyph/loadhyph-es.tex
UTF-8 Spanish hyphenation patterns
(C:/MiKTeX/tex/generic/hyph-utf8/patterns/tex/hyph-es.tex))))
LaTeX Encoding Info:    Redeclaring text command \guillemotleft (encoding OT1) 
on input line 6.
LaTeX Encoding Info:    Redeclaring text command \guillemotright (encoding OT1)
 on input line 6.

(C:/MiKTeX/tex/latex/fontspec/fontspec.sty
(C:/MiKTeX/tex/latex/l3packages/xparse/xparse.sty
(C:/MiKTeX/tex/latex/l3kernel/expl3.sty
Package: expl3 2025-09-02 L3 programming layer (loader) 

(C:/MiKTeX/tex/latex/l3backend/l3backend-luatex.def
File: l3backend-luatex.def 2025-06-09 L3 backend support: PDF output (LuaTeX)
\l__color_backend_stack_int=\count358
Inserting `l3color' in `luaotfload.parse_color'.))
Package: xparse 2024-08-16 L3 Experimental document command parser
)
Package: fontspec 2025/09/29 v2.9g Font selection for XeLaTeX and LuaLaTeX
Lua module: fontspec 2025/09/29 v2.9g Font selection for XeLaTeX and LuaLaTeX
(C:/MiKTeX/tex/latex/fontspec/fontspec-luatex.sty
Package: fontspec-luatex 2025/09/29 v2.9g Font selection for XeLaTeX and LuaLaT
eX
\l__fontspec_script_int=\count359
\l__fontspec_language_int=\count360
\l__fontspec_strnum_int=\count361
\l__fontspec_tmp_int=\count362
\l__fontspec_tmpa_int=\count363
\l__fontspec_tmpb_int=\count364
\l__fontspec_tmpc_int=\count365
\l__fontspec_em_int=\count366
\l__fontspec_emdef_int=\count367
\l__fontspec_strong_int=\count368
\l__fontspec_strongdef_int=\count369
\l__fontspec_tmpa_dim=\dimen302
\l__fontspec_tmpb_dim=\dimen303
\l__fontspec_tmpc_dim=\dimen304

(C:/MiKTeX/tex/latex/base/fontenc.sty
Package: fontenc 2024/12/21 v2.1c Standard LaTeX package
)
(C:/MiKTeX/tex/latex/fontspec/fontspec.cfg)))
luaotfload | cache : Lookup cache loaded from C:/Users/QU1267/AppData/Local/MiKT
eX/luatex-cache/generic/names/luaotfload-lookup-cache.luc.

Package fontspec Info: 
(fontspec)             Font family 'Arial(0)' created for font 'Arial' with
(fontspec)             options [Ligatures=TeX].
(fontspec)              
(fontspec)              This font family consists of the following NFSS
(fontspec)             series/shapes:
(fontspec)              
(fontspec)             - 'normal' (m/n) with NFSS spec.:
(fontspec)             <->"name:Arial:mode=node;script=latn;language=dflt;+tlig
;"
(fontspec)             - 'small caps'  (m/sc) with NFSS spec.:
(fontspec)             <->"name:Arial:mode=node;script=latn;language=dflt;+tlig
;+smcp;"
(fontspec)             - 'bold' (b/n) with NFSS spec.:
(fontspec)             <->"name:Arial/B:mode=node;script=latn;language=dflt;+tl
ig;"
(fontspec)             - 'bold small caps'  (b/sc) with NFSS spec.:
(fontspec)             <->"name:Arial/B:mode=node;script=latn;language=dflt;+tl
ig;+smcp;"
(fontspec)             - 'italic' (m/it) with NFSS spec.:
(fontspec)             <->"name:Arial/I:mode=node;script=latn;language=dflt;+tl
ig;"
(fontspec)             - 'bold italic' (b/it) with NFSS spec.:
(fontspec)             <->"name:Arial/BI:mode=node;script=latn;language=dflt;+t
lig;"


(C:/MiKTeX/tex/latex/beamer/beamerfontthemeprofessionalfonts.sty)
(C:/MiKTeX/tex/latex/csquotes/csquotes.sty
Package: csquotes 2024-04-04 v5.2o context-sensitive quotations (JAW)
\csq@reset=\count370
\csq@gtype=\count371
\csq@glevel=\count372
\csq@qlevel=\count373
\csq@maxlvl=\count374
\csq@tshold=\count375
\csq@ltx@everypar=\toks48

(C:/MiKTeX/tex/latex/csquotes/csquotes.def
File: csquotes.def 2024-04-04 v5.2o csquotes generic definitions (JAW)
)
Package csquotes Info: Trying to load configuration file 'csquotes.cfg'...
Package csquotes Info: ... configuration file loaded successfully.

(C:/MiKTeX/tex/latex/csquotes/csquotes.cfg
File: csquotes.cfg 
))
(C:/MiKTeX/tex/latex/booktabs/booktabs.sty
Package: booktabs 2020/01/12 v1.61803398 Publication quality tables
\heavyrulewidth=\dimen305
\lightrulewidth=\dimen306
\cmidrulewidth=\dimen307
\belowrulesep=\dimen308
\belowbottomsep=\dimen309
\aboverulesep=\dimen310
\abovetopsep=\dimen311
\cmidrulesep=\dimen312
\cmidrulekern=\dimen313
\defaultaddspace=\dimen314
\@cmidla=\count376
\@cmidlb=\count377
\@aboverulesep=\dimen315
\@belowrulesep=\dimen316
\@thisruleclass=\count378
\@lastruleclass=\count379
\@thisrulewidth=\dimen317
)
(C:/MiKTeX/tex/latex/tools/tabularx.sty
Package: tabularx 2023/12/11 v2.12a `tabularx' package (DPC)
 (C:/MiKTeX/tex/latex/tools/array.sty
Package: array 2025/06/08 v2.6j Tabular extension package (FMi)
\col@sep=\dimen318
\ar@mcellbox=\box78
\extrarowheight=\dimen319
\NC@list=\toks49
\extratabsurround=\skip67
\backup@length=\skip68
\ar@cellbox=\box79
)
\TX@col@width=\dimen320
\TX@old@table=\dimen321
\TX@old@col=\dimen322
\TX@target=\dimen323
\TX@delta=\dimen324
\TX@cols=\count380
\TX@ftn=\toks50
)
(C:/MiKTeX/tex/latex/tools/multicol.sty
Package: multicol 2025/05/25 v2.0a multicolumn formatting (FMi)
\c@tracingmulticols=\count381
\mult@box=\box80
\multicol@leftmargin=\dimen325
\c@unbalance=\count382
\c@collectmore=\count383
\doublecol@number=\count384
\multicoltolerance=\count385
\multicolpretolerance=\count386
\full@width=\dimen326
\page@free=\dimen327
\premulticols=\dimen328
\postmulticols=\dimen329
\multicolsep=\skip69
\multicolbaselineskip=\skip70
\partial@page=\box81
\last@line=\box82
\mc@boxedresult=\box83
\maxbalancingoverflow=\dimen330
\mult@rightbox=\box84
\mult@grightbox=\box85
\mult@firstbox=\box86
\mult@gfirstbox=\box87
\@tempa=\box88
\@tempa=\box89
\@tempa=\box90
\@tempa=\box91
\@tempa=\box92
\@tempa=\box93
\@tempa=\box94
\@tempa=\box95
\@tempa=\box96
\@tempa=\box97
\@tempa=\box98
\@tempa=\box99
\@tempa=\box100
\@tempa=\box101
\@tempa=\box102
\@tempa=\box103
\@tempa=\box104
\@tempa=\box105
\@tempa=\box106
\@tempa=\box107
\@tempa=\box108
\@tempa=\box109
\@tempa=\box110
\@tempa=\box111
\@tempa=\box112
\@tempa=\box113
\@tempa=\box114
\@tempa=\box115
\@tempa=\box116
\@tempa=\box117
\@tempa=\box118
\@tempa=\box119
\@tempa=\box120
\@tempa=\box121
\@tempa=\box122
\@tempa=\box123
\c@minrows=\count387
\c@columnbadness=\count388
\c@finalcolumnbadness=\count389
\last@try=\dimen331
\multicolovershoot=\dimen332
\multicolundershoot=\dimen333
\mult@nat@firstbox=\box124
\colbreak@box=\box125
\mc@col@check@num=\count390
\g__mc_curr_col_int=\count391
)
(C:/MiKTeX/tex/latex/pgf/frontendlayer/tikz.sty
(C:/MiKTeX/tex/latex/pgf/basiclayer/pgf.sty
Package: pgf 2025-08-29 v3.1.11a (3.1.11a)

(C:/MiKTeX/tex/generic/pgf/modules/pgfmoduleshapes.code.tex
File: pgfmoduleshapes.code.tex 2025-08-29 v3.1.11a (3.1.11a)
\pgfnodeparttextbox=\box126
)
(C:/MiKTeX/tex/generic/pgf/modules/pgfmoduleplot.code.tex
File: pgfmoduleplot.code.tex 2025-08-29 v3.1.11a (3.1.11a)
)
(C:/MiKTeX/tex/latex/pgf/compatibility/pgfcomp-version-0-65.sty
Package: pgfcomp-version-0-65 2025-08-29 v3.1.11a (3.1.11a)
\pgf@nodesepstart=\dimen334
\pgf@nodesepend=\dimen335
)
(C:/MiKTeX/tex/latex/pgf/compatibility/pgfcomp-version-1-18.sty
Package: pgfcomp-version-1-18 2025-08-29 v3.1.11a (3.1.11a)
))
(C:/MiKTeX/tex/latex/pgf/utilities/pgffor.sty
(C:/MiKTeX/tex/generic/pgf/utilities/pgffor.code.tex
Package: pgffor 2025-08-29 v3.1.11a (3.1.11a)
\pgffor@iter=\dimen336
\pgffor@skip=\dimen337
\pgffor@stack=\toks51
\pgffor@toks=\toks52
))
(C:/MiKTeX/tex/generic/pgf/frontendlayer/tikz/tikz.code.tex
Package: tikz 2025-08-29 v3.1.11a (3.1.11a)

(C:/MiKTeX/tex/generic/pgf/libraries/pgflibraryplothandlers.code.tex
File: pgflibraryplothandlers.code.tex 2025-08-29 v3.1.11a (3.1.11a)
\pgf@plot@mark@count=\count392
\pgfplotmarksize=\dimen338
)
\tikz@lastx=\dimen339
\tikz@lasty=\dimen340
\tikz@lastxsaved=\dimen341
\tikz@lastysaved=\dimen342
\tikz@lastmovetox=\dimen343
\tikz@lastmovetoy=\dimen344
\tikzleveldistance=\dimen345
\tikzsiblingdistance=\dimen346
\tikz@figbox=\box127
\tikz@figbox@bg=\box128
\tikz@tempbox=\box129
\tikz@tempbox@bg=\box130
\tikztreelevel=\count393
\tikznumberofchildren=\count394
\tikznumberofcurrentchild=\count395
\tikz@fig@count=\count396

(C:/MiKTeX/tex/generic/pgf/modules/pgfmodulematrix.code.tex
File: pgfmodulematrix.code.tex 2025-08-29 v3.1.11a (3.1.11a)
\pgfmatrixcurrentrow=\count397
\pgfmatrixcurrentcolumn=\count398
\pgf@matrix@numberofcolumns=\count399
)
\tikz@expandcount=\count400

(C:/MiKTeX/tex/generic/pgf/frontendlayer/tikz/libraries/tikzlibrarytopaths.code
.tex
File: tikzlibrarytopaths.code.tex 2025-08-29 v3.1.11a (3.1.11a)
))) (C:/MiKTeX/tex/generic/pgf/libraries/pgflibraryarrows.meta.code.tex
File: pgflibraryarrows.meta.code.tex 2025-08-29 v3.1.11a (3.1.11a)
\pgfarrowinset=\dimen347
\pgfarrowlength=\dimen348
\pgfarrowwidth=\dimen349
\pgfarrowlinewidth=\dimen350
)
(C:/MiKTeX/tex/generic/pgf/frontendlayer/tikz/libraries/tikzlibrarypositioning.
code.tex
File: tikzlibrarypositioning.code.tex 2025-08-29 v3.1.11a (3.1.11a)
)
(C:/MiKTeX/tex/generic/pgf/frontendlayer/tikz/libraries/tikzlibrarycalc.code.te
x
File: tikzlibrarycalc.code.tex 2025-08-29 v3.1.11a (3.1.11a)
)
(C:/MiKTeX/tex/generic/pgf/frontendlayer/tikz/libraries/tikzlibraryfit.code.tex
File: tikzlibraryfit.code.tex 2025-08-29 v3.1.11a (3.1.11a)
)
(C:/MiKTeX/tex/generic/pgf/frontendlayer/tikz/libraries/tikzlibrarybackgrounds.
code.tex
File: tikzlibrarybackgrounds.code.tex 2025-08-29 v3.1.11a (3.1.11a)
\pgf@layerbox@background=\box131
\pgf@layerboxsaved@background=\box132
)
(C:/MiKTeX/tex/generic/pgf/frontendlayer/tikz/libraries/tikzlibraryshapes.geome
tric.code.tex
File: tikzlibraryshapes.geometric.code.tex 2025-08-29 v3.1.11a (3.1.11a)

(C:/MiKTeX/tex/generic/pgf/libraries/shapes/pgflibraryshapes.geometric.code.tex
File: pgflibraryshapes.geometric.code.tex 2025-08-29 v3.1.11a (3.1.11a)
)) (C:/MiKTeX/tex/latex/pgfplots/pgfplots.sty
(C:/MiKTeX/tex/generic/pgfplots/pgfplots.revision.tex)
Package: pgfplots 2021/05/15 v1.18.1 Data Visualization (1.18.1)

(C:/MiKTeX/tex/generic/pgfplots/pgfplots.code.tex
(C:/MiKTeX/tex/generic/pgfplots/pgfplotscore.code.tex
Package pgfplots info on input line 124: Initializing with LUA version Lua 5.3
\pgfplots@luabackend@table=\catcodetable16
\t@pgfplots@toka=\toks53
\t@pgfplots@tokb=\toks54
\t@pgfplots@tokc=\toks55
\pgfplots@tmpa=\dimen351
\c@pgfplots@coordindex=\count401
\c@pgfplots@scanlineindex=\count402

(C:/MiKTeX/tex/generic/pgfplots/sys/pgfplotssysgeneric.code.tex))
(C:/MiKTeX/tex/generic/pgfplots/libs/pgfplotslibrary.code.tex)
(C:/MiKTeX/tex/generic/pgfplots/oldpgfcompatib/pgfplotsoldpgfsupp_loader.code.t
ex (C:/MiKTeX/tex/generic/pgf/libraries/pgflibraryfpu.code.tex)
Package pgfplots: loading complementary utilities for your pgf version...
\t@pgf@toka=\toks56
\t@pgf@tokb=\toks57
\t@pgf@tokc=\toks58

(C:/MiKTeX/tex/generic/pgfplots/oldpgfcompatib/pgfplotsoldpgfsupp_pgfutil-commo
n-lists.tex)
(C:/MiKTeX/tex/generic/pgf/libraries/luamath/pgflibraryluamath.code.tex)
Package pgfplots info on input line 290: luamath library shipped with pgf 3.1.1
1a is up-to-date
)
(C:/MiKTeX/tex/generic/pgfplots/util/pgfplotsutil.code.tex
Package pgfplots info on input line 82: Found new luatex: initializing lua comm
ands instead of write18 (shell-escape)

(C:/MiKTeX/tex/generic/pgfplots/liststructure/pgfplotsliststructure.code.tex)
(C:/MiKTeX/tex/generic/pgfplots/liststructure/pgfplotsliststructureext.code.tex
) (C:/MiKTeX/tex/generic/pgfplots/liststructure/pgfplotsarray.code.tex
\c@pgfplotsarray@tmp=\count403
)
(C:/MiKTeX/tex/generic/pgfplots/liststructure/pgfplotsmatrix.code.tex)
(C:/MiKTeX/tex/generic/pgfplots/numtable/pgfplotstableshared.code.tex
\c@pgfplotstable@counta=\count404
\t@pgfplotstable@a=\toks59
)
(C:/MiKTeX/tex/generic/pgfplots/liststructure/pgfplotsdeque.code.tex)
(C:/MiKTeX/tex/generic/pgfplots/util/pgfplotsbinary.code.tex
(C:/MiKTeX/tex/generic/pgfplots/util/pgfplotsbinary.data.code.tex))
(C:/MiKTeX/tex/generic/pgfplots/util/pgfplotsutil.verb.code.tex)
(C:/MiKTeX/tex/generic/pgfplots/libs/pgflibrarypgfplots.surfshading.code.tex
\c@pgfplotslibrarysurf@no=\count405

(C:/MiKTeX/tex/generic/pgfplots/sys/pgflibrarypgfplots.surfshading.pgfsys-luate
x.def))) (C:/MiKTeX/tex/generic/pgfplots/util/pgfplotscolormap.code.tex
(C:/MiKTeX/tex/generic/pgfplots/util/pgfplotscolor.code.tex))
(C:/MiKTeX/tex/generic/pgfplots/pgfplotsstackedplots.code.tex)
(C:/MiKTeX/tex/generic/pgfplots/pgfplotsplothandlers.code.tex
(C:/MiKTeX/tex/generic/pgfplots/pgfplotsmeshplothandler.code.tex
(C:/MiKTeX/tex/generic/pgfplots/pgfplotsmeshplotimage.code.tex)))
(C:/MiKTeX/tex/generic/pgfplots/pgfplots.scaling.code.tex)
(C:/MiKTeX/tex/generic/pgfplots/pgfplotscoordprocessing.code.tex)
(C:/MiKTeX/tex/generic/pgfplots/pgfplots.errorbars.code.tex)
(C:/MiKTeX/tex/generic/pgfplots/pgfplots.markers.code.tex)
(C:/MiKTeX/tex/generic/pgfplots/pgfplotsticks.code.tex)
(C:/MiKTeX/tex/generic/pgfplots/pgfplots.paths.code.tex)
(C:/MiKTeX/tex/generic/pgf/frontendlayer/tikz/libraries/tikzlibrarydecorations.
code.tex (C:/MiKTeX/tex/generic/pgf/modules/pgfmoduledecorations.code.tex
\pgfdecoratedcompleteddistance=\dimen352
\pgfdecoratedremainingdistance=\dimen353
\pgfdecoratedinputsegmentcompleteddistance=\dimen354
\pgfdecoratedinputsegmentremainingdistance=\dimen355
\pgf@decorate@distancetomove=\dimen356
\pgf@decorate@repeatstate=\count406
\pgfdecorationsegmentamplitude=\dimen357
\pgfdecorationsegmentlength=\dimen358
)
\tikz@lib@dec@box=\box133
)
(C:/MiKTeX/tex/generic/pgf/frontendlayer/tikz/libraries/tikzlibrarydecorations.
pathmorphing.code.tex
(C:/MiKTeX/tex/generic/pgf/libraries/decorations/pgflibrarydecorations.pathmorp
hing.code.tex))
(C:/MiKTeX/tex/generic/pgf/frontendlayer/tikz/libraries/tikzlibrarydecorations.
pathreplacing.code.tex
(C:/MiKTeX/tex/generic/pgf/libraries/decorations/pgflibrarydecorations.pathrepl
acing.code.tex))
(C:/MiKTeX/tex/generic/pgfplots/libs/tikzlibrarypgfplots.contourlua.code.tex)
\pgfplots@numplots=\count407
\pgfplots@xmin@reg=\dimen359
\pgfplots@xmax@reg=\dimen360
\pgfplots@ymin@reg=\dimen361
\pgfplots@ymax@reg=\dimen362
\pgfplots@zmin@reg=\dimen363
\pgfplots@zmax@reg=\dimen364
)
(C:/MiKTeX/tex/generic/pgf/frontendlayer/tikz/libraries/tikzlibraryplotmarks.co
de.tex
File: tikzlibraryplotmarks.code.tex 2025-08-29 v3.1.11a (3.1.11a)
 (C:/MiKTeX/tex/generic/pgf/libraries/pgflibraryplotmarks.code.tex
File: pgflibraryplotmarks.code.tex 2025-08-29 v3.1.11a (3.1.11a)
)))
(C:/MiKTeX/tex/generic/pgfplots/libs/tikzlibrarypgfplots.groupplots.code.tex
\pgfplots@group@current@plot=\count408
\pgfplots@group@current@row=\count409
\pgfplots@group@current@column=\count410
)
(C:/MiKTeX/tex/latex/siunitx/siunitx.sty
Package: siunitx 2025-07-09 v3.4.14 A comprehensive (SI) units package
\l__siunitx_number_uncert_offset_int=\count411
\l__siunitx_number_exponent_fixed_int=\count412
\l__siunitx_number_min_decimal_int=\count413
\l__siunitx_number_min_integer_int=\count414
\l__siunitx_number_round_precision_int=\count415
\l__siunitx_number_lower_threshold_int=\count416
\l__siunitx_number_upper_threshold_int=\count417
\l__siunitx_number_group_first_int=\count418
\l__siunitx_number_group_size_int=\count419
\l__siunitx_number_group_minimum_int=\count420
\l__siunitx_angle_tmp_dim=\dimen365
\l__siunitx_angle_marker_box=\box134
\l__siunitx_angle_unit_box=\box135
\l__siunitx_compound_count_int=\count421

(C:/MiKTeX/tex/latex/translations/translations.sty
Package: translations 2022/02/05 v1.12 internationalization of LaTeX2e packages
 (CN)
)
\l__siunitx_table_tmp_box=\box136
\l__siunitx_table_tmp_dim=\dimen366
\l__siunitx_table_column_width_dim=\dimen367
\l__siunitx_table_integer_box=\box137
\l__siunitx_table_decimal_box=\box138
\l__siunitx_table_uncert_box=\box139
\l__siunitx_table_before_box=\box140
\l__siunitx_table_after_box=\box141
\l__siunitx_table_before_dim=\dimen368
\l__siunitx_table_carry_dim=\dimen369
\l__siunitx_unit_tmp_int=\count422
\l__siunitx_unit_position_int=\count423
\l__siunitx_unit_total_int=\count424
)
(C:/MiKTeX/tex/latex/biblatex/biblatex.sty
Package: biblatex 2025/07/10 v3.21 programmable bibliographies (PK/MW)

(C:/MiKTeX/tex/latex/logreq/logreq.sty
Package: logreq 2010/08/04 v1.0 xml request logger
\lrq@indent=\count425
 (C:/MiKTeX/tex/latex/logreq/logreq.def
File: logreq.def 2010/08/04 v1.0 logreq spec v1.0
)) (C:/MiKTeX/tex/latex/base/ifthen.sty
Package: ifthen 2024/03/16 v1.1e Standard LaTeX ifthen package (DPC)
)
\c@tabx@nest=\count426
\c@listtotal=\count427
\c@listcount=\count428
\c@liststart=\count429
\c@liststop=\count430
\c@citecount=\count431
\c@citetotal=\count432
\c@multicitecount=\count433
\c@multicitetotal=\count434
\c@instcount=\count435
\c@maxnames=\count436
\c@minnames=\count437
\c@maxitems=\count438
\c@minitems=\count439
\c@citecounter=\count440
\c@maxcitecounter=\count441
\c@savedcitecounter=\count442
\c@uniquelist=\count443
\c@uniquename=\count444
\c@refsection=\count445
\c@refsegment=\count446
\c@maxextratitle=\count447
\c@maxextratitleyear=\count448
\c@maxextraname=\count449
\c@maxextradate=\count450
\c@maxextraalpha=\count451
\c@abbrvpenalty=\count452
\c@highnamepenalty=\count453
\c@lownamepenalty=\count454
\c@maxparens=\count455
\c@parenlevel=\count456
\blx@tempcnta=\count457
\blx@tempcntb=\count458
\blx@tempcntc=\count459
\c@blx@maxsection=\count460
\blx@maxsegment@0=\count461
\blx@notetype=\count462
\blx@parenlevel@text=\count463
\blx@parenlevel@foot=\count464
\blx@sectionciteorder@0=\count465
\blx@sectionciteorderinternal@0=\count466
\blx@entrysetcounter=\count467
\blx@biblioinstance=\count468
\labelnumberwidth=\skip71
\labelalphawidth=\skip72
\biblabelsep=\skip73
\bibitemsep=\skip74
\bibnamesep=\skip75
\bibinitsep=\skip76
\bibparsep=\skip77
\bibhang=\skip78
\blx@bcfin=\read4
\blx@bcfout=\write5
\blx@langwohyphens=\language80
\c@mincomprange=\count469
\c@maxcomprange=\count470
\c@mincompwidth=\count471
Package biblatex Info: Trying to load biblatex default data model...
Package biblatex Info: ... file 'blx-dm.def' found.
 (C:/MiKTeX/tex/latex/biblatex/blx-dm.def
File: blx-dm.def 2025/07/10 v3.21 biblatex datamodel (PK/MW)
)
Package biblatex Info: Trying to load biblatex style data model...
Package biblatex Info: ... file 'apa.dbx' found.
 (C:/MiKTeX/tex/latex/biblatex-apa/apa.dbx
File: apa.dbx 2025/08/27 v9.20 APA biblatex style data model
)
Package biblatex Info: Trying to load biblatex custom data model...
Package biblatex Info: ... file 'biblatex-dm.cfg' not found.
\c@afterword=\count472
\c@savedafterword=\count473
\c@annotator=\count474
\c@savedannotator=\count475
\c@author=\count476
\c@savedauthor=\count477
\c@bookauthor=\count478
\c@savedbookauthor=\count479
\c@commentator=\count480
\c@savedcommentator=\count481
\c@editor=\count482
\c@savededitor=\count483
\c@editora=\count484
\c@savededitora=\count485
\c@editorb=\count486
\c@savededitorb=\count487
\c@editorc=\count488
\c@savededitorc=\count489
\c@foreword=\count490
\c@savedforeword=\count491
\c@holder=\count492
\c@savedholder=\count493
\c@introduction=\count494
\c@savedintroduction=\count495
\c@namea=\count496
\c@savednamea=\count497
\c@nameb=\count498
\c@savednameb=\count499
\c@namec=\count500
\c@savednamec=\count501
\c@translator=\count502
\c@savedtranslator=\count503
\c@shortauthor=\count504
\c@savedshortauthor=\count505
\c@shorteditor=\count506
\c@savedshorteditor=\count507
\c@narrator=\count508
\c@savednarrator=\count509
\c@execproducer=\count510
\c@savedexecproducer=\count511
\c@execdirector=\count512
\c@savedexecdirector=\count513
\c@with=\count514
\c@savedwith=\count515
\c@labelname=\count516
\c@savedlabelname=\count517
\c@institution=\count518
\c@savedinstitution=\count519
\c@lista=\count520
\c@savedlista=\count521
\c@listb=\count522
\c@savedlistb=\count523
\c@listc=\count524
\c@savedlistc=\count525
\c@listd=\count526
\c@savedlistd=\count527
\c@liste=\count528
\c@savedliste=\count529
\c@listf=\count530
\c@savedlistf=\count531
\c@location=\count532
\c@savedlocation=\count533
\c@organization=\count534
\c@savedorganization=\count535
\c@origlocation=\count536
\c@savedoriglocation=\count537
\c@origpublisher=\count538
\c@savedorigpublisher=\count539
\c@publisher=\count540
\c@savedpublisher=\count541
\c@language=\count542
\c@savedlanguage=\count543
\c@origlanguage=\count544
\c@savedoriglanguage=\count545
\c@citation=\count546
\c@savedcitation=\count547
\c@pageref=\count548
\c@savedpageref=\count549
\shorthandwidth=\skip79
\shortjournalwidth=\skip80
\shortserieswidth=\skip81
\shorttitlewidth=\skip82
\shortauthorwidth=\skip83
\shorteditorwidth=\skip84
\locallabelnumberwidth=\skip85
\locallabelalphawidth=\skip86
\localshorthandwidth=\skip87
\localshortjournalwidth=\skip88
\localshortserieswidth=\skip89
\localshorttitlewidth=\skip90
\localshortauthorwidth=\skip91
\localshorteditorwidth=\skip92
Package biblatex Info: Trying to load enhanced support for Unicode engines...
Package biblatex Info: ... file 'blx-unicode.def' found.

(C:/MiKTeX/tex/latex/biblatex/blx-unicode.def)
Package biblatex Info: Trying to load compatibility code...
Package biblatex Info: ... file 'blx-compat.def' found.

(C:/MiKTeX/tex/latex/biblatex/blx-compat.def
File: blx-compat.def 2025/07/10 v3.21 biblatex compatibility (PK/MW)
)
Package biblatex Info: Trying to load generic definitions...
Package biblatex Info: ... file 'biblatex.def' found.

(C:/MiKTeX/tex/latex/biblatex/biblatex.def
File: biblatex.def 2025/07/10 v3.21 biblatex compatibility (PK/MW)
\c@textcitecount=\count550
\c@textcitetotal=\count551
\c@textcitemaxnames=\count552
\c@biburlbigbreakpenalty=\count553
\c@biburlbreakpenalty=\count554
\c@biburlnumpenalty=\count555
\c@biburlucpenalty=\count556
\c@biburllcpenalty=\count557
\biburlbigskip=\muskip19
\biburlnumskip=\muskip20
\biburlucskip=\muskip21
\biburllcskip=\muskip22
\c@smartand=\count558
)
Package biblatex Info: Trying to load bibliography style 'apa'...
Package biblatex Info: ... file 'apa.bbx' found.

(C:/MiKTeX/tex/latex/biblatex-apa/apa.bbx
File: apa.bbx 2025/08/27 v9.20 APA biblatex references style
Package biblatex Info: Trying to load bibliography style 'standard'...
Package biblatex Info: ... file 'standard.bbx' found.

(C:/MiKTeX/tex/latex/biblatex/bbx/standard.bbx
File: standard.bbx 2025/07/10 v3.21 biblatex bibliography style (PK/MW)
\c@bbx:relatedcount=\count559
\c@bbx:relatedtotal=\count560
)
Package biblatex Info: Delimiter 'nameyeardelim' in context 'bib' already defin
ed, overwriting.
Package biblatex Info: Delimiter 'nameyeardelim' in context 'biblist' already d
efined, overwriting.
Package biblatex Info: Delimiter 'nonameyeardelim' in context 'bib' already def
ined, overwriting.
Package biblatex Info: Delimiter 'nonameyeardelim' in context 'biblist' already
 defined, overwriting.
)
Package biblatex Info: Trying to load citation style 'apa'...
Package biblatex Info: ... file 'apa.cbx' found.

(C:/MiKTeX/tex/latex/biblatex-apa/apa.cbx
File: apa.cbx 2025/08/27 v9.20 APA biblatex citation style
Package biblatex Info: Delimiter 'nameyeardelim' in context '' already defined,
 overwriting.
Package biblatex Info: Delimiter 'andothersdelim' in context '' already defined
, overwriting.
Package biblatex Info: Redefining '\fullcite'.
Package biblatex Info: Redefining '\citeauthor'.
Package biblatex Info: Redefining '\citeyear'.
Package biblatex Info: Redefining '\cite'.
Package biblatex Info: Redefining '\cites'.
Package biblatex Info: Redefining '\parencite'.
Package biblatex Info: Redefining '\parencites'.
Package biblatex Info: Redefining '\footcite'.
Package biblatex Info: Redefining '\footcites'.
Package biblatex Info: Redefining '\footcitetext'.
Package biblatex Info: Redefining '\footcitetexts'.
Package biblatex Info: Redefining '\smartcite'.
Package biblatex Info: Redefining '\smartcites'.
Package biblatex Info: Redefining '\textcite'.
Package biblatex Info: Redefining '\textcites'.
Lua function BLTXAPAifInParensTF = 32)
Package biblatex Info: Trying to load configuration file...
Package biblatex Info: ... file 'biblatex.cfg' found.

(C:/MiKTeX/tex/latex/biblatex/biblatex.cfg
File: biblatex.cfg 
)
Package biblatex Info: LuaTeX detected.
(biblatex)             Assuming input encoding 'utf8'.
Package biblatex Info: Document encoding is UTF8 ....
Package biblatex Info: ... and expl3
(biblatex)             2025-09-02 L3 programming layer (loader) 
(biblatex)             is new enough (at least 2020/04/06),
(biblatex)             setting 'casechanger=expl3'.

(C:/MiKTeX/tex/latex/biblatex/blx-case-expl3.sty
Package: blx-case-expl3 2025/07/10 v3.21 expl3 case changing code for biblatex
))
Package csquotes Info: Checking for multilingual support...
Package csquotes Info: ... found 'babel' package.
Package csquotes Info: Adjusting default style.
Package csquotes Info: Redefining alias 'default' -> 'spanish'.
 (./slide3_verified_build.aux
LaTeX Info: Redefining \. on input line 9.
LaTeX Info: Redefining \% on input line 9.
Package babel Info: 'spanish' activates 'spanish' shorthands.
(babel)             Reported on input line 9.
)
\openout1 = slide3_verified_build.aux

LaTeX Font Info:    Checking defaults for OML/cmm/m/it on input line 135.
LaTeX Font Info:    ... okay on input line 135.
LaTeX Font Info:    Checking defaults for OMS/cmsy/m/n on input line 135.
LaTeX Font Info:    ... okay on input line 135.
LaTeX Font Info:    Checking defaults for OT1/cmr/m/n on input line 135.
LaTeX Font Info:    ... okay on input line 135.
LaTeX Font Info:    Checking defaults for T1/cmr/m/n on input line 135.
LaTeX Font Info:    ... okay on input line 135.
LaTeX Font Info:    Checking defaults for TS1/cmr/m/n on input line 135.
LaTeX Font Info:    ... okay on input line 135.
LaTeX Font Info:    Checking defaults for TU/lmr/m/n on input line 135.
LaTeX Font Info:    ... okay on input line 135.
LaTeX Font Info:    Checking defaults for OMX/cmex/m/n on input line 135.
LaTeX Font Info:    ... okay on input line 135.
LaTeX Font Info:    Checking defaults for U/cmr/m/n on input line 135.
LaTeX Font Info:    ... okay on input line 135.
LaTeX Font Info:    Checking defaults for PD1/pdf/m/n on input line 135.
LaTeX Font Info:    ... okay on input line 135.
LaTeX Font Info:    Checking defaults for PU/pdf/m/n on input line 135.
LaTeX Font Info:    ... okay on input line 135.

*geometry* driver: auto-detecting
*geometry* detected driver: luatex
*geometry* verbose mode - [ preamble ] result:
* driver: luatex
* paper: custom
* layout: <same size as paper>
* layoutoffset:(h,v)=(0.0pt,0.0pt)
* modes: includehead includefoot 
* h-part:(L,W,R)=(28.45274pt, 398.3386pt, 28.45274pt)
* v-part:(T,H,B)=(0.0pt, 256.0748pt, 0.0pt)
* \paperwidth=455.24408pt
* \paperheight=256.0748pt
* \textwidth=398.3386pt
* \textheight=227.62207pt
* \oddsidemargin=-43.81725pt
* \evensidemargin=-43.81725pt
* \topmargin=-72.26999pt
* \headheight=14.22636pt
* \headsep=0.0pt
* \topskip=12.0pt
* \footskip=14.22636pt
* \marginparwidth=4.0pt
* \marginparsep=10.0pt
* \columnsep=10.0pt
* \skip\footins=10.8pt plus 4.0pt minus 2.0pt
* \hoffset=0.0pt
* \voffset=0.0pt
* \mag=1000
* \@twocolumnfalse
* \@twosidefalse
* \@mparswitchfalse
* \@reversemarginfalse
* (1in=72.27pt=25.4mm, 1cm=28.453pt)

(C:/MiKTeX/tex/context/base/mkii/supp-pdf.mkii
[Loading MPS to PDF converter (version 2006.09.02).]
\scratchcounter=\count561
\scratchdimen=\dimen370
\scratchbox=\box142
\nofMPsegments=\count562
\nofMParguments=\count563
\everyMPshowfont=\toks60
\MPscratchCnt=\count564
\MPscratchDim=\dimen371
\MPnumerator=\count565
\makeMPintoPDFobject=\count566
\everyMPtoPDFconversion=\toks61
) (C:/MiKTeX/tex/latex/epstopdf-pkg/epstopdf-base.sty
Package: epstopdf-base 2020-01-24 v2.11 Base part for package epstopdf
Package epstopdf-base Info: Redefining graphics rule for `.eps' on input line 4
85.

(C:/MiKTeX/tex/latex/00miktex/epstopdf-sys.cfg
File: epstopdf-sys.cfg 2021/03/18 v2.0 Configuration of epstopdf for MiKTeX
))
Package hyperref Info: Link coloring OFF on input line 135.
 (./slide3_verified_build.out)
(./slide3_verified_build.out)
\@outlinefile=\write6

\openout6 = slide3_verified_build.out

(C:/MiKTeX/tex/latex/translator/translator-basic-dictionary-English.dict
Dictionary: translator-basic-dictionary, Language: English 
)
(C:/MiKTeX/tex/latex/translator/translator-bibliography-dictionary-English.dict
Dictionary: translator-bibliography-dictionary, Language: English 
)
(C:/MiKTeX/tex/latex/translator/translator-environment-dictionary-English.dict
Dictionary: translator-environment-dictionary, Language: English 
) (C:/MiKTeX/tex/latex/translator/translator-months-dictionary-English.dict
Dictionary: translator-months-dictionary, Language: English 
)
(C:/MiKTeX/tex/latex/translator/translator-numbers-dictionary-English.dict
Dictionary: translator-numbers-dictionary, Language: English 
)
(C:/MiKTeX/tex/latex/translator/translator-theorem-dictionary-English.dict
Dictionary: translator-theorem-dictionary, Language: English 
)
LaTeX Info: Redefining \. on input line 135.
LaTeX Info: Redefining \% on input line 135.

Package fontspec Info: 
(fontspec)             Adjusting the maths setup (use [no-math] to avoid
(fontspec)             this).

\symlegacymaths=\mathgroup6
LaTeX Font Info:    Overwriting symbol font `legacymaths' in version `bold'
(Font)                  OT1/cmr/m/n --> OT1/cmr/bx/n on input line 135.
LaTeX Font Info:    Redeclaring math accent \acute on input line 135.
LaTeX Font Info:    Redeclaring math accent \grave on input line 135.
LaTeX Font Info:    Redeclaring math accent \ddot on input line 135.
LaTeX Font Info:    Redeclaring math accent \tilde on input line 135.
LaTeX Font Info:    Redeclaring math accent \bar on input line 135.
LaTeX Font Info:    Redeclaring math accent \breve on input line 135.
LaTeX Font Info:    Redeclaring math accent \check on input line 135.
LaTeX Font Info:    Redeclaring math accent \hat on input line 135.
LaTeX Font Info:    Redeclaring math accent \dot on input line 135.
LaTeX Font Info:    Redeclaring math accent \mathring on input line 135.
LaTeX Font Info:    Redeclaring math symbol \Gamma on input line 135.
LaTeX Font Info:    Redeclaring math symbol \Delta on input line 135.
LaTeX Font Info:    Redeclaring math symbol \Theta on input line 135.
LaTeX Font Info:    Redeclaring math symbol \Lambda on input line 135.
LaTeX Font Info:    Redeclaring math symbol \Xi on input line 135.
LaTeX Font Info:    Redeclaring math symbol \Pi on input line 135.
LaTeX Font Info:    Redeclaring math symbol \Sigma on input line 135.
LaTeX Font Info:    Redeclaring math symbol \Upsilon on input line 135.
LaTeX Font Info:    Redeclaring math symbol \Phi on input line 135.
LaTeX Font Info:    Redeclaring math symbol \Psi on input line 135.
LaTeX Font Info:    Redeclaring math symbol \Omega on input line 135.
LaTeX Font Info:    Redeclaring math symbol \mathdollar on input line 135.
LaTeX Font Info:    Redeclaring symbol font `operators' on input line 135.
LaTeX Font Info:    Encoding `OT1' has changed to `TU' for symbol font
(Font)              `operators' in the math version `normal' on input line 135.

LaTeX Font Info:    Overwriting symbol font `operators' in version `normal'
(Font)                  OT1/cmr/m/n --> TU/Arial(0)/m/n on input line 135.
LaTeX Font Info:    Encoding `OT1' has changed to `TU' for symbol font
(Font)              `operators' in the math version `bold' on input line 135.
LaTeX Font Info:    Overwriting symbol font `operators' in version `bold'
(Font)                  OT1/cmr/bx/n --> TU/Arial(0)/m/n on input line 135.
LaTeX Font Info:    Overwriting symbol font `operators' in version `normal'
(Font)                  TU/Arial(0)/m/n --> TU/Arial(0)/m/n on input line 135.
LaTeX Font Info:    Overwriting math alphabet `\mathit' in version `normal'
(Font)                  OT1/cmr/m/it --> TU/Arial(0)/m/it on input line 135.
LaTeX Font Info:    Overwriting math alphabet `\mathbf' in version `normal'
(Font)                  OT1/cmr/bx/n --> TU/Arial(0)/b/n on input line 135.
LaTeX Font Info:    Overwriting math alphabet `\mathsf' in version `normal'
(Font)                  OT1/cmss/m/n --> TU/Arial(0)/m/n on input line 135.
LaTeX Font Info:    Overwriting math alphabet `\mathtt' in version `normal'
(Font)                  OT1/cmtt/m/n --> TU/lmtt/m/n on input line 135.
LaTeX Font Info:    Overwriting symbol font `operators' in version `bold'
(Font)                  TU/Arial(0)/m/n --> TU/Arial(0)/b/n on input line 135.
LaTeX Font Info:    Overwriting math alphabet `\mathit' in version `bold'
(Font)                  OT1/cmr/bx/it --> TU/Arial(0)/b/it on input line 135.
LaTeX Font Info:    Overwriting math alphabet `\mathsf' in version `bold'
(Font)                  OT1/cmss/bx/n --> TU/Arial(0)/b/n on input line 135.
LaTeX Font Info:    Overwriting math alphabet `\mathtt' in version `bold'
(Font)                  OT1/cmtt/m/n --> TU/lmtt/b/n on input line 135.

Package pgfplots notification 'compat/show suggested version=true': document ha
s been generated with the most recent feature set (\pgfplotsset{compat=1.18}).


(C:/MiKTeX/tex/latex/translations/dicts/translations-basic-dictionary-spanish.t
rsl
File: translations-basic-dictionary-spanish.trsl (spanish translation file `tra
nslations-basic-dictionary')
)
Package translations Info: loading dictionary `translations-basic-dictionary' f
or `spanish'. on input line 135.
Package biblatex Info: Trying to load language 'spanish' -> 'spanish-apa'...
Package biblatex Info: ... file 'spanish-apa.lbx' found.
 (C:/MiKTeX/tex/latex/biblatex-apa/spanish-apa.lbx
File: spanish-apa.lbx 2025/08/27 v9.20 APA biblatex localisation
Package biblatex Info: Trying to load language 'spanish'...
Package biblatex Info: ... file 'spanish.lbx' found.

(C:/MiKTeX/tex/latex/biblatex/lbx/spanish.lbx
File: spanish.lbx 2025/07/10 v3.21 biblatex localization (PK/MW)
)
Package biblatex Info: Trying to load language 'spanish'...
Package biblatex Info: ... file 'spanish.lbx' found.

(C:/MiKTeX/tex/latex/biblatex/lbx/spanish.lbx
File: spanish.lbx 2025/07/10 v3.21 biblatex localization (PK/MW)
))
Package biblatex Info: LuaTeX detected.
(biblatex)             Assuming input encoding 'utf8'.
Package biblatex Info: Automatic encoding selection.
(biblatex)             Assuming data encoding 'utf8'.

\openout5 = slide3_verified_build.bcf
Package biblatex Info: Trying to load bibliographic data...
Package biblatex Info: ... file 'slide3_verified_build.bbl' found.
 (./slide3_verified_build.bbl)
Package biblatex Info: Reference section=0 on input line 135.
Package biblatex Info: Reference segment=0 on input line 135.

(./slide3_verified_build.nav)
<../imagenes/logo_UNI.png, id=34, 431.36156pt x 525.46312pt>
File: ../imagenes/logo_UNI.png Graphic file (type png)
<use ../imagenes/logo_UNI.png>
Package luatex.def Info: ../imagenes/logo_UNI.png  used on input line 176.
(luatex.def)             Requested size: 54.62706pt x 66.54063pt.
LaTeX Font Info:    Trying to load font information for U+msa on input line 176
.
 (C:/MiKTeX/tex/latex/amsfonts/umsa.fd
File: umsa.fd 2013/01/14 v3.01 AMS symbols A
)
LaTeX Font Info:    Trying to load font information for U+msb on input line 176
.

(C:/MiKTeX/tex/latex/amsfonts/umsb.fd
File: umsb.fd 2013/01/14 v3.01 AMS symbols B
)

[1

{C:/Users/QU1267/AppData/Local/MiKTeX/fonts/map/pdftex/pdftex.map}<../imagenes/l
ogo_UNI.png>]
LaTeX Font Info:    Calculating math sizes for size <8.4> on input line 232.


LaTeX Font Warning: Font shape `OML/cmm/m/it' in size <4.2> not available
(Font)              size <5> substituted on input line 232.


LaTeX Font Warning: Font shape `OMS/cmsy/m/n' in size <4.2> not available
(Font)              size <5> substituted on input line 232.



[2

]
LaTeX Font Info:    Calculating math sizes for size <5.05> on input line 327.


LaTeX Font Warning: Font shape `OML/cmm/m/it' in size <3.53497> not available
(Font)              size <5> substituted on input line 327.


LaTeX Font Warning: Font shape `OML/cmm/m/it' in size <2.525> not available
(Font)              size <5> substituted on input line 327.


LaTeX Font Warning: Font shape `OMS/cmsy/m/n' in size <3.53497> not available
(Font)              size <5> substituted on input line 327.


LaTeX Font Warning: Font shape `OMS/cmsy/m/n' in size <2.525> not available
(Font)              size <5> substituted on input line 327.


LaTeX Font Warning: Font shape `OT1/cmr/m/n' in size <3.53497> not available
(Font)              size <4> substituted on input line 327.


LaTeX Font Warning: Font shape `OT1/cmr/m/n' in size <2.525> not available
(Font)              size <3> substituted on input line 327.

LaTeX Font Info:    Calculating math sizes for size <5.1> on input line 327.

LaTeX Font Warning: Font shape `OML/cmm/m/it' in size <3.56998> not available
(Font)              size <5> substituted on input line 327.


LaTeX Font Warning: Font shape `OML/cmm/m/it' in size <2.55> not available
(Font)              size <5> substituted on input line 327.


LaTeX Font Warning: Font shape `OMS/cmsy/m/n' in size <3.56998> not available
(Font)              size <5> substituted on input line 327.


LaTeX Font Warning: Font shape `OMS/cmsy/m/n' in size <2.55> not available
(Font)              size <5> substituted on input line 327.


LaTeX Font Warning: Font shape `OT1/cmr/m/n' in size <3.56998> not available
(Font)              size <4> substituted on input line 327.


LaTeX Font Warning: Font shape `OT1/cmr/m/n' in size <2.55> not available
(Font)              size <3> substituted on input line 327.

LaTeX Font Info:    Calculating math sizes for size <5.7> on input line 327.

LaTeX Font Warning: Font shape `OML/cmm/m/it' in size <3.98997> not available
(Font)              size <5> substituted on input line 327.


LaTeX Font Warning: Font shape `OML/cmm/m/it' in size <2.84999> not available
(Font)              size <5> substituted on input line 327.


LaTeX Font Warning: Font shape `OMS/cmsy/m/n' in size <3.98997> not available
(Font)              size <5> substituted on input line 327.


LaTeX Font Warning: Font shape `OMS/cmsy/m/n' in size <2.84999> not available
(Font)              size <5> substituted on input line 327.

LaTeX Font Info:    Calculating math sizes for size <4.5> on input line 327.

LaTeX Font Warning: Font shape `OML/cmm/m/it' in size <4.5> not available
(Font)              size <5> substituted on input line 327.


LaTeX Font Warning: Font shape `OML/cmm/m/it' in size <3.14998> not available
(Font)              size <5> substituted on input line 327.


LaTeX Font Warning: Font shape `OML/cmm/m/it' in size <2.25> not available
(Font)              size <5> substituted on input line 327.


LaTeX Font Warning: Font shape `OMS/cmsy/m/n' in size <4.5> not available
(Font)              size <5> substituted on input line 327.


LaTeX Font Warning: Font shape `OMS/cmsy/m/n' in size <3.14998> not available
(Font)              size <5> substituted on input line 327.


LaTeX Font Warning: Font shape `OMS/cmsy/m/n' in size <2.25> not available
(Font)              size <5> substituted on input line 327.


LaTeX Font Warning: Font shape `OT1/cmr/m/n' in size <4.5> not available
(Font)              size <4> substituted on input line 327.


LaTeX Font Warning: Font shape `OT1/cmr/m/n' in size <2.25> not available
(Font)              size <3> substituted on input line 327.



[3

]
LaTeX Font Info:    Calculating math sizes for size <23> on input line 377.


LaTeX Font Warning: Font shape `OML/cmm/m/it' in size <23> not available
(Font)              size <24.88> substituted on input line 377.


LaTeX Font Warning: Font shape `OML/cmm/m/it' in size <16.09993> not available
(Font)              size <17.28> substituted on input line 377.


LaTeX Font Warning: Font shape `OML/cmm/m/it' in size <11.5> not available
(Font)              size <12> substituted on input line 377.


LaTeX Font Warning: Font shape `OMS/cmsy/m/n' in size <23> not available
(Font)              size <24.88> substituted on input line 377.


LaTeX Font Warning: Font shape `OMS/cmsy/m/n' in size <16.09993> not available
(Font)              size <17.28> substituted on input line 377.


LaTeX Font Warning: Font shape `OMS/cmsy/m/n' in size <11.5> not available
(Font)              size <12> substituted on input line 377.


LaTeX Font Warning: Font shape `OT1/cmr/m/n' in size <23> not available
(Font)              size <24.88> substituted on input line 377.


LaTeX Font Warning: Font shape `OT1/cmr/m/n' in size <16.09993> not available
(Font)              size <17.28> substituted on input line 377.


LaTeX Font Warning: Font shape `OT1/cmr/m/n' in size <11.5> not available
(Font)              size <12> substituted on input line 377.



[4

]
LaTeX Font Info:    Calculating math sizes for size <10.5> on input line 413.


LaTeX Font Warning: Font shape `OML/cmm/m/it' in size <10.5> not available
(Font)              size <10.95> substituted on input line 413.


LaTeX Font Warning: Font shape `OMS/cmsy/m/n' in size <10.5> not available
(Font)              size <10.95> substituted on input line 413.


LaTeX Font Warning: Font shape `OT1/cmr/m/n' in size <10.5> not available
(Font)              size <10.95> substituted on input line 413.



[5

]
LaTeX Font Info:    Calculating math sizes for size <9.5> on input line 462.


LaTeX Font Warning: Font shape `OML/cmm/m/it' in size <9.5> not available
(Font)              size <9> substituted on input line 462.


LaTeX Font Warning: Font shape `OMS/cmsy/m/n' in size <9.5> not available
(Font)              size <9> substituted on input line 462.


LaTeX Font Warning: Font shape `OT1/cmr/m/n' in size <9.5> not available
(Font)              size <9> substituted on input line 462.



[6

]
LaTeX Font Info:    Calculating math sizes for size <13> on input line 486.


LaTeX Font Warning: Font shape `OML/cmm/m/it' in size <13> not available
(Font)              size <12> substituted on input line 486.


LaTeX Font Warning: Font shape `OML/cmm/m/it' in size <6.5> not available
(Font)              size <6> substituted on input line 486.


LaTeX Font Warning: Font shape `OMS/cmsy/m/n' in size <13> not available
(Font)              size <12> substituted on input line 486.


LaTeX Font Warning: Font shape `OMS/cmsy/m/n' in size <6.5> not available
(Font)              size <6> substituted on input line 486.


LaTeX Font Warning: Font shape `OT1/cmr/m/n' in size <13> not available
(Font)              size <12> substituted on input line 486.


LaTeX Font Warning: Font shape `OT1/cmr/m/n' in size <6.5> not available
(Font)              size <6> substituted on input line 486.

LaTeX Font Info:    Calculating math sizes for size <13.5> on input line 486.

LaTeX Font Warning: Font shape `OML/cmm/m/it' in size <13.5> not available
(Font)              size <14.4> substituted on input line 486.


LaTeX Font Warning: Font shape `OML/cmm/m/it' in size <9.44995> not available
(Font)              size <9> substituted on input line 486.


LaTeX Font Warning: Font shape `OMS/cmsy/m/n' in size <13.5> not available
(Font)              size <14.4> substituted on input line 486.


LaTeX Font Warning: Font shape `OMS/cmsy/m/n' in size <9.44995> not available
(Font)              size <9> substituted on input line 486.


LaTeX Font Warning: Font shape `OT1/cmr/m/n' in size <13.5> not available
(Font)              size <14.4> substituted on input line 486.


LaTeX Font Warning: Font shape `OT1/cmr/m/n' in size <9.44995> not available
(Font)              size <9> substituted on input line 486.



[7

]
<../imagenes/enescu_trench_xsection_es.png, id=157, 1930.21124pt x 820.06375pt>

File: ../imagenes/enescu_trench_xsection_es.png Graphic file (type png)
<use ../imagenes/enescu_trench_xsection_es.png>
Package luatex.def Info: ../imagenes/enescu_trench_xsection_es.png  used on inp
ut line 509.
(luatex.def)             Requested size: 174.97798pt x 74.3406pt.
LaTeX Font Info:    Calculating math sizes for size <11.2> on input line 509.


LaTeX Font Warning: Font shape `OML/cmm/m/it' in size <5.59999> not available
(Font)              size <6> substituted on input line 509.


LaTeX Font Warning: Font shape `OMS/cmsy/m/n' in size <5.59999> not available
(Font)              size <6> substituted on input line 509.


LaTeX Font Warning: Font shape `OT1/cmr/m/n' in size <5.59999> not available
(Font)              size <6> substituted on input line 509.



[8

<../imagenes/enescu_trench_xsection_es.png>]
LaTeX Font Info:    Calculating math sizes for size <15> on input line 528.


LaTeX Font Warning: Font shape `OML/cmm/m/it' in size <15> not available
(Font)              size <14.4> substituted on input line 528.


LaTeX Font Warning: Font shape `OML/cmm/m/it' in size <10.49995> not available
(Font)              size <10.95> substituted on input line 528.


LaTeX Font Warning: Font shape `OML/cmm/m/it' in size <7.5> not available
(Font)              size <7> substituted on input line 528.


LaTeX Font Warning: Font shape `OMS/cmsy/m/n' in size <15> not available
(Font)              size <14.4> substituted on input line 528.


LaTeX Font Warning: Font shape `OMS/cmsy/m/n' in size <10.49995> not available
(Font)              size <10.95> substituted on input line 528.


LaTeX Font Warning: Font shape `OMS/cmsy/m/n' in size <7.5> not available
(Font)              size <7> substituted on input line 528.


LaTeX Font Warning: Font shape `OT1/cmr/m/n' in size <15> not available
(Font)              size <14.4> substituted on input line 528.


LaTeX Font Warning: Font shape `OT1/cmr/m/n' in size <10.49995> not available
(Font)              size <10.95> substituted on input line 528.


LaTeX Font Warning: Font shape `OT1/cmr/m/n' in size <7.5> not available
(Font)              size <7> substituted on input line 528.



[9

]
<../../examples/kim_2024_154kv_bedding/results_multilayer_research/k_field_case
_A.png, id=186, 679.338pt x 425.9112pt>
File: ../../examples/kim_2024_154kv_bedding/results_multilayer_research/k_field
_case_A.png Graphic file (type png)
<use ../../examples/kim_2024_154kv_bedding/results_multilayer_research/k_field_
case_A.png>
Package luatex.def Info: ../../examples/kim_2024_154kv_bedding/results_multilay
er_research/k_field_case_A.png  used on input line 547.
(luatex.def)             Requested size: 175.62859pt x 110.1104pt.
LaTeX Font Info:    Calculating math sizes for size <16> on input line 547.


LaTeX Font Warning: Font shape `OML/cmm/m/it' in size <16> not available
(Font)              size <17.28> substituted on input line 547.


LaTeX Font Warning: Font shape `OMS/cmsy/m/n' in size <16> not available
(Font)              size <17.28> substituted on input line 547.


LaTeX Font Warning: Font shape `OT1/cmr/m/n' in size <16> not available
(Font)              size <17.28> substituted on input line 547.

<../../examples/kim_2024_154kv_bedding/results_multilayer_research/temperature_
field_case_A.png, id=187, 493.3632pt x 354.123pt>
File: ../../examples/kim_2024_154kv_bedding/results_multilayer_research/tempera
ture_field_case_A.png Graphic file (type png)
<use ../../examples/kim_2024_154kv_bedding/results_multilayer_research/temperat
ure_field_case_A.png>
Package luatex.def Info: ../../examples/kim_2024_154kv_bedding/results_multilay
er_research/temperature_field_case_A.png  used on input line 547.
(luatex.def)             Requested size: 153.40022pt x 110.1066pt.
LaTeX Font Info:    Calculating math sizes for size <20> on input line 547.

LaTeX Font Warning: Font shape `OML/cmm/m/it' in size <20> not available
(Font)              size <20.74> substituted on input line 547.


LaTeX Font Warning: Font shape `OML/cmm/m/it' in size <13.99994> not available
(Font)              size <14.4> substituted on input line 547.


LaTeX Font Warning: Font shape `OMS/cmsy/m/n' in size <20> not available
(Font)              size <20.74> substituted on input line 547.


LaTeX Font Warning: Font shape `OMS/cmsy/m/n' in size <13.99994> not available
(Font)              size <14.4> substituted on input line 547.


LaTeX Font Warning: Font shape `OT1/cmr/m/n' in size <20> not available
(Font)              size <20.74> substituted on input line 547.


LaTeX Font Warning: Font shape `OT1/cmr/m/n' in size <13.99994> not available
(Font)              size <14.4> substituted on input line 547.



[10

<../../examples/kim_2024_154kv_bedding/results_multilayer_research/k_field_case_
A.png><../../examples/kim_2024_154kv_bedding/results_multilayer_research/tempera
ture_field_case_A.png>]

[11

]
LaTeX Font Info:    Calculating math sizes for size <18.5> on input line 586.


LaTeX Font Warning: Font shape `OML/cmm/m/it' in size <18.5> not available
(Font)              size <17.28> substituted on input line 586.


LaTeX Font Warning: Font shape `OML/cmm/m/it' in size <12.94994> not available
(Font)              size <12> substituted on input line 586.


LaTeX Font Warning: Font shape `OMS/cmsy/m/n' in size <18.5> not available
(Font)              size <17.28> substituted on input line 586.


LaTeX Font Warning: Font shape `OMS/cmsy/m/n' in size <12.94994> not available
(Font)              size <12> substituted on input line 586.


LaTeX Font Warning: Font shape `OT1/cmr/m/n' in size <18.5> not available
(Font)              size <17.28> substituted on input line 586.


LaTeX Font Warning: Font shape `OT1/cmr/m/n' in size <12.94994> not available
(Font)              size <12> substituted on input line 586.



[12

]

[13

]

[14

]

[15

]

[16

]
LaTeX Font Info:    Calculating math sizes for size <11.5> on input line 701.


[17

]
LaTeX Font Info:    Calculating math sizes for size <12.5> on input line 723.


LaTeX Font Warning: Font shape `OML/cmm/m/it' in size <12.5> not available
(Font)              size <12> substituted on input line 723.


LaTeX Font Warning: Font shape `OMS/cmsy/m/n' in size <12.5> not available
(Font)              size <12> substituted on input line 723.


LaTeX Font Warning: Font shape `OT1/cmr/m/n' in size <12.5> not available
(Font)              size <12> substituted on input line 723.



[18

]

[19

]

[20

]

[21

]

[22

]

[23

]







[24

<C:/MiKTeX/tex/latex/beamer/beamericonarticle.pdf>]
LaTeX Font Info:    Calculating math sizes for size <7.8> on input line 848.


LaTeX Font Warning: Font shape `OML/cmm/m/it' in size <5.45998> not available
(Font)              size <5> substituted on input line 848.


LaTeX Font Warning: Font shape `OML/cmm/m/it' in size <3.9> not available
(Font)              size <5> substituted on input line 848.


LaTeX Font Warning: Font shape `OMS/cmsy/m/n' in size <5.45998> not available
(Font)              size <5> substituted on input line 848.


LaTeX Font Warning: Font shape `OMS/cmsy/m/n' in size <3.9> not available
(Font)              size <5> substituted on input line 848.


LaTeX Font Warning: Font shape `OT1/cmr/m/n' in size <5.45998> not available
(Font)              size <5> substituted on input line 848.











[25

]
\tf@nav=\write7

\openout7 = slide3_verified_build.nav
\tf@toc=\write8

\openout8 = slide3_verified_build.toc
\tf@snm=\write9

\openout9 = slide3_verified_build.snm
 (./slide3_verified_build.aux
LaTeX Info: Redefining \sptext on input line 9.
LaTeX Info: Redefining \. on input line 9.
LaTeX Info: Redefining \% on input line 9.
)
 ***********
LaTeX2e <2025-06-01> patch level 1
L3 programming layer <2025-09-02>
 ***********


LaTeX Font Warning: Size substitutions with differences
(Font)              up to 2.75pt have occurred.


LaTeX Warning: Label(s) may have changed. Rerun to get cross-references right.

Package rerunfilecheck Info: File `slide3_verified_build.out' has not changed.
(rerunfilecheck)             Checksum: 56461472D2398242E509EBD0AA68208C;591.
Package logreq Info: Writing requests to 'slide3_verified_build.run.xml'.

\openout1 = slide3_verified_build.run.xml
)

Here is how much of LuaTeX's memory you used:
 55024 strings out of 476291
 195454,2373549 words of node,token memory allocated
 30817 words of node memory still in use:
   129 hlist, 11 vlist, 17 rule, 349 disc, 15 local_par, 2 math, 575 glue, 13 ke
rn, 109 penalty, 2386 glyph, 1012 attribute, 75 glue_spec, 508 attribute_list, 1
6 write, 37 pdf_literal, 1 pdf_start_link, 1 pdf_end_link, 12 pdf_dest, 1 pdf_ac
tion, 144 pdf_colorstack nodes
   avail lists: 1:1,2:9575,3:4290,4:418,5:101,6:152,7:9146,8:87,9:1694,10:20,11:
1067
 75885 multiletter control sequences out of 65536+600000
 370 fonts using 97379263 bytes
 128i,14n,116p,1211b,2805s stack positions out of 10000i,1000n,20000p,200000b,200000s
<C:/WINDOWS/Fonts/arialni.ttf><C:/WINDOWS/Fonts/arial.ttf><C:/WINDOWS/Fonts/aria
lbd.ttf><C:/MiKTeX/fonts/type1/public/amsfonts/cm/cmmi10.pfb><C:/MiKTeX/fonts/ty
pe1/public/amsfonts/cm/cmmi12.pfb><C:/MiKTeX/fonts/type1/public/amsfonts/cm/cmmi
5.pfb><C:/MiKTeX/fonts/type1/public/amsfonts/cm/cmmi6.pfb><C:/MiKTeX/fonts/type1
/public/amsfonts/cm/cmmi7.pfb><C:/MiKTeX/fonts/type1/public/amsfonts/cm/cmmi8.pf
b><C:/MiKTeX/fonts/type1/public/amsfonts/cm/cmmi9.pfb><C:/MiKTeX/fonts/type1/pub
lic/amsfonts/cm/cmr10.pfb><C:/MiKTeX/fonts/type1/public/amsfonts/cm/cmr12.pfb><C
:/MiKTeX/fonts/type1/public/amsfonts/cm/cmr17.pfb><C:/MiKTeX/fonts/type1/public/
amsfonts/cm/cmr5.pfb><C:/MiKTeX/fonts/type1/public/amsfonts/cm/cmr6.pfb><C:/MiKT
eX/fonts/type1/public/amsfonts/cm/cmr7.pfb><C:/MiKTeX/fonts/type1/public/amsfont
s/cm/cmr8.pfb><C:/MiKTeX/fonts/type1/public/amsfonts/cm/cmr9.pfb><C:/MiKTeX/font
s/type1/public/amsfonts/cm/cmsy10.pfb><C:/MiKTeX/fonts/type1/public/amsfonts/cm/
cmsy5.pfb><C:/MiKTeX/fonts/type1/public/amsfonts/cm/cmsy8.pfb>
Output written on slide3_verified_build.pdf (25 pages, 1881503 bytes).

PDF statistics: 477 PDF objects out of 1000 (max. 8388607)
 76 named destinations out of 1000 (max. 131072)
 56 words of extra memory for PDF output out of 10000 (max. 100000000)

